[0084.27] Log: Log file open, 08/11/20 20:51:34
[0084.27] Log: FLevelSaver: 393216 bytes
[0084.27] Log: m_ObjectDictionarySaver: 131072 bytes
[0084.27] Log: m_ObjectDictionary: 395520 bytes for 9153 items
[0084.27] Log: m_SavedObjects: 288960 bytes for 7304 items
[0126.42] Log: FLevelSaver: 393216 bytes
[0126.42] Log: m_ObjectDictionarySaver: 131072 bytes
[0126.42] Log: m_ObjectDictionary: 395520 bytes for 10312 items
[0126.42] Log: m_SavedObjects: 305344 bytes for 8406 items
[0146.40] Log: FLevelSaver: 393216 bytes
[0146.40] Log: m_ObjectDictionarySaver: 131072 bytes
[0146.40] Log: m_ObjectDictionary: 395520 bytes for 10313 items
[0146.40] Log: m_SavedObjects: 305344 bytes for 8406 items
[0148.82] Log: FLevelSaver: 393216 bytes
[0148.82] Log: m_ObjectDictionarySaver: 131072 bytes
[0148.82] Log: m_ObjectDictionary: 395520 bytes for 10581 items
[0148.82] Log: m_SavedObjects: 305344 bytes for 8669 items
[0199.40] Log: FLevelSaver: 393216 bytes
[0199.40] Log: m_ObjectDictionarySaver: 131072 bytes
[0199.40] Log: m_ObjectDictionary: 395520 bytes for 15143 items
[0199.40] Log: m_SavedObjects: 305344 bytes for 13014 items
[0223.75] Log: FLevelSaver: 393216 bytes
[0223.75] Log: m_ObjectDictionarySaver: 131072 bytes
[0223.75] Log: m_ObjectDictionary: 395520 bytes for 15138 items
[0223.75] Log: m_SavedObjects: 305344 bytes for 13007 items
[0279.28] Log: FLevelSaver: 393216 bytes
[0279.28] Log: m_ObjectDictionarySaver: 131072 bytes
[0279.28] Log: m_ObjectDictionary: 395520 bytes for 14317 items
[0279.28] Log: m_SavedObjects: 305344 bytes for 12205 items
[0322.66] Log: FLevelSaver: 393216 bytes
[0322.66] Log: m_ObjectDictionarySaver: 131072 bytes
[0322.66] Log: m_ObjectDictionary: 395520 bytes for 14334 items
[0322.66] Log: m_SavedObjects: 305344 bytes for 12214 items
[0480.84] Log: FLevelSaver: 393216 bytes
[0480.84] Log: m_ObjectDictionarySaver: 131072 bytes
[0480.84] Log: m_ObjectDictionary: 395520 bytes for 14906 items
[0480.84] Log: m_SavedObjects: 305344 bytes for 12762 items
[0492.24] Log: FLevelSaver: 393216 bytes
[0492.24] Log: m_ObjectDictionarySaver: 131072 bytes
[0492.24] Log: m_ObjectDictionary: 395520 bytes for 14898 items
[0492.24] Log: m_SavedObjects: 305344 bytes for 12761 items
[0533.77] Log: FLevelSaver: 393216 bytes
[0533.77] Log: m_ObjectDictionarySaver: 131072 bytes
[0533.77] Log: m_ObjectDictionary: 395520 bytes for 14884 items
[0533.77] Log: m_SavedObjects: 305344 bytes for 12746 items
[0548.25] Log: FLevelSaver: 393216 bytes
[0548.25] Log: m_ObjectDictionarySaver: 131072 bytes
[0548.25] Log: m_ObjectDictionary: 395520 bytes for 14894 items
[0548.25] Log: m_SavedObjects: 305344 bytes for 12753 items
[0578.30] Log: FLevelSaver: 393216 bytes
[0578.30] Log: m_ObjectDictionarySaver: 131072 bytes
[0578.30] Log: m_ObjectDictionary: 395520 bytes for 14886 items
[0578.30] Log: m_SavedObjects: 305344 bytes for 12747 items
[0604.79] Log: FLevelSaver: 393216 bytes
[0604.79] Log: m_ObjectDictionarySaver: 131072 bytes
[0604.79] Log: m_ObjectDictionary: 395520 bytes for 14890 items
[0604.79] Log: m_SavedObjects: 305344 bytes for 12749 items
[0615.11] Log: FLevelSaver: 393216 bytes
[0615.11] Log: m_ObjectDictionarySaver: 131072 bytes
[0615.11] Log: m_ObjectDictionary: 395520 bytes for 14881 items
[0615.11] Log: m_SavedObjects: 305344 bytes for 12743 items
[0652.81] Log: FLevelSaver: 393216 bytes
[0652.81] Log: m_ObjectDictionarySaver: 131072 bytes
[0652.81] Log: m_ObjectDictionary: 395520 bytes for 14877 items
[0652.81] Log: m_SavedObjects: 305344 bytes for 12733 items
[0741.78] Log: FLevelSaver: 393216 bytes
[0741.78] Log: m_ObjectDictionarySaver: 131072 bytes
[0741.78] Log: m_ObjectDictionary: 395520 bytes for 14881 items
[0741.78] Log: m_SavedObjects: 305344 bytes for 12736 items
[0779.97] Log: FLevelSaver: 393216 bytes
[0779.97] Log: m_ObjectDictionarySaver: 131072 bytes
[0779.97] Log: m_ObjectDictionary: 395520 bytes for 14887 items
[0779.97] Log: m_SavedObjects: 305344 bytes for 12739 items
[0836.90] Log: FLevelSaver: 393216 bytes
[0836.90] Log: m_ObjectDictionarySaver: 131072 bytes
[0836.90] Log: m_ObjectDictionary: 395520 bytes for 14616 items
[0836.90] Log: m_SavedObjects: 305344 bytes for 12475 items
[0879.36] Log: FLevelSaver: 393216 bytes
[0879.36] Log: m_ObjectDictionarySaver: 131072 bytes
[0879.36] Log: m_ObjectDictionary: 395520 bytes for 14623 items
[0879.36] Log: m_SavedObjects: 305344 bytes for 12478 items
[0883.80] Log: FLevelSaver: 393216 bytes
[0883.80] Log: m_ObjectDictionarySaver: 131072 bytes
[0883.80] Log: m_ObjectDictionary: 395520 bytes for 14621 items
[0883.80] Log: m_SavedObjects: 305344 bytes for 12476 items
[0927.21] Log: FLevelSaver: 393216 bytes
[0927.21] Log: m_ObjectDictionarySaver: 131072 bytes
[0927.21] Log: m_ObjectDictionary: 395520 bytes for 14352 items
[0927.21] Log: m_SavedObjects: 305344 bytes for 12211 items
[0945.00] Log: FLevelSaver: 393216 bytes
[0945.00] Log: m_ObjectDictionarySaver: 131072 bytes
[0945.00] Log: m_ObjectDictionary: 395520 bytes for 14355 items
[0945.00] Log: m_SavedObjects: 305344 bytes for 12215 items
[0969.88] Log: FLevelSaver: 393216 bytes
[0969.88] Log: m_ObjectDictionarySaver: 131072 bytes
[0969.88] Log: m_ObjectDictionary: 395520 bytes for 14348 items
[0969.88] Log: m_SavedObjects: 305344 bytes for 12210 items
[1000.35] Log: FLevelSaver: 393216 bytes
[1000.35] Log: m_ObjectDictionarySaver: 131072 bytes
[1000.35] Log: m_ObjectDictionary: 395520 bytes for 14355 items
[1000.35] Log: m_SavedObjects: 305344 bytes for 12220 items
[1033.71] Log: FLevelSaver: 393216 bytes
[1033.71] Log: m_ObjectDictionarySaver: 131072 bytes
[1033.71] Log: m_ObjectDictionary: 395520 bytes for 14344 items
[1033.71] Log: m_SavedObjects: 305344 bytes for 12206 items
[1061.04] Log: FLevelSaver: 393216 bytes
[1061.04] Log: m_ObjectDictionarySaver: 131072 bytes
[1061.04] Log: m_ObjectDictionary: 395520 bytes for 14348 items
[1061.04] Log: m_SavedObjects: 305344 bytes for 12208 items
[1103.08] Log: FLevelSaver: 393216 bytes
[1103.08] Log: m_ObjectDictionarySaver: 131072 bytes
[1103.08] Log: m_ObjectDictionary: 395520 bytes for 14338 items
[1103.08] Log: m_SavedObjects: 305344 bytes for 12202 items
[1235.41] Log: FLevelSaver: 393216 bytes
[1235.41] Log: m_ObjectDictionarySaver: 131072 bytes
[1235.41] Log: m_ObjectDictionary: 395520 bytes for 14341 items
[1235.41] Log: m_SavedObjects: 305344 bytes for 12203 items
[1279.02] Log: FLevelSaver: 393216 bytes
[1279.02] Log: m_ObjectDictionarySaver: 131072 bytes
[1279.02] Log: m_ObjectDictionary: 395520 bytes for 14074 items
[1279.02] Log: m_SavedObjects: 305344 bytes for 11936 items
[1331.77] Log: FLevelSaver: 393216 bytes
[1331.77] Log: m_ObjectDictionarySaver: 131072 bytes
[1331.77] Log: m_ObjectDictionary: 395520 bytes for 14067 items
[1331.77] Log: m_SavedObjects: 305344 bytes for 11925 items
[1381.99] Log: FLevelSaver: 393216 bytes
[1381.99] Log: m_ObjectDictionarySaver: 131072 bytes
[1381.99] Log: m_ObjectDictionary: 395520 bytes for 13818 items
[1381.99] Log: m_SavedObjects: 305344 bytes for 11688 items
[1388.84] Log: FLevelSaver: 393216 bytes
[1388.84] Log: m_ObjectDictionarySaver: 131072 bytes
[1388.84] Log: m_ObjectDictionary: 395520 bytes for 14110 items
[1388.84] Log: m_SavedObjects: 305344 bytes for 11969 items
[1399.20] Log: FLevelSaver: 393216 bytes
[1399.20] Log: m_ObjectDictionarySaver: 131072 bytes
[1399.20] Log: m_ObjectDictionary: 395520 bytes for 14077 items
[1399.20] Log: m_SavedObjects: 305344 bytes for 11939 items
[1433.84] Log: FLevelSaver: 393216 bytes
[1433.84] Log: m_ObjectDictionarySaver: 131072 bytes
[1433.84] Log: m_ObjectDictionary: 395520 bytes for 14082 items
[1433.84] Log: m_SavedObjects: 305344 bytes for 11944 items
[1451.68] Log: FLevelSaver: 393216 bytes
[1451.68] Log: m_ObjectDictionarySaver: 131072 bytes
[1451.68] Log: m_ObjectDictionary: 395520 bytes for 13809 items
[1451.68] Log: m_SavedObjects: 305344 bytes for 11674 items
[1499.08] Log: FLevelSaver: 393216 bytes
[1499.08] Log: m_ObjectDictionarySaver: 131072 bytes
[1499.08] Log: m_ObjectDictionary: 395520 bytes for 14087 items
[1499.08] Log: m_SavedObjects: 305344 bytes for 11946 items
[1546.90] Log: FLevelSaver: 393216 bytes
[1546.90] Log: m_ObjectDictionarySaver: 131072 bytes
[1546.90] Log: m_ObjectDictionary: 395520 bytes for 13805 items
[1546.90] Log: m_SavedObjects: 305344 bytes for 11671 items
[1632.20] Log: FLevelSaver: 393216 bytes
[1632.20] Log: m_ObjectDictionarySaver: 131072 bytes
[1632.20] Log: m_ObjectDictionary: 395520 bytes for 13539 items
[1632.20] Log: m_SavedObjects: 305344 bytes for 11408 items
[1674.48] Log: FLevelSaver: 393216 bytes
[1674.48] Log: m_ObjectDictionarySaver: 131072 bytes
[1674.48] Log: m_ObjectDictionary: 395520 bytes for 13542 items
[1674.48] Log: m_SavedObjects: 305344 bytes for 11409 items
[1743.50] Log: FLevelSaver: 393216 bytes
[1743.50] Log: m_ObjectDictionarySaver: 131072 bytes
[1743.50] Log: m_ObjectDictionary: 395520 bytes for 13543 items
[1743.50] Log: m_SavedObjects: 305344 bytes for 11408 items
[1854.93] Log: FLevelSaver: 393216 bytes
[1854.93] Log: m_ObjectDictionarySaver: 131072 bytes
[1854.93] Log: m_ObjectDictionary: 395520 bytes for 13030 items
[1854.93] Log: m_SavedObjects: 305344 bytes for 10901 items
[1990.21] Log: FLevelSaver: 393216 bytes
[1990.21] Log: m_ObjectDictionarySaver: 131072 bytes
[1990.21] Log: m_ObjectDictionary: 395520 bytes for 14084 items
[1990.21] Log: m_SavedObjects: 305344 bytes for 11945 items
[2003.16] Log: FLevelSaver: 393216 bytes
[2003.16] Log: m_ObjectDictionarySaver: 131072 bytes
[2003.16] Log: m_ObjectDictionary: 395520 bytes for 14084 items
[2003.16] Log: m_SavedObjects: 305344 bytes for 11944 items
[2055.47] Log: FLevelSaver: 393216 bytes
[2055.47] Log: m_ObjectDictionarySaver: 131072 bytes
[2055.47] Log: m_ObjectDictionary: 395520 bytes for 13806 items
[2055.47] Log: m_SavedObjects: 305344 bytes for 11674 items
[2098.82] Log: FLevelSaver: 393216 bytes
[2098.82] Log: m_ObjectDictionarySaver: 131072 bytes
[2098.82] Log: m_ObjectDictionary: 395520 bytes for 13544 items
[2098.82] Log: m_SavedObjects: 305344 bytes for 11411 items
[2122.32] Log: FLevelSaver: 393216 bytes
[2122.32] Log: m_ObjectDictionarySaver: 131072 bytes
[2122.32] Log: m_ObjectDictionary: 395520 bytes for 13541 items
[2122.32] Log: m_SavedObjects: 305344 bytes for 11408 items
[2133.76] Log: FLevelSaver: 393216 bytes
[2133.76] Log: m_ObjectDictionarySaver: 131072 bytes
[2133.76] Log: m_ObjectDictionary: 395520 bytes for 13545 items
[2133.76] Log: m_SavedObjects: 305344 bytes for 11411 items
[2170.88] Log: FLevelSaver: 393216 bytes
[2170.88] Log: m_ObjectDictionarySaver: 131072 bytes
[2170.88] Log: m_ObjectDictionary: 395520 bytes for 13259 items
[2170.88] Log: m_SavedObjects: 305344 bytes for 11135 items
[2179.93] Log: FLevelSaver: 393216 bytes
[2179.93] Log: m_ObjectDictionarySaver: 131072 bytes
[2179.93] Log: m_ObjectDictionary: 395520 bytes for 13256 items
[2179.93] Log: m_SavedObjects: 305344 bytes for 11133 items
[2213.52] Log: FLevelSaver: 393216 bytes
[2213.52] Log: m_ObjectDictionarySaver: 131072 bytes
[2213.52] Log: m_ObjectDictionary: 395520 bytes for 13015 items
[2213.52] Log: m_SavedObjects: 305344 bytes for 10897 items
[2262.48] Log: FLevelSaver: 393216 bytes
[2262.48] Log: m_ObjectDictionarySaver: 131072 bytes
[2262.48] Log: m_ObjectDictionary: 395520 bytes for 13012 items
[2262.48] Log: m_SavedObjects: 305344 bytes for 10895 items
[2311.87] Log: FLevelSaver: 393216 bytes
[2311.87] Log: m_ObjectDictionarySaver: 131072 bytes
[2311.87] Log: m_ObjectDictionary: 395520 bytes for 12755 items
[2311.87] Log: m_SavedObjects: 305344 bytes for 10632 items
[2337.52] Log: FLevelSaver: 393216 bytes
[2337.52] Log: m_ObjectDictionarySaver: 131072 bytes
[2337.52] Log: m_ObjectDictionary: 395520 bytes for 12757 items
[2337.52] Log: m_SavedObjects: 305344 bytes for 10634 items
[2423.54] Log: FLevelSaver: 393216 bytes
[2423.54] Log: m_ObjectDictionarySaver: 131072 bytes
[2423.54] Log: m_ObjectDictionary: 379136 bytes for 6939 items
[2423.54] Log: m_SavedObjects: 288960 bytes for 5691 items
[2619.74] Log: FLevelSaver: 393216 bytes
[2619.74] Log: m_ObjectDictionarySaver: 131072 bytes
[2619.74] Log: m_ObjectDictionary: 395520 bytes for 9112 items
[2619.74] Log: m_SavedObjects: 288960 bytes for 7752 items
[2625.19] Log: Closing by request
[2626.30] Log: Log file closed, 08/11/20 21:33:56
