[0272.59] Log: Log file open, 08/09/20 17:55:51
[0272.59] Log: FLevelSaver: 393216 bytes
[0272.59] Log: m_ObjectDictionarySaver: 131072 bytes
[0272.59] Log: m_ObjectDictionary: 379136 bytes for 8133 items
[0272.59] Log: m_SavedObjects: 288960 bytes for 6093 items
[0384.38] Log: FLevelSaver: 393216 bytes
[0384.38] Log: m_ObjectDictionarySaver: 131072 bytes
[0384.38] Log: m_ObjectDictionary: 395520 bytes for 11385 items
[0384.38] Log: m_SavedObjects: 305344 bytes for 9407 items
[0404.39] Log: FLevelSaver: 393216 bytes
[0404.39] Log: m_ObjectDictionarySaver: 131072 bytes
[0404.39] Log: m_ObjectDictionary: 395520 bytes for 11406 items
[0404.39] Log: m_SavedObjects: 305344 bytes for 9420 items
[0426.72] Log: FLevelSaver: 393216 bytes
[0426.72] Log: m_ObjectDictionarySaver: 131072 bytes
[0426.72] Log: m_ObjectDictionary: 395520 bytes for 11399 items
[0426.72] Log: m_SavedObjects: 305344 bytes for 9416 items
[0510.98] Log: FLevelSaver: 393216 bytes
[0510.98] Log: m_ObjectDictionarySaver: 131072 bytes
[0510.98] Log: m_ObjectDictionary: 395520 bytes for 11401 items
[0510.98] Log: m_SavedObjects: 305344 bytes for 9417 items
[0630.96] Log: FLevelSaver: 393216 bytes
[0630.96] Log: m_ObjectDictionarySaver: 131072 bytes
[0630.96] Log: m_ObjectDictionary: 395520 bytes for 11408 items
[0630.96] Log: m_SavedObjects: 305344 bytes for 9418 items
[0781.51] Log: FLevelSaver: 393216 bytes
[0781.51] Log: m_ObjectDictionarySaver: 131072 bytes
[0781.51] Log: m_ObjectDictionary: 395520 bytes for 11808 items
[0781.51] Log: m_SavedObjects: 305344 bytes for 9745 items
[0800.67] Log: FLevelSaver: 393216 bytes
[0800.67] Log: m_ObjectDictionarySaver: 131072 bytes
[0800.67] Log: m_ObjectDictionary: 395520 bytes for 11818 items
[0800.67] Log: m_SavedObjects: 305344 bytes for 9746 items
[0827.01] Log: FLevelSaver: 393216 bytes
[0827.01] Log: m_ObjectDictionarySaver: 131072 bytes
[0827.01] Log: m_ObjectDictionary: 395520 bytes for 11824 items
[0827.01] Log: m_SavedObjects: 305344 bytes for 9758 items
[0842.38] Log: FLevelSaver: 393216 bytes
[0842.38] Log: m_ObjectDictionarySaver: 131072 bytes
[0842.38] Log: m_ObjectDictionary: 395520 bytes for 11820 items
[0842.38] Log: m_SavedObjects: 305344 bytes for 9753 items
[0862.89] Log: FLevelSaver: 393216 bytes
[0862.89] Log: m_ObjectDictionarySaver: 131072 bytes
[0862.89] Log: m_ObjectDictionary: 395520 bytes for 11827 items
[0862.89] Log: m_SavedObjects: 305344 bytes for 9756 items
[0913.04] Log: FLevelSaver: 393216 bytes
[0913.04] Log: m_ObjectDictionarySaver: 131072 bytes
[0913.04] Log: m_ObjectDictionary: 395520 bytes for 11814 items
[0913.04] Log: m_SavedObjects: 305344 bytes for 9742 items
[0919.08] Log: FLevelSaver: 393216 bytes
[0919.08] Log: m_ObjectDictionarySaver: 131072 bytes
[0919.08] Log: m_ObjectDictionary: 395520 bytes for 11623 items
[0919.08] Log: m_SavedObjects: 305344 bytes for 9584 items
[0953.99] Log: FLevelSaver: 393216 bytes
[0953.99] Log: m_ObjectDictionarySaver: 131072 bytes
[0953.99] Log: m_ObjectDictionary: 395520 bytes for 11631 items
[0953.99] Log: m_SavedObjects: 305344 bytes for 9590 items
[1103.46] Log: FLevelSaver: 393216 bytes
[1103.46] Log: m_ObjectDictionarySaver: 131072 bytes
[1103.46] Log: m_ObjectDictionary: 395520 bytes for 11630 items
[1103.46] Log: m_SavedObjects: 305344 bytes for 9589 items
[1283.83] Log: FLevelSaver: 393216 bytes
[1283.83] Log: m_ObjectDictionarySaver: 131072 bytes
[1283.83] Log: m_ObjectDictionary: 395520 bytes for 11623 items
[1283.83] Log: m_SavedObjects: 305344 bytes for 9580 items
[1331.68] Log: FLevelSaver: 393216 bytes
[1331.68] Log: m_ObjectDictionarySaver: 131072 bytes
[1331.68] Log: m_ObjectDictionary: 395520 bytes for 11668 items
[1331.68] Log: m_SavedObjects: 305344 bytes for 9616 items
[1396.31] Log: FLevelSaver: 393216 bytes
[1396.31] Log: m_ObjectDictionarySaver: 131072 bytes
[1396.31] Log: m_ObjectDictionary: 395520 bytes for 12153 items
[1396.31] Log: m_SavedObjects: 305344 bytes for 10091 items
[1409.27] Log: FLevelSaver: 393216 bytes
[1409.27] Log: m_ObjectDictionarySaver: 131072 bytes
[1409.27] Log: m_ObjectDictionary: 395520 bytes for 12156 items
[1409.27] Log: m_SavedObjects: 305344 bytes for 10094 items
[1439.24] Log: FLevelSaver: 393216 bytes
[1439.24] Log: m_ObjectDictionarySaver: 131072 bytes
[1439.24] Log: m_ObjectDictionary: 395520 bytes for 12116 items
[1439.24] Log: m_SavedObjects: 305344 bytes for 10061 items
[1480.54] Log: FLevelSaver: 393216 bytes
[1480.54] Log: m_ObjectDictionarySaver: 131072 bytes
[1480.54] Log: m_ObjectDictionary: 395520 bytes for 12117 items
[1480.54] Log: m_SavedObjects: 305344 bytes for 10063 items
[1499.62] Log: FLevelSaver: 393216 bytes
[1499.62] Log: m_ObjectDictionarySaver: 131072 bytes
[1499.62] Log: m_ObjectDictionary: 395520 bytes for 12112 items
[1499.62] Log: m_SavedObjects: 305344 bytes for 10061 items
[1540.66] Log: FLevelSaver: 393216 bytes
[1540.66] Log: m_ObjectDictionarySaver: 131072 bytes
[1540.66] Log: m_ObjectDictionary: 395520 bytes for 11879 items
[1540.66] Log: m_SavedObjects: 305344 bytes for 9827 items
[1559.29] Log: FLevelSaver: 393216 bytes
[1559.29] Log: m_ObjectDictionarySaver: 131072 bytes
[1559.29] Log: m_ObjectDictionary: 395520 bytes for 11871 items
[1559.29] Log: m_SavedObjects: 305344 bytes for 9815 items
[1594.53] Log: FLevelSaver: 393216 bytes
[1594.53] Log: m_ObjectDictionarySaver: 131072 bytes
[1594.53] Log: m_ObjectDictionary: 395520 bytes for 11885 items
[1594.53] Log: m_SavedObjects: 305344 bytes for 9828 items
[1755.38] Log: FLevelSaver: 393216 bytes
[1755.38] Log: m_ObjectDictionarySaver: 131072 bytes
[1755.38] Log: m_ObjectDictionary: 395520 bytes for 11633 items
[1755.38] Log: m_SavedObjects: 305344 bytes for 9581 items
[1809.27] Log: FLevelSaver: 393216 bytes
[1809.27] Log: m_ObjectDictionarySaver: 131072 bytes
[1809.27] Log: m_ObjectDictionary: 395520 bytes for 11635 items
[1809.27] Log: m_SavedObjects: 305344 bytes for 9587 items
[1847.38] Log: FLevelSaver: 393216 bytes
[1847.38] Log: m_ObjectDictionarySaver: 131072 bytes
[1847.38] Log: m_ObjectDictionary: 395520 bytes for 11409 items
[1847.38] Log: m_SavedObjects: 305344 bytes for 9356 items
[1862.96] Log: FLevelSaver: 393216 bytes
[1862.96] Log: m_ObjectDictionarySaver: 131072 bytes
[1862.96] Log: m_ObjectDictionary: 395520 bytes for 11380 items
[1862.96] Log: m_SavedObjects: 305344 bytes for 9337 items
[1977.78] Log: FLevelSaver: 393216 bytes
[1977.78] Log: m_ObjectDictionarySaver: 131072 bytes
[1977.78] Log: m_ObjectDictionary: 395520 bytes for 11400 items
[1977.78] Log: m_SavedObjects: 305344 bytes for 9347 items
[1985.39] Log: FLevelSaver: 393216 bytes
[1985.39] Log: m_ObjectDictionarySaver: 131072 bytes
[1985.39] Log: m_ObjectDictionary: 395520 bytes for 11402 items
[1985.39] Log: m_SavedObjects: 305344 bytes for 9349 items
[1989.42] Log: FLevelSaver: 393216 bytes
[1989.42] Log: m_ObjectDictionarySaver: 131072 bytes
[1989.42] Log: m_ObjectDictionary: 395520 bytes for 11402 items
[1989.42] Log: m_SavedObjects: 305344 bytes for 9349 items
[2055.73] Log: FLevelSaver: 393216 bytes
[2055.73] Log: m_ObjectDictionarySaver: 131072 bytes
[2055.73] Log: m_ObjectDictionary: 395520 bytes for 11402 items
[2055.73] Log: m_SavedObjects: 305344 bytes for 9348 items
[4083.33] Log: FLevelSaver: 393216 bytes
[4083.33] Log: m_ObjectDictionarySaver: 131072 bytes
[4083.33] Log: m_ObjectDictionary: 395520 bytes for 9029 items
[4083.33] Log: m_SavedObjects: 288960 bytes for 7054 items
[4200.97] Log: FLevelSaver: 393216 bytes
[4200.97] Log: m_ObjectDictionarySaver: 131072 bytes
[4200.97] Log: m_ObjectDictionary: 395520 bytes for 9000 items
[4200.97] Log: m_SavedObjects: 288960 bytes for 7030 items
[4327.08] Log: FLevelSaver: 393216 bytes
[4327.08] Log: m_ObjectDictionarySaver: 131072 bytes
[4327.08] Log: m_ObjectDictionary: 395520 bytes for 9123 items
[4327.08] Log: m_SavedObjects: 288960 bytes for 7136 items
[4356.79] Log: FLevelSaver: 393216 bytes
[4356.79] Log: m_ObjectDictionarySaver: 131072 bytes
[4356.79] Log: m_ObjectDictionary: 395520 bytes for 9129 items
[4356.79] Log: m_SavedObjects: 288960 bytes for 7140 items
[4449.27] Log: FLevelSaver: 393216 bytes
[4449.27] Log: m_ObjectDictionarySaver: 131072 bytes
[4449.27] Log: m_ObjectDictionary: 395520 bytes for 9130 items
[4449.27] Log: m_SavedObjects: 288960 bytes for 7140 items
[4499.48] Log: FLevelSaver: 393216 bytes
[4499.48] Log: m_ObjectDictionarySaver: 131072 bytes
[4499.48] Log: m_ObjectDictionary: 395520 bytes for 8433 items
[4499.48] Log: m_SavedObjects: 288960 bytes for 6643 items
[4550.01] Log: FLevelSaver: 393216 bytes
[4550.01] Log: m_ObjectDictionarySaver: 131072 bytes
[4550.01] Log: m_ObjectDictionary: 395520 bytes for 10928 items
[4550.01] Log: m_SavedObjects: 305344 bytes for 9067 items
[4560.11] Log: FLevelSaver: 393216 bytes
[4560.11] Log: m_ObjectDictionarySaver: 131072 bytes
[4560.11] Log: m_ObjectDictionary: 395520 bytes for 10930 items
[4560.11] Log: m_SavedObjects: 305344 bytes for 9070 items
[4563.41] Log: FLevelSaver: 393216 bytes
[4563.41] Log: m_ObjectDictionarySaver: 131072 bytes
[4563.41] Log: m_ObjectDictionary: 395520 bytes for 10930 items
[4563.41] Log: m_SavedObjects: 305344 bytes for 9070 items
[4643.97] Log: FLevelSaver: 393216 bytes
[4643.97] Log: m_ObjectDictionarySaver: 131072 bytes
[4643.97] Log: m_ObjectDictionary: 395520 bytes for 10914 items
[4643.97] Log: m_SavedObjects: 305344 bytes for 9061 items
[4668.61] Log: FLevelSaver: 393216 bytes
[4668.61] Log: m_ObjectDictionarySaver: 131072 bytes
[4668.61] Log: m_ObjectDictionary: 395520 bytes for 10909 items
[4668.61] Log: m_SavedObjects: 305344 bytes for 9057 items
[4814.80] Log: FLevelSaver: 393216 bytes
[4814.80] Log: m_ObjectDictionarySaver: 131072 bytes
[4814.80] Log: m_ObjectDictionary: 395520 bytes for 10914 items
[4814.80] Log: m_SavedObjects: 305344 bytes for 9060 items
[4927.89] Log: FLevelSaver: 393216 bytes
[4927.89] Log: m_ObjectDictionarySaver: 131072 bytes
[4927.89] Log: m_ObjectDictionary: 395520 bytes for 10838 items
[4927.89] Log: m_SavedObjects: 305344 bytes for 9005 items
[4971.00] Log: FLevelSaver: 393216 bytes
[4971.00] Log: m_ObjectDictionarySaver: 131072 bytes
[4971.00] Log: m_ObjectDictionary: 395520 bytes for 10833 items
[4971.00] Log: m_SavedObjects: 305344 bytes for 9002 items
[5016.47] Log: FLevelSaver: 393216 bytes
[5016.47] Log: m_ObjectDictionarySaver: 131072 bytes
[5016.47] Log: m_ObjectDictionary: 395520 bytes for 10834 items
[5016.47] Log: m_SavedObjects: 305344 bytes for 8997 items
[5031.24] Log: FLevelSaver: 393216 bytes
[5031.24] Log: m_ObjectDictionarySaver: 131072 bytes
[5031.24] Log: m_ObjectDictionary: 395520 bytes for 10836 items
[5031.24] Log: m_SavedObjects: 305344 bytes for 8998 items
[5068.10] Log: FLevelSaver: 393216 bytes
[5068.10] Log: m_ObjectDictionarySaver: 131072 bytes
[5068.10] Log: m_ObjectDictionary: 395520 bytes for 10837 items
[5068.10] Log: m_SavedObjects: 305344 bytes for 8999 items
[5106.96] Log: FLevelSaver: 393216 bytes
[5106.96] Log: m_ObjectDictionarySaver: 131072 bytes
[5106.96] Log: m_ObjectDictionary: 395520 bytes for 10832 items
[5106.96] Log: m_SavedObjects: 305344 bytes for 8996 items
[5220.09] Log: FLevelSaver: 393216 bytes
[5220.09] Log: m_ObjectDictionarySaver: 131072 bytes
[5220.09] Log: m_ObjectDictionary: 395520 bytes for 14253 items
[5220.09] Log: m_SavedObjects: 305344 bytes for 12381 items
[5321.41] Log: FLevelSaver: 393216 bytes
[5321.41] Log: m_ObjectDictionarySaver: 131072 bytes
[5321.41] Log: m_ObjectDictionary: 395520 bytes for 14247 items
[5321.41] Log: m_SavedObjects: 305344 bytes for 12376 items
[5361.70] Log: FLevelSaver: 393216 bytes
[5361.70] Log: m_ObjectDictionarySaver: 131072 bytes
[5361.70] Log: m_ObjectDictionary: 395520 bytes for 14261 items
[5361.70] Log: m_SavedObjects: 305344 bytes for 12377 items
[5386.85] Log: FLevelSaver: 393216 bytes
[5386.85] Log: m_ObjectDictionarySaver: 131072 bytes
[5386.85] Log: m_ObjectDictionary: 395520 bytes for 15710 items
[5386.85] Log: m_SavedObjects: 305344 bytes for 13821 items
[5435.42] Log: FLevelSaver: 393216 bytes
[5435.42] Log: m_ObjectDictionarySaver: 131072 bytes
[5435.42] Log: m_ObjectDictionary: 395520 bytes for 16216 items
[5435.42] Log: m_SavedObjects: 305344 bytes for 14314 items
[5475.95] Log: FLevelSaver: 393216 bytes
[5475.95] Log: m_ObjectDictionarySaver: 131072 bytes
[5475.95] Log: m_ObjectDictionary: 395520 bytes for 16224 items
[5475.95] Log: m_SavedObjects: 305344 bytes for 14318 items
[5489.71] Log: FLevelSaver: 393216 bytes
[5489.71] Log: m_ObjectDictionarySaver: 131072 bytes
[5489.71] Log: m_ObjectDictionary: 395520 bytes for 16221 items
[5489.71] Log: m_SavedObjects: 305344 bytes for 14316 items
[5508.99] Log: FLevelSaver: 393216 bytes
[5508.99] Log: m_ObjectDictionarySaver: 131072 bytes
[5508.99] Log: m_ObjectDictionary: 395520 bytes for 16020 items
[5508.99] Log: m_SavedObjects: 305344 bytes for 14117 items
[5559.81] Log: FLevelSaver: 393216 bytes
[5559.81] Log: m_ObjectDictionarySaver: 131072 bytes
[5559.81] Log: m_ObjectDictionary: 395520 bytes for 15530 items
[5559.81] Log: m_SavedObjects: 305344 bytes for 13623 items
[5577.62] Log: FLevelSaver: 393216 bytes
[5577.62] Log: m_ObjectDictionarySaver: 131072 bytes
[5577.62] Log: m_ObjectDictionary: 395520 bytes for 15520 items
[5577.62] Log: m_SavedObjects: 305344 bytes for 13615 items
[5626.55] Log: FLevelSaver: 393216 bytes
[5626.55] Log: m_ObjectDictionarySaver: 131072 bytes
[5626.55] Log: m_ObjectDictionary: 395520 bytes for 15526 items
[5626.55] Log: m_SavedObjects: 305344 bytes for 13619 items
[5672.67] Log: FLevelSaver: 393216 bytes
[5672.67] Log: m_ObjectDictionarySaver: 131072 bytes
[5672.67] Log: m_ObjectDictionary: 395520 bytes for 15529 items
[5672.67] Log: m_SavedObjects: 305344 bytes for 13620 items
[5688.56] Log: FLevelSaver: 393216 bytes
[5688.56] Log: m_ObjectDictionarySaver: 131072 bytes
[5688.56] Log: m_ObjectDictionary: 429124 bytes for 16514 items
[5688.56] Log: m_SavedObjects: 305344 bytes for 14600 items
[5710.32] Log: FLevelSaver: 393216 bytes
[5710.32] Log: m_ObjectDictionarySaver: 131072 bytes
[5710.32] Log: m_ObjectDictionary: 429124 bytes for 16524 items
[5710.32] Log: m_SavedObjects: 305344 bytes for 14605 items
[5806.67] Log: FLevelSaver: 393216 bytes
[5806.67] Log: m_ObjectDictionarySaver: 131072 bytes
[5806.67] Log: m_ObjectDictionary: 429124 bytes for 16518 items
[5806.67] Log: m_SavedObjects: 305344 bytes for 14604 items
[5818.80] Log: FLevelSaver: 393216 bytes
[5818.80] Log: m_ObjectDictionarySaver: 131072 bytes
[5818.80] Log: m_ObjectDictionary: 429124 bytes for 16517 items
[5818.80] Log: m_SavedObjects: 305344 bytes for 14604 items
[5851.15] Log: FLevelSaver: 393216 bytes
[5851.15] Log: m_ObjectDictionarySaver: 131072 bytes
[5851.15] Log: m_ObjectDictionary: 395520 bytes for 16036 items
[5851.15] Log: m_SavedObjects: 305344 bytes for 14126 items
[5873.90] Log: FLevelSaver: 393216 bytes
[5873.90] Log: m_ObjectDictionarySaver: 131072 bytes
[5873.90] Log: m_ObjectDictionary: 395520 bytes for 16029 items
[5873.90] Log: m_SavedObjects: 305344 bytes for 14123 items
[5900.21] Log: FLevelSaver: 393216 bytes
[5900.21] Log: m_ObjectDictionarySaver: 131072 bytes
[5900.21] Log: m_ObjectDictionary: 395520 bytes for 16024 items
[5900.21] Log: m_SavedObjects: 305344 bytes for 14116 items
[5938.79] Log: FLevelSaver: 393216 bytes
[5938.79] Log: m_ObjectDictionarySaver: 131072 bytes
[5938.79] Log: m_ObjectDictionary: 395520 bytes for 16027 items
[5938.79] Log: m_SavedObjects: 305344 bytes for 14117 items
[5986.80] Log: FLevelSaver: 393216 bytes
[5986.80] Log: m_ObjectDictionarySaver: 131072 bytes
[5986.80] Log: m_ObjectDictionary: 395520 bytes for 16019 items
[5986.80] Log: m_SavedObjects: 305344 bytes for 14111 items
[6044.85] Log: FLevelSaver: 393216 bytes
[6044.85] Log: m_ObjectDictionarySaver: 131072 bytes
[6044.85] Log: m_ObjectDictionary: 395520 bytes for 16025 items
[6044.85] Log: m_SavedObjects: 305344 bytes for 14117 items
[6054.58] Log: FLevelSaver: 393216 bytes
[6054.58] Log: m_ObjectDictionarySaver: 131072 bytes
[6054.58] Log: m_ObjectDictionary: 395520 bytes for 16032 items
[6054.58] Log: m_SavedObjects: 305344 bytes for 14119 items
[6065.34] Log: FLevelSaver: 393216 bytes
[6065.34] Log: m_ObjectDictionarySaver: 131072 bytes
[6065.34] Log: m_ObjectDictionary: 395520 bytes for 16032 items
[6065.34] Log: m_SavedObjects: 305344 bytes for 14123 items
[6164.42] Log: FLevelSaver: 393216 bytes
[6164.42] Log: m_ObjectDictionarySaver: 131072 bytes
[6164.42] Log: m_ObjectDictionary: 395520 bytes for 15060 items
[6164.42] Log: m_SavedObjects: 305344 bytes for 13160 items
[6234.69] Log: FLevelSaver: 393216 bytes
[6234.69] Log: m_ObjectDictionarySaver: 131072 bytes
[6234.69] Log: m_ObjectDictionary: 395520 bytes for 16038 items
[6234.69] Log: m_SavedObjects: 305344 bytes for 14127 items
[6273.11] Log: FLevelSaver: 393216 bytes
[6273.11] Log: m_ObjectDictionarySaver: 131072 bytes
[6273.11] Log: m_ObjectDictionary: 395520 bytes for 14558 items
[6273.11] Log: m_SavedObjects: 305344 bytes for 12670 items
[6337.94] Log: FLevelSaver: 393216 bytes
[6337.94] Log: m_ObjectDictionarySaver: 131072 bytes
[6337.94] Log: m_ObjectDictionary: 379136 bytes for 5872 items
[6337.94] Log: m_SavedObjects: 288960 bytes for 4337 items
[6342.79] Log: FLevelSaver: 393216 bytes
[6342.79] Log: m_ObjectDictionarySaver: 131072 bytes
[6342.79] Log: m_ObjectDictionary: 379136 bytes for 5872 items
[6342.79] Log: m_SavedObjects: 288960 bytes for 4337 items
[6346.56] Log: FLevelSaver: 393216 bytes
[6346.56] Log: m_ObjectDictionarySaver: 131072 bytes
[6346.56] Log: m_ObjectDictionary: 379136 bytes for 5864 items
[6346.56] Log: m_SavedObjects: 288960 bytes for 4335 items
[6363.96] Log: FLevelSaver: 393216 bytes
[6363.96] Log: m_ObjectDictionarySaver: 131072 bytes
[6363.96] Log: m_ObjectDictionary: 379136 bytes for 5877 items
[6363.96] Log: m_SavedObjects: 288960 bytes for 4334 items
[6420.52] Log: FLevelSaver: 393216 bytes
[6420.52] Log: m_ObjectDictionarySaver: 131072 bytes
[6420.52] Log: m_ObjectDictionary: 379136 bytes for 5866 items
[6420.52] Log: m_SavedObjects: 288960 bytes for 4329 items
[6447.32] Log: FLevelSaver: 393216 bytes
[6447.32] Log: m_ObjectDictionarySaver: 131072 bytes
[6447.32] Log: m_ObjectDictionary: 379136 bytes for 5863 items
[6447.32] Log: m_SavedObjects: 288960 bytes for 4326 items
[6453.56] Log: FLevelSaver: 393216 bytes
[6453.56] Log: m_ObjectDictionarySaver: 131072 bytes
[6453.56] Log: m_ObjectDictionary: 379136 bytes for 5863 items
[6453.56] Log: m_SavedObjects: 288960 bytes for 4326 items
[7209.06] Log: FLevelSaver: 393216 bytes
[7209.06] Log: m_ObjectDictionarySaver: 131072 bytes
[7209.06] Log: m_ObjectDictionary: 379136 bytes for 5863 items
[7209.06] Log: m_SavedObjects: 288960 bytes for 4326 items
[7215.86] Log: FLevelSaver: 393216 bytes
[7215.86] Log: m_ObjectDictionarySaver: 131072 bytes
[7215.86] Log: m_ObjectDictionary: 379136 bytes for 5863 items
[7215.86] Log: m_SavedObjects: 288960 bytes for 4326 items
[7270.17] Log: FLevelSaver: 393216 bytes
[7270.17] Log: m_ObjectDictionarySaver: 131072 bytes
[7270.17] Log: m_ObjectDictionary: 370944 bytes for 3011 items
[7270.17] Log: m_SavedObjects: 276672 bytes for 2018 items
[7526.26] Log: FLevelSaver: 393216 bytes
[7526.26] Log: m_ObjectDictionarySaver: 131072 bytes
[7526.26] Log: m_ObjectDictionary: 379136 bytes for 5058 items
[7526.26] Log: m_SavedObjects: 288960 bytes for 4241 items
[7710.37] Log: FLevelSaver: 393216 bytes
[7710.37] Log: m_ObjectDictionarySaver: 131072 bytes
[7710.37] Log: m_ObjectDictionary: 395520 bytes for 10125 items
[7710.37] Log: m_SavedObjects: 305344 bytes for 8542 items
[7777.43] Log: FLevelSaver: 393216 bytes
[7777.43] Log: m_ObjectDictionarySaver: 131072 bytes
[7777.43] Log: m_ObjectDictionary: 395520 bytes for 10138 items
[7777.43] Log: m_SavedObjects: 305344 bytes for 8552 items
[7783.19] Log: Closing by request
[7784.05] Log: Log file closed, 08/09/20 20:01:03
