[0106.55] Log: Log file open, 08/10/20 02:40:38
[0106.55] Log: FLevelSaver: 393216 bytes
[0106.55] Log: m_ObjectDictionarySaver: 131072 bytes
[0106.55] Log: m_ObjectDictionary: 395520 bytes for 10135 items
[0106.55] Log: m_SavedObjects: 305344 bytes for 8541 items
[0240.29] Log: FLevelSaver: 393216 bytes
[0240.29] Log: m_ObjectDictionarySaver: 131072 bytes
[0240.29] Log: m_ObjectDictionary: 395520 bytes for 10160 items
[0240.29] Log: m_SavedObjects: 305344 bytes for 8555 items
[0368.80] Log: FLevelSaver: 393216 bytes
[0368.80] Log: m_ObjectDictionarySaver: 131072 bytes
[0368.80] Log: m_ObjectDictionary: 395520 bytes for 10157 items
[0368.80] Log: m_SavedObjects: 305344 bytes for 8543 items
[0468.18] Log: FLevelSaver: 393216 bytes
[0468.18] Log: m_ObjectDictionarySaver: 131072 bytes
[0468.18] Log: m_ObjectDictionary: 395520 bytes for 10153 items
[0468.18] Log: m_SavedObjects: 305344 bytes for 8538 items
[0538.52] Log: FLevelSaver: 393216 bytes
[0538.52] Log: m_ObjectDictionarySaver: 131072 bytes
[0538.52] Log: m_ObjectDictionary: 395520 bytes for 10164 items
[0538.52] Log: m_SavedObjects: 305344 bytes for 8544 items
[0565.66] Log: FLevelSaver: 393216 bytes
[0565.66] Log: m_ObjectDictionarySaver: 131072 bytes
[0565.66] Log: m_ObjectDictionary: 395520 bytes for 10157 items
[0565.66] Log: m_SavedObjects: 305344 bytes for 8542 items
[0635.98] Log: FLevelSaver: 393216 bytes
[0635.98] Log: m_ObjectDictionarySaver: 131072 bytes
[0635.98] Log: m_ObjectDictionary: 395520 bytes for 10151 items
[0635.98] Log: m_SavedObjects: 305344 bytes for 8537 items
[0696.44] Log: FLevelSaver: 393216 bytes
[0696.44] Log: m_ObjectDictionarySaver: 131072 bytes
[0696.44] Log: m_ObjectDictionary: 395520 bytes for 10144 items
[0696.44] Log: m_SavedObjects: 305344 bytes for 8526 items
[0769.88] Log: FLevelSaver: 393216 bytes
[0769.88] Log: m_ObjectDictionarySaver: 131072 bytes
[0769.88] Log: m_ObjectDictionary: 395520 bytes for 10136 items
[0769.88] Log: m_SavedObjects: 305344 bytes for 8518 items
[0803.73] Log: FLevelSaver: 393216 bytes
[0803.73] Log: m_ObjectDictionarySaver: 131072 bytes
[0803.73] Log: m_ObjectDictionary: 395520 bytes for 10131 items
[0803.73] Log: m_SavedObjects: 305344 bytes for 8514 items
[0867.91] Log: FLevelSaver: 393216 bytes
[0867.91] Log: m_ObjectDictionarySaver: 131072 bytes
[0867.91] Log: m_ObjectDictionary: 395520 bytes for 10138 items
[0867.91] Log: m_SavedObjects: 305344 bytes for 8519 items
[0897.14] Log: FLevelSaver: 393216 bytes
[0897.14] Log: m_ObjectDictionarySaver: 131072 bytes
[0897.14] Log: m_ObjectDictionary: 395520 bytes for 10144 items
[0897.14] Log: m_SavedObjects: 305344 bytes for 8522 items
[0920.38] Log: FLevelSaver: 393216 bytes
[0920.38] Log: m_ObjectDictionarySaver: 131072 bytes
[0920.38] Log: m_ObjectDictionary: 395520 bytes for 10141 items
[0920.38] Log: m_SavedObjects: 305344 bytes for 8520 items
[0967.14] Log: FLevelSaver: 393216 bytes
[0967.14] Log: m_ObjectDictionarySaver: 131072 bytes
[0967.14] Log: m_ObjectDictionary: 395520 bytes for 10134 items
[0967.14] Log: m_SavedObjects: 305344 bytes for 8518 items
[0993.76] Log: FLevelSaver: 393216 bytes
[0993.76] Log: m_ObjectDictionarySaver: 131072 bytes
[0993.76] Log: m_ObjectDictionary: 395520 bytes for 10145 items
[0993.76] Log: m_SavedObjects: 305344 bytes for 8525 items
[1095.70] Log: FLevelSaver: 393216 bytes
[1095.70] Log: m_ObjectDictionarySaver: 131072 bytes
[1095.70] Log: m_ObjectDictionary: 395520 bytes for 10145 items
[1095.70] Log: m_SavedObjects: 305344 bytes for 8523 items
[1151.68] Log: FLevelSaver: 393216 bytes
[1151.68] Log: m_ObjectDictionarySaver: 131072 bytes
[1151.68] Log: m_ObjectDictionary: 395520 bytes for 10143 items
[1151.68] Log: m_SavedObjects: 305344 bytes for 8523 items
[1175.41] Log: FLevelSaver: 393216 bytes
[1175.41] Log: m_ObjectDictionarySaver: 131072 bytes
[1175.41] Log: m_ObjectDictionary: 395520 bytes for 10150 items
[1175.41] Log: m_SavedObjects: 305344 bytes for 8529 items
[1206.60] Log: FLevelSaver: 393216 bytes
[1206.60] Log: m_ObjectDictionarySaver: 131072 bytes
[1206.60] Log: m_ObjectDictionary: 395520 bytes for 10154 items
[1206.60] Log: m_SavedObjects: 305344 bytes for 8532 items
[1259.02] Log: FLevelSaver: 393216 bytes
[1259.02] Log: m_ObjectDictionarySaver: 131072 bytes
[1259.02] Log: m_ObjectDictionary: 395520 bytes for 10140 items
[1259.02] Log: m_SavedObjects: 305344 bytes for 8515 items
[1394.78] Log: FLevelSaver: 393216 bytes
[1394.78] Log: m_ObjectDictionarySaver: 131072 bytes
[1394.78] Log: m_ObjectDictionary: 395520 bytes for 10143 items
[1394.78] Log: m_SavedObjects: 305344 bytes for 8516 items
[1446.00] Log: FLevelSaver: 393216 bytes
[1446.00] Log: m_ObjectDictionarySaver: 131072 bytes
[1446.00] Log: m_ObjectDictionary: 395520 bytes for 9896 items
[1446.00] Log: m_SavedObjects: 305344 bytes for 8272 items
[1512.00] Log: FLevelSaver: 393216 bytes
[1512.00] Log: m_ObjectDictionarySaver: 131072 bytes
[1512.00] Log: m_ObjectDictionary: 395520 bytes for 9902 items
[1512.00] Log: m_SavedObjects: 305344 bytes for 8275 items
[1528.29] Log: FLevelSaver: 393216 bytes
[1528.29] Log: m_ObjectDictionarySaver: 131072 bytes
[1528.29] Log: m_ObjectDictionary: 395520 bytes for 9647 items
[1528.29] Log: m_SavedObjects: 288960 bytes for 8032 items
[1595.66] Log: FLevelSaver: 393216 bytes
[1595.66] Log: m_ObjectDictionarySaver: 131072 bytes
[1595.66] Log: m_ObjectDictionary: 395520 bytes for 9414 items
[1595.66] Log: m_SavedObjects: 288960 bytes for 7801 items
[1717.19] Log: FLevelSaver: 393216 bytes
[1717.19] Log: m_ObjectDictionarySaver: 131072 bytes
[1717.19] Log: m_ObjectDictionary: 395520 bytes for 9413 items
[1717.19] Log: m_SavedObjects: 288960 bytes for 7799 items
[1772.40] Log: FLevelSaver: 393216 bytes
[1772.40] Log: m_ObjectDictionarySaver: 131072 bytes
[1772.40] Log: m_ObjectDictionary: 395520 bytes for 9173 items
[1772.40] Log: m_SavedObjects: 288960 bytes for 7566 items
[1832.80] Log: FLevelSaver: 393216 bytes
[1832.80] Log: m_ObjectDictionarySaver: 131072 bytes
[1832.80] Log: m_ObjectDictionary: 395520 bytes for 8933 items
[1832.80] Log: m_SavedObjects: 288960 bytes for 7325 items
[1891.58] Log: FLevelSaver: 393216 bytes
[1891.58] Log: m_ObjectDictionarySaver: 131072 bytes
[1891.58] Log: m_ObjectDictionary: 395520 bytes for 8933 items
[1891.58] Log: m_SavedObjects: 288960 bytes for 7324 items
[2023.65] Log: FLevelSaver: 393216 bytes
[2023.65] Log: m_ObjectDictionarySaver: 131072 bytes
[2023.65] Log: m_ObjectDictionary: 395520 bytes for 8928 items
[2023.65] Log: m_SavedObjects: 288960 bytes for 7321 items
[2118.74] Log: FLevelSaver: 393216 bytes
[2118.74] Log: m_ObjectDictionarySaver: 131072 bytes
[2118.74] Log: m_ObjectDictionary: 395520 bytes for 8931 items
[2118.74] Log: m_SavedObjects: 288960 bytes for 7324 items
[2133.73] Log: FLevelSaver: 393216 bytes
[2133.73] Log: m_ObjectDictionarySaver: 131072 bytes
[2133.73] Log: m_ObjectDictionary: 395520 bytes for 8931 items
[2133.73] Log: m_SavedObjects: 288960 bytes for 7325 items
[2153.83] Log: FLevelSaver: 393216 bytes
[2153.83] Log: m_ObjectDictionarySaver: 131072 bytes
[2153.83] Log: m_ObjectDictionary: 395520 bytes for 8938 items
[2153.83] Log: m_SavedObjects: 288960 bytes for 7328 items
[2215.31] Log: FLevelSaver: 393216 bytes
[2215.31] Log: m_ObjectDictionarySaver: 131072 bytes
[2215.31] Log: m_ObjectDictionary: 395520 bytes for 8930 items
[2215.31] Log: m_SavedObjects: 288960 bytes for 7325 items
[2245.08] Log: FLevelSaver: 393216 bytes
[2245.08] Log: m_ObjectDictionarySaver: 131072 bytes
[2245.08] Log: m_ObjectDictionary: 395520 bytes for 8686 items
[2245.08] Log: m_SavedObjects: 288960 bytes for 7084 items
[2254.02] Log: FLevelSaver: 393216 bytes
[2254.02] Log: m_ObjectDictionarySaver: 131072 bytes
[2254.02] Log: m_ObjectDictionary: 395520 bytes for 8693 items
[2254.02] Log: m_SavedObjects: 288960 bytes for 7086 items
[2297.26] Log: FLevelSaver: 393216 bytes
[2297.26] Log: m_ObjectDictionarySaver: 131072 bytes
[2297.26] Log: m_ObjectDictionary: 395520 bytes for 8681 items
[2297.26] Log: m_SavedObjects: 288960 bytes for 7081 items
[2342.67] Log: FLevelSaver: 393216 bytes
[2342.67] Log: m_ObjectDictionarySaver: 131072 bytes
[2342.67] Log: m_ObjectDictionary: 395520 bytes for 8677 items
[2342.67] Log: m_SavedObjects: 288960 bytes for 7076 items
[2349.57] Log: FLevelSaver: 393216 bytes
[2349.57] Log: m_ObjectDictionarySaver: 131072 bytes
[2349.57] Log: m_ObjectDictionary: 395520 bytes for 8682 items
[2349.57] Log: m_SavedObjects: 288960 bytes for 7078 items
[2363.44] Log: FLevelSaver: 393216 bytes
[2363.44] Log: m_ObjectDictionarySaver: 131072 bytes
[2363.44] Log: m_ObjectDictionary: 395520 bytes for 8680 items
[2363.44] Log: m_SavedObjects: 288960 bytes for 7075 items
[2392.37] Log: FLevelSaver: 393216 bytes
[2392.37] Log: m_ObjectDictionarySaver: 131072 bytes
[2392.37] Log: m_ObjectDictionary: 379136 bytes for 6660 items
[2392.37] Log: m_SavedObjects: 288960 bytes for 5577 items
[2554.94] Log: FLevelSaver: 393216 bytes
[2554.94] Log: m_ObjectDictionarySaver: 131072 bytes
[2554.94] Log: m_ObjectDictionary: 395520 bytes for 8665 items
[2554.94] Log: m_SavedObjects: 288960 bytes for 7072 items
[2628.48] Log: FLevelSaver: 393216 bytes
[2628.48] Log: m_ObjectDictionarySaver: 131072 bytes
[2628.48] Log: m_ObjectDictionary: 395520 bytes for 8693 items
[2628.48] Log: m_SavedObjects: 288960 bytes for 7091 items
[3064.88] Log: FLevelSaver: 393216 bytes
[3064.88] Log: m_ObjectDictionarySaver: 131072 bytes
[3064.88] Log: m_ObjectDictionary: 395520 bytes for 8696 items
[3064.88] Log: m_SavedObjects: 288960 bytes for 7092 items
[3090.79] Log: FLevelSaver: 393216 bytes
[3090.79] Log: m_ObjectDictionarySaver: 131072 bytes
[3090.79] Log: m_ObjectDictionary: 395520 bytes for 8458 items
[3090.79] Log: m_SavedObjects: 288960 bytes for 6859 items
[3312.40] Log: FLevelSaver: 393216 bytes
[3312.40] Log: m_ObjectDictionarySaver: 131072 bytes
[3312.40] Log: m_ObjectDictionary: 395520 bytes for 8443 items
[3312.40] Log: m_SavedObjects: 288960 bytes for 6849 items
[3338.56] Log: FLevelSaver: 393216 bytes
[3338.56] Log: m_ObjectDictionarySaver: 131072 bytes
[3338.56] Log: m_ObjectDictionary: 395520 bytes for 11334 items
[3338.56] Log: m_SavedObjects: 305344 bytes for 9674 items
[3467.41] Log: FLevelSaver: 393216 bytes
[3467.41] Log: m_ObjectDictionarySaver: 131072 bytes
[3467.41] Log: m_ObjectDictionary: 395520 bytes for 11369 items
[3467.41] Log: m_SavedObjects: 305344 bytes for 9700 items
[3508.85] Log: FLevelSaver: 393216 bytes
[3508.85] Log: m_ObjectDictionarySaver: 131072 bytes
[3508.85] Log: m_ObjectDictionary: 395520 bytes for 11845 items
[3508.85] Log: m_SavedObjects: 305344 bytes for 10166 items
[3537.93] Log: FLevelSaver: 393216 bytes
[3537.93] Log: m_ObjectDictionarySaver: 131072 bytes
[3537.93] Log: m_ObjectDictionary: 395520 bytes for 11831 items
[3537.93] Log: m_SavedObjects: 305344 bytes for 10153 items
[3539.80] Log: FLevelSaver: 393216 bytes
[3539.80] Log: m_ObjectDictionarySaver: 131072 bytes
[3539.80] Log: m_ObjectDictionary: 395520 bytes for 11830 items
[3539.80] Log: m_SavedObjects: 305344 bytes for 10152 items
[3597.75] Log: FLevelSaver: 393216 bytes
[3597.75] Log: m_ObjectDictionarySaver: 131072 bytes
[3597.75] Log: m_ObjectDictionary: 395520 bytes for 11825 items
[3597.75] Log: m_SavedObjects: 305344 bytes for 10145 items
[3637.03] Log: FLevelSaver: 393216 bytes
[3637.03] Log: m_ObjectDictionarySaver: 131072 bytes
[3637.03] Log: m_ObjectDictionary: 395520 bytes for 11827 items
[3637.03] Log: m_SavedObjects: 305344 bytes for 10143 items
[3689.19] Log: FLevelSaver: 393216 bytes
[3689.19] Log: m_ObjectDictionarySaver: 131072 bytes
[3689.19] Log: m_ObjectDictionary: 395520 bytes for 11818 items
[3689.19] Log: m_SavedObjects: 305344 bytes for 10136 items
[3729.43] Log: FLevelSaver: 393216 bytes
[3729.43] Log: m_ObjectDictionarySaver: 131072 bytes
[3729.43] Log: m_ObjectDictionary: 395520 bytes for 11814 items
[3729.43] Log: m_SavedObjects: 305344 bytes for 10133 items
[3760.12] Log: FLevelSaver: 393216 bytes
[3760.12] Log: m_ObjectDictionarySaver: 131072 bytes
[3760.12] Log: m_ObjectDictionary: 395520 bytes for 11810 items
[3760.12] Log: m_SavedObjects: 305344 bytes for 10125 items
[3786.70] Log: FLevelSaver: 393216 bytes
[3786.70] Log: m_ObjectDictionarySaver: 131072 bytes
[3786.70] Log: m_ObjectDictionary: 395520 bytes for 11815 items
[3786.70] Log: m_SavedObjects: 305344 bytes for 10130 items
[3845.43] Log: FLevelSaver: 393216 bytes
[3845.43] Log: m_ObjectDictionarySaver: 131072 bytes
[3845.43] Log: m_ObjectDictionary: 395520 bytes for 11805 items
[3845.43] Log: m_SavedObjects: 305344 bytes for 10121 items
[3897.28] Log: FLevelSaver: 393216 bytes
[3897.28] Log: m_ObjectDictionarySaver: 131072 bytes
[3897.28] Log: m_ObjectDictionary: 395520 bytes for 11808 items
[3897.28] Log: m_SavedObjects: 305344 bytes for 10121 items
[3951.79] Log: FLevelSaver: 393216 bytes
[3951.79] Log: m_ObjectDictionarySaver: 131072 bytes
[3951.79] Log: m_ObjectDictionary: 395520 bytes for 11799 items
[3951.79] Log: m_SavedObjects: 305344 bytes for 10119 items
[3997.01] Log: FLevelSaver: 393216 bytes
[3997.01] Log: m_ObjectDictionarySaver: 131072 bytes
[3997.01] Log: m_ObjectDictionary: 395520 bytes for 11801 items
[3997.01] Log: m_SavedObjects: 305344 bytes for 10120 items
[4009.88] Log: FLevelSaver: 393216 bytes
[4009.88] Log: m_ObjectDictionarySaver: 131072 bytes
[4009.88] Log: m_ObjectDictionary: 395520 bytes for 11797 items
[4009.88] Log: m_SavedObjects: 305344 bytes for 10115 items
[4105.66] Log: FLevelSaver: 393216 bytes
[4105.66] Log: m_ObjectDictionarySaver: 131072 bytes
[4105.66] Log: m_ObjectDictionary: 395520 bytes for 11779 items
[4105.66] Log: m_SavedObjects: 305344 bytes for 10096 items
[4206.33] Log: FLevelSaver: 393216 bytes
[4206.33] Log: m_ObjectDictionarySaver: 131072 bytes
[4206.33] Log: m_ObjectDictionary: 395520 bytes for 11802 items
[4206.33] Log: m_SavedObjects: 305344 bytes for 10114 items
[4215.07] Log: FLevelSaver: 393216 bytes
[4215.07] Log: m_ObjectDictionarySaver: 131072 bytes
[4215.07] Log: m_ObjectDictionary: 395520 bytes for 11771 items
[4215.07] Log: m_SavedObjects: 305344 bytes for 10092 items
[4304.06] Log: FLevelSaver: 393216 bytes
[4304.06] Log: m_ObjectDictionarySaver: 131072 bytes
[4304.06] Log: m_ObjectDictionary: 395520 bytes for 11554 items
[4304.06] Log: m_SavedObjects: 305344 bytes for 9867 items
[4357.37] Log: FLevelSaver: 393216 bytes
[4357.37] Log: m_ObjectDictionarySaver: 131072 bytes
[4357.37] Log: m_ObjectDictionary: 395520 bytes for 11370 items
[4357.37] Log: m_SavedObjects: 305344 bytes for 9710 items
[4420.84] Log: FLevelSaver: 393216 bytes
[4420.84] Log: m_ObjectDictionarySaver: 131072 bytes
[4420.84] Log: m_ObjectDictionary: 395520 bytes for 11371 items
[4420.84] Log: m_SavedObjects: 305344 bytes for 9709 items
[4438.94] Log: FLevelSaver: 393216 bytes
[4438.94] Log: m_ObjectDictionarySaver: 131072 bytes
[4438.94] Log: m_ObjectDictionary: 395520 bytes for 11372 items
[4438.94] Log: m_SavedObjects: 305344 bytes for 9710 items
[4461.47] Log: FLevelSaver: 393216 bytes
[4461.47] Log: m_ObjectDictionarySaver: 131072 bytes
[4461.47] Log: m_ObjectDictionary: 395520 bytes for 11393 items
[4461.47] Log: m_SavedObjects: 305344 bytes for 9724 items
[4471.53] Log: FLevelSaver: 393216 bytes
[4471.53] Log: m_ObjectDictionarySaver: 131072 bytes
[4471.53] Log: m_ObjectDictionary: 395520 bytes for 11128 items
[4471.53] Log: m_SavedObjects: 305344 bytes for 9474 items
[4692.00] Log: FLevelSaver: 393216 bytes
[4692.00] Log: m_ObjectDictionarySaver: 131072 bytes
[4692.00] Log: m_ObjectDictionary: 395520 bytes for 11144 items
[4692.00] Log: m_SavedObjects: 305344 bytes for 9486 items
[4693.10] Log: FLevelSaver: 393216 bytes
[4693.10] Log: m_ObjectDictionarySaver: 131072 bytes
[4693.10] Log: m_ObjectDictionary: 395520 bytes for 11117 items
[4693.10] Log: m_SavedObjects: 305344 bytes for 9463 items
[4757.15] Log: FLevelSaver: 393216 bytes
[4757.15] Log: m_ObjectDictionarySaver: 131072 bytes
[4757.15] Log: m_ObjectDictionary: 395520 bytes for 11137 items
[4757.15] Log: m_SavedObjects: 305344 bytes for 9478 items
[4758.58] Log: FLevelSaver: 393216 bytes
[4758.58] Log: m_ObjectDictionarySaver: 131072 bytes
[4758.58] Log: m_ObjectDictionary: 395520 bytes for 11137 items
[4758.58] Log: m_SavedObjects: 305344 bytes for 9478 items
[4773.42] Log: FLevelSaver: 393216 bytes
[4773.42] Log: m_ObjectDictionarySaver: 131072 bytes
[4773.42] Log: m_ObjectDictionary: 395520 bytes for 11135 items
[4773.42] Log: m_SavedObjects: 305344 bytes for 9474 items
[5128.39] Log: FLevelSaver: 393216 bytes
[5128.39] Log: m_ObjectDictionarySaver: 131072 bytes
[5128.39] Log: m_ObjectDictionary: 395520 bytes for 10628 items
[5128.39] Log: m_SavedObjects: 305344 bytes for 9056 items
[5150.74] Log: FLevelSaver: 393216 bytes
[5150.74] Log: m_ObjectDictionarySaver: 131072 bytes
[5150.74] Log: m_ObjectDictionary: 395520 bytes for 10622 items
[5150.74] Log: m_SavedObjects: 305344 bytes for 9054 items
[5164.24] Log: FLevelSaver: 393216 bytes
[5164.24] Log: m_ObjectDictionarySaver: 131072 bytes
[5164.24] Log: m_ObjectDictionary: 395520 bytes for 10618 items
[5164.24] Log: m_SavedObjects: 305344 bytes for 9051 items
[5254.14] Log: FLevelSaver: 393216 bytes
[5254.14] Log: m_ObjectDictionarySaver: 131072 bytes
[5254.14] Log: m_ObjectDictionary: 395520 bytes for 9927 items
[5254.14] Log: m_SavedObjects: 305344 bytes for 8360 items
[5321.09] Log: FLevelSaver: 393216 bytes
[5321.09] Log: m_ObjectDictionarySaver: 131072 bytes
[5321.09] Log: m_ObjectDictionary: 395520 bytes for 9694 items
[5321.09] Log: m_SavedObjects: 288960 bytes for 8130 items
[5425.09] Log: FLevelSaver: 393216 bytes
[5425.09] Log: m_ObjectDictionarySaver: 131072 bytes
[5425.09] Log: m_ObjectDictionary: 395520 bytes for 9201 items
[5425.09] Log: m_SavedObjects: 288960 bytes for 7671 items
[5519.73] Log: FLevelSaver: 393216 bytes
[5519.73] Log: m_ObjectDictionarySaver: 131072 bytes
[5519.73] Log: m_ObjectDictionary: 395520 bytes for 8464 items
[5519.73] Log: m_SavedObjects: 288960 bytes for 6857 items
[5526.75] Log: FLevelSaver: 393216 bytes
[5526.75] Log: m_ObjectDictionarySaver: 131072 bytes
[5526.75] Log: m_ObjectDictionary: 379136 bytes for 7555 items
[5526.75] Log: m_SavedObjects: 288960 bytes for 6025 items
[5605.21] Log: FLevelSaver: 393216 bytes
[5605.21] Log: m_ObjectDictionarySaver: 131072 bytes
[5605.21] Log: m_ObjectDictionary: 379136 bytes for 7551 items
[5605.21] Log: m_SavedObjects: 288960 bytes for 6022 items
[5670.35] Log: FLevelSaver: 393216 bytes
[5670.35] Log: m_ObjectDictionarySaver: 131072 bytes
[5670.35] Log: m_ObjectDictionary: 379136 bytes for 7552 items
[5670.35] Log: m_SavedObjects: 288960 bytes for 6021 items
[5835.66] Log: FLevelSaver: 393216 bytes
[5835.66] Log: m_ObjectDictionarySaver: 131072 bytes
[5835.66] Log: m_ObjectDictionary: 395520 bytes for 10970 items
[5835.66] Log: m_SavedObjects: 305344 bytes for 9498 items
[5929.94] Log: FLevelSaver: 393216 bytes
[5929.94] Log: m_ObjectDictionarySaver: 131072 bytes
[5929.94] Log: m_ObjectDictionary: 395520 bytes for 10987 items
[5929.94] Log: m_SavedObjects: 305344 bytes for 9501 items
[5935.30] Log: Closing by request
[5936.15] Log: Log file closed, 08/10/20 04:17:48
