[0081.64] Log: Log file open, 07/26/20 06:57:49
[0081.64] Log: FLevelSaver: 393216 bytes
[0081.64] Log: m_ObjectDictionarySaver: 131072 bytes
[0081.64] Log: m_ObjectDictionary: 379136 bytes for 6894 items
[0081.64] Log: m_SavedObjects: 288960 bytes for 5288 items
[0171.05] Log: FLevelSaver: 393216 bytes
[0171.05] Log: m_ObjectDictionarySaver: 131072 bytes
[0171.05] Log: m_ObjectDictionary: 379136 bytes for 6898 items
[0171.05] Log: m_SavedObjects: 288960 bytes for 5290 items
[0172.14] Log: FLevelSaver: 393216 bytes
[0172.14] Log: m_ObjectDictionarySaver: 131072 bytes
[0172.14] Log: m_ObjectDictionary: 379136 bytes for 6893 items
[0172.14] Log: m_SavedObjects: 288960 bytes for 5288 items
[0201.88] Log: FLevelSaver: 393216 bytes
[0201.88] Log: m_ObjectDictionarySaver: 131072 bytes
[0201.88] Log: m_ObjectDictionary: 379136 bytes for 4405 items
[0201.88] Log: m_SavedObjects: 280768 bytes for 3295 items
[0250.23] Log: FLevelSaver: 393216 bytes
[0250.23] Log: m_ObjectDictionarySaver: 131072 bytes
[0250.23] Log: m_ObjectDictionary: 379136 bytes for 5880 items
[0250.23] Log: m_SavedObjects: 288960 bytes for 4403 items
[0291.93] Log: FLevelSaver: 393216 bytes
[0291.93] Log: m_ObjectDictionarySaver: 131072 bytes
[0291.93] Log: m_ObjectDictionary: 379136 bytes for 5883 items
[0291.93] Log: m_SavedObjects: 288960 bytes for 4406 items
[0313.79] Log: FLevelSaver: 393216 bytes
[0313.79] Log: m_ObjectDictionarySaver: 131072 bytes
[0313.79] Log: m_ObjectDictionary: 379136 bytes for 5886 items
[0313.79] Log: m_SavedObjects: 288960 bytes for 4406 items
[0343.99] Log: FLevelSaver: 393216 bytes
[0343.99] Log: m_ObjectDictionarySaver: 131072 bytes
[0343.99] Log: m_ObjectDictionary: 379136 bytes for 5877 items
[0343.99] Log: m_SavedObjects: 288960 bytes for 4399 items
[0407.35] Log: FLevelSaver: 393216 bytes
[0407.35] Log: m_ObjectDictionarySaver: 131072 bytes
[0407.35] Log: m_ObjectDictionary: 379136 bytes for 5877 items
[0407.35] Log: m_SavedObjects: 288960 bytes for 4397 items
[0435.57] Log: FLevelSaver: 393216 bytes
[0435.57] Log: m_ObjectDictionarySaver: 131072 bytes
[0435.57] Log: m_ObjectDictionary: 379136 bytes for 7116 items
[0435.57] Log: m_SavedObjects: 288960 bytes for 5609 items
[0553.31] Log: FLevelSaver: 393216 bytes
[0553.31] Log: m_ObjectDictionarySaver: 131072 bytes
[0553.31] Log: m_ObjectDictionary: 379136 bytes for 7110 items
[0553.31] Log: m_SavedObjects: 288960 bytes for 5603 items
[0558.39] Log: FLevelSaver: 393216 bytes
[0558.39] Log: m_ObjectDictionarySaver: 131072 bytes
[0558.39] Log: m_ObjectDictionary: 379136 bytes for 7118 items
[0558.39] Log: m_SavedObjects: 288960 bytes for 5609 items
[0634.27] Log: FLevelSaver: 393216 bytes
[0634.27] Log: m_ObjectDictionarySaver: 131072 bytes
[0634.27] Log: m_ObjectDictionary: 379136 bytes for 7113 items
[0634.27] Log: m_SavedObjects: 288960 bytes for 5603 items
[0651.01] Log: FLevelSaver: 393216 bytes
[0651.01] Log: m_ObjectDictionarySaver: 131072 bytes
[0651.01] Log: m_ObjectDictionary: 379136 bytes for 7116 items
[0651.01] Log: m_SavedObjects: 288960 bytes for 5608 items
[0839.64] Log: FLevelSaver: 393216 bytes
[0839.64] Log: m_ObjectDictionarySaver: 131072 bytes
[0839.64] Log: m_ObjectDictionary: 379136 bytes for 7102 items
[0839.64] Log: m_SavedObjects: 288960 bytes for 5596 items
[1105.97] Log: FLevelSaver: 393216 bytes
[1105.97] Log: m_ObjectDictionarySaver: 131072 bytes
[1105.97] Log: m_ObjectDictionary: 379136 bytes for 6855 items
[1105.97] Log: m_SavedObjects: 288960 bytes for 5342 items
[1184.81] Log: FLevelSaver: 393216 bytes
[1184.81] Log: m_ObjectDictionarySaver: 131072 bytes
[1184.81] Log: m_ObjectDictionary: 379136 bytes for 6847 items
[1184.81] Log: m_SavedObjects: 288960 bytes for 5334 items
[1219.18] Log: FLevelSaver: 393216 bytes
[1219.18] Log: m_ObjectDictionarySaver: 131072 bytes
[1219.18] Log: m_ObjectDictionary: 379136 bytes for 7328 items
[1219.18] Log: m_SavedObjects: 288960 bytes for 5813 items
[1279.22] Log: FLevelSaver: 393216 bytes
[1279.22] Log: m_ObjectDictionarySaver: 131072 bytes
[1279.22] Log: m_ObjectDictionary: 379136 bytes for 7327 items
[1279.22] Log: m_SavedObjects: 288960 bytes for 5812 items
[1335.24] Log: FLevelSaver: 393216 bytes
[1335.24] Log: m_ObjectDictionarySaver: 131072 bytes
[1335.24] Log: m_ObjectDictionary: 379136 bytes for 5616 items
[1335.24] Log: m_SavedObjects: 288960 bytes for 4392 items
[1344.30] Log: FLevelSaver: 393216 bytes
[1344.30] Log: m_ObjectDictionarySaver: 131072 bytes
[1344.30] Log: m_ObjectDictionary: 379136 bytes for 7472 items
[1344.30] Log: m_SavedObjects: 288960 bytes for 5942 items
[1368.54] Log: FLevelSaver: 393216 bytes
[1368.54] Log: m_ObjectDictionarySaver: 131072 bytes
[1368.54] Log: m_ObjectDictionary: 379136 bytes for 7488 items
[1368.54] Log: m_SavedObjects: 288960 bytes for 5951 items
[1417.51] Log: FLevelSaver: 393216 bytes
[1417.51] Log: m_ObjectDictionarySaver: 131072 bytes
[1417.51] Log: m_ObjectDictionary: 379136 bytes for 7238 items
[1417.51] Log: m_SavedObjects: 288960 bytes for 5706 items
[1463.53] Log: FLevelSaver: 393216 bytes
[1463.53] Log: m_ObjectDictionarySaver: 131072 bytes
[1463.53] Log: m_ObjectDictionary: 379136 bytes for 6999 items
[1463.53] Log: m_SavedObjects: 288960 bytes for 5468 items
[1494.64] Log: FLevelSaver: 393216 bytes
[1494.64] Log: m_ObjectDictionarySaver: 131072 bytes
[1494.64] Log: m_ObjectDictionary: 379136 bytes for 6992 items
[1494.64] Log: m_SavedObjects: 288960 bytes for 5462 items
[1541.48] Log: FLevelSaver: 393216 bytes
[1541.48] Log: m_ObjectDictionarySaver: 131072 bytes
[1541.48] Log: m_ObjectDictionary: 379136 bytes for 6743 items
[1541.48] Log: m_SavedObjects: 288960 bytes for 5219 items
[1597.15] Log: FLevelSaver: 393216 bytes
[1597.15] Log: m_ObjectDictionarySaver: 131072 bytes
[1597.15] Log: m_ObjectDictionary: 379136 bytes for 6742 items
[1597.15] Log: m_SavedObjects: 288960 bytes for 5218 items
[1606.55] Log: FLevelSaver: 393216 bytes
[1606.55] Log: m_ObjectDictionarySaver: 131072 bytes
[1606.55] Log: m_ObjectDictionary: 379136 bytes for 7179 items
[1606.55] Log: m_SavedObjects: 288960 bytes for 5567 items
[1746.35] Log: FLevelSaver: 393216 bytes
[1746.35] Log: m_ObjectDictionarySaver: 131072 bytes
[1746.35] Log: m_ObjectDictionary: 379136 bytes for 7179 items
[1746.35] Log: m_SavedObjects: 288960 bytes for 5567 items
[1752.43] Log: FLevelSaver: 393216 bytes
[1752.43] Log: m_ObjectDictionarySaver: 131072 bytes
[1752.43] Log: m_ObjectDictionary: 379136 bytes for 7188 items
[1752.43] Log: m_SavedObjects: 288960 bytes for 5571 items
[1928.20] Log: FLevelSaver: 393216 bytes
[1928.20] Log: m_ObjectDictionarySaver: 131072 bytes
[1928.20] Log: m_ObjectDictionary: 395520 bytes for 8994 items
[1928.20] Log: m_SavedObjects: 288960 bytes for 7265 items
[2072.68] Log: FLevelSaver: 393216 bytes
[2072.68] Log: m_ObjectDictionarySaver: 131072 bytes
[2072.68] Log: m_ObjectDictionary: 395520 bytes for 8981 items
[2072.68] Log: m_SavedObjects: 288960 bytes for 7255 items
[2074.63] Log: FLevelSaver: 393216 bytes
[2074.63] Log: m_ObjectDictionarySaver: 131072 bytes
[2074.63] Log: m_ObjectDictionary: 395520 bytes for 8981 items
[2074.63] Log: m_SavedObjects: 288960 bytes for 7255 items
[2174.30] Log: FLevelSaver: 393216 bytes
[2174.30] Log: m_ObjectDictionarySaver: 131072 bytes
[2174.30] Log: m_ObjectDictionary: 395520 bytes for 8980 items
[2174.30] Log: m_SavedObjects: 288960 bytes for 7250 items
[2216.79] Log: FLevelSaver: 393216 bytes
[2216.79] Log: m_ObjectDictionarySaver: 131072 bytes
[2216.79] Log: m_ObjectDictionary: 395520 bytes for 8974 items
[2216.79] Log: m_SavedObjects: 288960 bytes for 7241 items
[2241.56] Log: FLevelSaver: 393216 bytes
[2241.56] Log: m_ObjectDictionarySaver: 131072 bytes
[2241.56] Log: m_ObjectDictionary: 395520 bytes for 8975 items
[2241.56] Log: m_SavedObjects: 288960 bytes for 7242 items
[2245.44] Log: FLevelSaver: 393216 bytes
[2245.45] Log: m_ObjectDictionarySaver: 131072 bytes
[2245.45] Log: m_ObjectDictionary: 395520 bytes for 8979 items
[2245.45] Log: m_SavedObjects: 288960 bytes for 7242 items
[2270.95] Log: FLevelSaver: 393216 bytes
[2270.95] Log: m_ObjectDictionarySaver: 131072 bytes
[2270.95] Log: m_ObjectDictionary: 395520 bytes for 8977 items
[2270.95] Log: m_SavedObjects: 288960 bytes for 7242 items
[2273.26] Log: FLevelSaver: 393216 bytes
[2273.26] Log: m_ObjectDictionarySaver: 131072 bytes
[2273.26] Log: m_ObjectDictionary: 395520 bytes for 8977 items
[2273.26] Log: m_SavedObjects: 288960 bytes for 7242 items
[2334.50] Log: FLevelSaver: 393216 bytes
[2334.50] Log: m_ObjectDictionarySaver: 131072 bytes
[2334.50] Log: m_ObjectDictionary: 395520 bytes for 8979 items
[2334.50] Log: m_SavedObjects: 288960 bytes for 7236 items
[2339.35] Log: FLevelSaver: 393216 bytes
[2339.35] Log: m_ObjectDictionarySaver: 131072 bytes
[2339.35] Log: m_ObjectDictionary: 395520 bytes for 8979 items
[2339.35] Log: m_SavedObjects: 288960 bytes for 7235 items
[2428.74] Log: FLevelSaver: 393216 bytes
[2428.74] Log: m_ObjectDictionarySaver: 131072 bytes
[2428.74] Log: m_ObjectDictionary: 395520 bytes for 8975 items
[2428.74] Log: m_SavedObjects: 288960 bytes for 7233 items
[2476.72] Log: FLevelSaver: 393216 bytes
[2476.72] Log: m_ObjectDictionarySaver: 131072 bytes
[2476.72] Log: m_ObjectDictionary: 395520 bytes for 8976 items
[2476.72] Log: m_SavedObjects: 288960 bytes for 7233 items
[2486.99] Log: FLevelSaver: 393216 bytes
[2486.99] Log: m_ObjectDictionarySaver: 131072 bytes
[2486.99] Log: m_ObjectDictionary: 395520 bytes for 8976 items
[2486.99] Log: m_SavedObjects: 288960 bytes for 7232 items
[2514.07] Log: FLevelSaver: 393216 bytes
[2514.07] Log: m_ObjectDictionarySaver: 131072 bytes
[2514.07] Log: m_ObjectDictionary: 395520 bytes for 8972 items
[2514.07] Log: m_SavedObjects: 288960 bytes for 7230 items
[2565.93] Log: FLevelSaver: 393216 bytes
[2565.93] Log: m_ObjectDictionarySaver: 131072 bytes
[2565.93] Log: m_ObjectDictionary: 395520 bytes for 10478 items
[2565.93] Log: m_SavedObjects: 305344 bytes for 8690 items
[2604.24] Log: FLevelSaver: 393216 bytes
[2604.24] Log: m_ObjectDictionarySaver: 131072 bytes
[2604.24] Log: m_ObjectDictionary: 395520 bytes for 10003 items
[2604.24] Log: m_SavedObjects: 305344 bytes for 8231 items
[2624.12] Log: FLevelSaver: 393216 bytes
[2624.12] Log: m_ObjectDictionarySaver: 131072 bytes
[2624.12] Log: m_ObjectDictionary: 395520 bytes for 9994 items
[2624.12] Log: m_SavedObjects: 305344 bytes for 8224 items
[2656.59] Log: FLevelSaver: 393216 bytes
[2656.59] Log: m_ObjectDictionarySaver: 131072 bytes
[2656.59] Log: m_ObjectDictionary: 395520 bytes for 9757 items
[2656.59] Log: m_SavedObjects: 288960 bytes for 8007 items
[2684.22] Log: FLevelSaver: 393216 bytes
[2684.22] Log: m_ObjectDictionarySaver: 131072 bytes
[2684.22] Log: m_ObjectDictionary: 395520 bytes for 9764 items
[2684.22] Log: m_SavedObjects: 288960 bytes for 8009 items
[2742.79] Log: FLevelSaver: 393216 bytes
[2742.79] Log: m_ObjectDictionarySaver: 131072 bytes
[2742.79] Log: m_ObjectDictionary: 395520 bytes for 9771 items
[2742.79] Log: m_SavedObjects: 288960 bytes for 8013 items
[2766.35] Log: FLevelSaver: 393216 bytes
[2766.35] Log: m_ObjectDictionarySaver: 131072 bytes
[2766.35] Log: m_ObjectDictionary: 395520 bytes for 9769 items
[2766.35] Log: m_SavedObjects: 288960 bytes for 8013 items
[2805.72] Log: FLevelSaver: 393216 bytes
[2805.72] Log: m_ObjectDictionarySaver: 131072 bytes
[2805.72] Log: m_ObjectDictionary: 395520 bytes for 9507 items
[2805.72] Log: m_SavedObjects: 288960 bytes for 7762 items
[2846.24] Log: FLevelSaver: 393216 bytes
[2846.24] Log: m_ObjectDictionarySaver: 131072 bytes
[2846.24] Log: m_ObjectDictionary: 395520 bytes for 9221 items
[2846.24] Log: m_SavedObjects: 288960 bytes for 7536 items
[2859.72] Log: FLevelSaver: 393216 bytes
[2859.72] Log: m_ObjectDictionarySaver: 131072 bytes
[2859.72] Log: m_ObjectDictionary: 395520 bytes for 9208 items
[2859.72] Log: m_SavedObjects: 288960 bytes for 7532 items
[2870.73] Log: FLevelSaver: 393216 bytes
[2870.73] Log: m_ObjectDictionarySaver: 131072 bytes
[2870.73] Log: m_ObjectDictionary: 395520 bytes for 9202 items
[2870.73] Log: m_SavedObjects: 288960 bytes for 7527 items
[2893.92] Log: FLevelSaver: 393216 bytes
[2893.92] Log: m_ObjectDictionarySaver: 131072 bytes
[2893.92] Log: m_ObjectDictionary: 395520 bytes for 8943 items
[2893.92] Log: m_SavedObjects: 288960 bytes for 7284 items
[2939.30] Log: FLevelSaver: 393216 bytes
[2939.30] Log: m_ObjectDictionarySaver: 131072 bytes
[2939.30] Log: m_ObjectDictionary: 395520 bytes for 8952 items
[2939.30] Log: m_SavedObjects: 288960 bytes for 7285 items
[2991.80] Log: FLevelSaver: 393216 bytes
[2991.80] Log: m_ObjectDictionarySaver: 131072 bytes
[2991.80] Log: m_ObjectDictionary: 395520 bytes for 8704 items
[2991.80] Log: m_SavedObjects: 288960 bytes for 7041 items
[2992.92] Log: FLevelSaver: 393216 bytes
[2992.92] Log: m_ObjectDictionarySaver: 131072 bytes
[2992.92] Log: m_ObjectDictionary: 395520 bytes for 8704 items
[2992.92] Log: m_SavedObjects: 288960 bytes for 7041 items
[3010.75] Log: FLevelSaver: 393216 bytes
[3010.75] Log: m_ObjectDictionarySaver: 131072 bytes
[3010.75] Log: m_ObjectDictionary: 395520 bytes for 8702 items
[3010.75] Log: m_SavedObjects: 288960 bytes for 7041 items
[3034.80] Log: FLevelSaver: 393216 bytes
[3034.80] Log: m_ObjectDictionarySaver: 131072 bytes
[3034.80] Log: m_ObjectDictionary: 395520 bytes for 8703 items
[3034.80] Log: m_SavedObjects: 288960 bytes for 7041 items
[3102.28] Log: FLevelSaver: 393216 bytes
[3102.28] Log: m_ObjectDictionarySaver: 131072 bytes
[3102.28] Log: m_ObjectDictionary: 395520 bytes for 8695 items
[3102.28] Log: m_SavedObjects: 288960 bytes for 7040 items
[3147.37] Log: FLevelSaver: 393216 bytes
[3147.37] Log: m_ObjectDictionarySaver: 131072 bytes
[3147.37] Log: m_ObjectDictionary: 395520 bytes for 8707 items
[3147.37] Log: m_SavedObjects: 288960 bytes for 7044 items
[3188.01] Log: FLevelSaver: 393216 bytes
[3188.01] Log: m_ObjectDictionarySaver: 131072 bytes
[3188.01] Log: m_ObjectDictionary: 395520 bytes for 9987 items
[3188.01] Log: m_SavedObjects: 305344 bytes for 8232 items
[3216.57] Log: FLevelSaver: 393216 bytes
[3216.57] Log: m_ObjectDictionarySaver: 131072 bytes
[3216.57] Log: m_ObjectDictionary: 395520 bytes for 9990 items
[3216.57] Log: m_SavedObjects: 305344 bytes for 8233 items
[3246.54] Log: FLevelSaver: 393216 bytes
[3246.54] Log: m_ObjectDictionarySaver: 131072 bytes
[3246.54] Log: m_ObjectDictionary: 395520 bytes for 9742 items
[3246.54] Log: m_SavedObjects: 288960 bytes for 8015 items
[3336.87] Log: FLevelSaver: 393216 bytes
[3336.87] Log: m_ObjectDictionarySaver: 131072 bytes
[3336.87] Log: m_ObjectDictionary: 395520 bytes for 9236 items
[3336.87] Log: m_SavedObjects: 288960 bytes for 7523 items
[3392.18] Log: FLevelSaver: 393216 bytes
[3392.18] Log: m_ObjectDictionarySaver: 131072 bytes
[3392.18] Log: m_ObjectDictionary: 395520 bytes for 9238 items
[3392.18] Log: m_SavedObjects: 288960 bytes for 7525 items
[3406.08] Log: FLevelSaver: 393216 bytes
[3406.08] Log: m_ObjectDictionarySaver: 131072 bytes
[3406.08] Log: m_ObjectDictionary: 395520 bytes for 9241 items
[3406.08] Log: m_SavedObjects: 288960 bytes for 7526 items
[3425.05] Log: FLevelSaver: 393216 bytes
[3425.05] Log: m_ObjectDictionarySaver: 131072 bytes
[3425.05] Log: m_ObjectDictionary: 395520 bytes for 9241 items
[3425.05] Log: m_SavedObjects: 288960 bytes for 7525 items
[3463.06] Log: FLevelSaver: 393216 bytes
[3463.06] Log: m_ObjectDictionarySaver: 131072 bytes
[3463.06] Log: m_ObjectDictionary: 395520 bytes for 8991 items
[3463.06] Log: m_SavedObjects: 288960 bytes for 7279 items
[3476.06] Log: FLevelSaver: 393216 bytes
[3476.06] Log: m_ObjectDictionarySaver: 131072 bytes
[3476.06] Log: m_ObjectDictionary: 395520 bytes for 9014 items
[3476.06] Log: m_SavedObjects: 288960 bytes for 7294 items
[3589.80] Log: FLevelSaver: 393216 bytes
[3589.80] Log: m_ObjectDictionarySaver: 131072 bytes
[3589.80] Log: m_ObjectDictionary: 395520 bytes for 8488 items
[3589.80] Log: m_SavedObjects: 288960 bytes for 6791 items
[3626.38] Log: FLevelSaver: 393216 bytes
[3626.38] Log: m_ObjectDictionarySaver: 131072 bytes
[3626.38] Log: m_ObjectDictionary: 395520 bytes for 8626 items
[3626.38] Log: m_SavedObjects: 288960 bytes for 6913 items
[3655.91] Log: FLevelSaver: 393216 bytes
[3655.91] Log: m_ObjectDictionarySaver: 131072 bytes
[3655.91] Log: m_ObjectDictionary: 395520 bytes for 8627 items
[3655.91] Log: m_SavedObjects: 288960 bytes for 6914 items
[3695.29] Log: FLevelSaver: 393216 bytes
[3695.29] Log: m_ObjectDictionarySaver: 131072 bytes
[3695.29] Log: m_ObjectDictionary: 379136 bytes for 8121 items
[3695.29] Log: m_SavedObjects: 288960 bytes for 6424 items
[3697.11] Log: FLevelSaver: 393216 bytes
[3697.11] Log: m_ObjectDictionarySaver: 131072 bytes
[3697.11] Log: m_ObjectDictionary: 379136 bytes for 8120 items
[3697.11] Log: m_SavedObjects: 288960 bytes for 6424 items
[3728.83] Log: FLevelSaver: 393216 bytes
[3728.83] Log: m_ObjectDictionarySaver: 131072 bytes
[3728.83] Log: m_ObjectDictionary: 379136 bytes for 8112 items
[3728.83] Log: m_SavedObjects: 288960 bytes for 6422 items
[3848.37] Log: FLevelSaver: 393216 bytes
[3848.37] Log: m_ObjectDictionarySaver: 131072 bytes
[3848.37] Log: m_ObjectDictionary: 379136 bytes for 8142 items
[3848.37] Log: m_SavedObjects: 288960 bytes for 6433 items
[3895.62] Log: FLevelSaver: 393216 bytes
[3895.62] Log: m_ObjectDictionarySaver: 131072 bytes
[3895.62] Log: m_ObjectDictionary: 379136 bytes for 8138 items
[3895.62] Log: m_SavedObjects: 288960 bytes for 6432 items
[3958.74] Log: FLevelSaver: 393216 bytes
[3958.74] Log: m_ObjectDictionarySaver: 131072 bytes
[3958.74] Log: m_ObjectDictionary: 379136 bytes for 8141 items
[3958.74] Log: m_SavedObjects: 288960 bytes for 6434 items
[3978.28] Log: FLevelSaver: 393216 bytes
[3978.28] Log: m_ObjectDictionarySaver: 131072 bytes
[3978.28] Log: m_ObjectDictionary: 379136 bytes for 8167 items
[3978.28] Log: m_SavedObjects: 288960 bytes for 6450 items
[4119.42] Log: FLevelSaver: 393216 bytes
[4119.42] Log: m_ObjectDictionarySaver: 131072 bytes
[4119.42] Log: m_ObjectDictionary: 379136 bytes for 7384 items
[4119.42] Log: m_SavedObjects: 288960 bytes for 5698 items
[4145.20] Log: FLevelSaver: 393216 bytes
[4145.20] Log: m_ObjectDictionarySaver: 131072 bytes
[4145.20] Log: m_ObjectDictionary: 370944 bytes for 3288 items
[4145.20] Log: m_SavedObjects: 280768 bytes for 2339 items
[4185.74] Log: FLevelSaver: 393216 bytes
[4185.74] Log: m_ObjectDictionarySaver: 131072 bytes
[4185.74] Log: m_ObjectDictionary: 379136 bytes for 4778 items
[4185.74] Log: m_SavedObjects: 280768 bytes for 3453 items
[4289.15] Log: FLevelSaver: 393216 bytes
[4289.15] Log: m_ObjectDictionarySaver: 131072 bytes
[4289.15] Log: m_ObjectDictionary: 379136 bytes for 4488 items
[4289.15] Log: m_SavedObjects: 280768 bytes for 3207 items
[4368.53] Log: FLevelSaver: 393216 bytes
[4368.53] Log: m_ObjectDictionarySaver: 131072 bytes
[4368.53] Log: m_ObjectDictionary: 379136 bytes for 4478 items
[4368.53] Log: m_SavedObjects: 280768 bytes for 3204 items
[4408.20] Log: FLevelSaver: 393216 bytes
[4408.20] Log: m_ObjectDictionarySaver: 131072 bytes
[4408.20] Log: m_ObjectDictionary: 379136 bytes for 4478 items
[4408.20] Log: m_SavedObjects: 280768 bytes for 3204 items
[4444.70] Log: FLevelSaver: 393216 bytes
[4444.70] Log: m_ObjectDictionarySaver: 131072 bytes
[4444.70] Log: m_ObjectDictionary: 379136 bytes for 4237 items
[4444.70] Log: m_SavedObjects: 280768 bytes for 2967 items
[4481.74] Log: FLevelSaver: 393216 bytes
[4481.74] Log: m_ObjectDictionarySaver: 131072 bytes
[4481.74] Log: m_ObjectDictionary: 379136 bytes for 4236 items
[4481.74] Log: m_SavedObjects: 280768 bytes for 2965 items
[4516.97] Log: FLevelSaver: 393216 bytes
[4516.97] Log: m_ObjectDictionarySaver: 131072 bytes
[4516.97] Log: m_ObjectDictionary: 379136 bytes for 4241 items
[4516.97] Log: m_SavedObjects: 280768 bytes for 2963 items
[4593.65] Log: FLevelSaver: 393216 bytes
[4593.65] Log: m_ObjectDictionarySaver: 131072 bytes
[4593.65] Log: m_ObjectDictionary: 379136 bytes for 4228 items
[4593.65] Log: m_SavedObjects: 280768 bytes for 2957 items
[4606.32] Log: FLevelSaver: 393216 bytes
[4606.32] Log: m_ObjectDictionarySaver: 131072 bytes
[4606.32] Log: m_ObjectDictionary: 379136 bytes for 4226 items
[4606.32] Log: m_SavedObjects: 280768 bytes for 2957 items
[4617.16] Log: FLevelSaver: 393216 bytes
[4617.16] Log: m_ObjectDictionarySaver: 131072 bytes
[4617.16] Log: m_ObjectDictionary: 379136 bytes for 4223 items
[4617.16] Log: m_SavedObjects: 280768 bytes for 2954 items
[4689.48] Log: FLevelSaver: 393216 bytes
[4689.48] Log: m_ObjectDictionarySaver: 131072 bytes
[4689.48] Log: m_ObjectDictionary: 379136 bytes for 4223 items
[4689.48] Log: m_SavedObjects: 280768 bytes for 2954 items
[4696.99] Log: FLevelSaver: 393216 bytes
[4696.99] Log: m_ObjectDictionarySaver: 131072 bytes
[4696.99] Log: m_ObjectDictionary: 379136 bytes for 4223 items
[4696.99] Log: m_SavedObjects: 280768 bytes for 2954 items
[4824.48] Log: FLevelSaver: 393216 bytes
[4824.48] Log: m_ObjectDictionarySaver: 131072 bytes
[4824.48] Log: m_ObjectDictionary: 379136 bytes for 4213 items
[4824.48] Log: m_SavedObjects: 280768 bytes for 2942 items
[4889.17] Log: FLevelSaver: 393216 bytes
[4889.17] Log: m_ObjectDictionarySaver: 131072 bytes
[4889.17] Log: m_ObjectDictionary: 379136 bytes for 5933 items
[4889.17] Log: m_SavedObjects: 288960 bytes for 4630 items
[4917.14] Log: FLevelSaver: 393216 bytes
[4917.14] Log: m_ObjectDictionarySaver: 131072 bytes
[4917.14] Log: m_ObjectDictionary: 395520 bytes for 10926 items
[4917.14] Log: m_SavedObjects: 305344 bytes for 9074 items
[5001.38] Log: FLevelSaver: 393216 bytes
[5001.38] Log: m_ObjectDictionarySaver: 131072 bytes
[5001.38] Log: m_ObjectDictionary: 395520 bytes for 10926 items
[5001.38] Log: m_SavedObjects: 305344 bytes for 9073 items
[5040.24] Log: FLevelSaver: 393216 bytes
[5040.24] Log: m_ObjectDictionarySaver: 131072 bytes
[5040.24] Log: m_ObjectDictionary: 395520 bytes for 10919 items
[5040.24] Log: m_SavedObjects: 305344 bytes for 9068 items
[5285.36] Log: FLevelSaver: 393216 bytes
[5285.36] Log: m_ObjectDictionarySaver: 131072 bytes
[5285.36] Log: m_ObjectDictionary: 395520 bytes for 10905 items
[5285.36] Log: m_SavedObjects: 305344 bytes for 9056 items
[5308.04] Log: FLevelSaver: 393216 bytes
[5308.04] Log: m_ObjectDictionarySaver: 131072 bytes
[5308.04] Log: m_ObjectDictionary: 395520 bytes for 10919 items
[5308.04] Log: m_SavedObjects: 305344 bytes for 9067 items
[5397.29] Log: FLevelSaver: 393216 bytes
[5397.29] Log: m_ObjectDictionarySaver: 131072 bytes
[5397.29] Log: m_ObjectDictionary: 395520 bytes for 10903 items
[5397.29] Log: m_SavedObjects: 305344 bytes for 9051 items
[5425.90] Log: FLevelSaver: 393216 bytes
[5425.90] Log: m_ObjectDictionarySaver: 131072 bytes
[5425.90] Log: m_ObjectDictionary: 395520 bytes for 10912 items
[5425.90] Log: m_SavedObjects: 305344 bytes for 9053 items
[5436.66] Log: FLevelSaver: 393216 bytes
[5436.66] Log: m_ObjectDictionarySaver: 131072 bytes
[5436.66] Log: m_ObjectDictionary: 395520 bytes for 10905 items
[5436.66] Log: m_SavedObjects: 305344 bytes for 9047 items
[5459.70] Log: FLevelSaver: 393216 bytes
[5459.70] Log: m_ObjectDictionarySaver: 131072 bytes
[5459.70] Log: m_ObjectDictionary: 395520 bytes for 10895 items
[5459.70] Log: m_SavedObjects: 305344 bytes for 9038 items
[5467.64] Log: FLevelSaver: 393216 bytes
[5467.64] Log: m_ObjectDictionarySaver: 131072 bytes
[5467.64] Log: m_ObjectDictionary: 395520 bytes for 10897 items
[5467.64] Log: m_SavedObjects: 305344 bytes for 9043 items
[5534.61] Log: FLevelSaver: 393216 bytes
[5534.61] Log: m_ObjectDictionarySaver: 131072 bytes
[5534.61] Log: m_ObjectDictionary: 395520 bytes for 10897 items
[5534.61] Log: m_SavedObjects: 305344 bytes for 9041 items
[5603.62] Log: FLevelSaver: 393216 bytes
[5603.62] Log: m_ObjectDictionarySaver: 131072 bytes
[5603.62] Log: m_ObjectDictionary: 395520 bytes for 10902 items
[5603.62] Log: m_SavedObjects: 305344 bytes for 9045 items
[5670.16] Log: FLevelSaver: 393216 bytes
[5670.16] Log: m_ObjectDictionarySaver: 131072 bytes
[5670.16] Log: m_ObjectDictionary: 395520 bytes for 10895 items
[5670.16] Log: m_SavedObjects: 305344 bytes for 9039 items
[5720.35] Log: FLevelSaver: 393216 bytes
[5720.35] Log: m_ObjectDictionarySaver: 131072 bytes
[5720.35] Log: m_ObjectDictionary: 395520 bytes for 10896 items
[5720.35] Log: m_SavedObjects: 305344 bytes for 9040 items
[5777.74] Log: FLevelSaver: 393216 bytes
[5777.74] Log: m_ObjectDictionarySaver: 131072 bytes
[5777.74] Log: m_ObjectDictionary: 395520 bytes for 10896 items
[5777.74] Log: m_SavedObjects: 305344 bytes for 9036 items
[5822.61] Log: FLevelSaver: 393216 bytes
[5822.61] Log: m_ObjectDictionarySaver: 131072 bytes
[5822.61] Log: m_ObjectDictionary: 395520 bytes for 10499 items
[5822.61] Log: m_SavedObjects: 305344 bytes for 8650 items
[5826.47] Log: FLevelSaver: 393216 bytes
[5826.47] Log: m_ObjectDictionarySaver: 131072 bytes
[5826.47] Log: m_ObjectDictionary: 395520 bytes for 10491 items
[5826.47] Log: m_SavedObjects: 305344 bytes for 8648 items
[5830.29] Log: FLevelSaver: 393216 bytes
[5830.29] Log: m_ObjectDictionarySaver: 131072 bytes
[5830.29] Log: m_ObjectDictionary: 395520 bytes for 10501 items
[5830.29] Log: m_SavedObjects: 305344 bytes for 8652 items
[5848.97] Log: FLevelSaver: 393216 bytes
[5848.97] Log: m_ObjectDictionarySaver: 131072 bytes
[5848.97] Log: m_ObjectDictionary: 395520 bytes for 10503 items
[5848.97] Log: m_SavedObjects: 305344 bytes for 8657 items
[5857.55] Log: FLevelSaver: 393216 bytes
[5857.55] Log: m_ObjectDictionarySaver: 131072 bytes
[5857.55] Log: m_ObjectDictionary: 395520 bytes for 10494 items
[5857.55] Log: m_SavedObjects: 305344 bytes for 8649 items
[5868.30] Log: FLevelSaver: 393216 bytes
[5868.30] Log: m_ObjectDictionarySaver: 131072 bytes
[5868.30] Log: m_ObjectDictionary: 395520 bytes for 10492 items
[5868.30] Log: m_SavedObjects: 305344 bytes for 8649 items
[5991.89] Log: FLevelSaver: 393216 bytes
[5991.89] Log: m_ObjectDictionarySaver: 131072 bytes
[5991.89] Log: m_ObjectDictionary: 395520 bytes for 10001 items
[5991.89] Log: m_SavedObjects: 288960 bytes for 8161 items
[6040.54] Log: FLevelSaver: 393216 bytes
[6040.54] Log: m_ObjectDictionarySaver: 131072 bytes
[6040.54] Log: m_ObjectDictionary: 395520 bytes for 10000 items
[6040.54] Log: m_SavedObjects: 288960 bytes for 8159 items
[6076.51] Log: FLevelSaver: 393216 bytes
[6076.51] Log: m_ObjectDictionarySaver: 131072 bytes
[6076.51] Log: m_ObjectDictionary: 395520 bytes for 9991 items
[6076.51] Log: m_SavedObjects: 288960 bytes for 8151 items
[6106.81] Log: FLevelSaver: 393216 bytes
[6106.81] Log: m_ObjectDictionarySaver: 131072 bytes
[6106.81] Log: m_ObjectDictionary: 395520 bytes for 10016 items
[6106.81] Log: m_SavedObjects: 288960 bytes for 8162 items
[6110.89] Log: FLevelSaver: 393216 bytes
[6110.89] Log: m_ObjectDictionarySaver: 131072 bytes
[6110.89] Log: m_ObjectDictionary: 395520 bytes for 10016 items
[6110.89] Log: m_SavedObjects: 288960 bytes for 8163 items
[6128.59] Log: FLevelSaver: 393216 bytes
[6128.59] Log: m_ObjectDictionarySaver: 131072 bytes
[6128.59] Log: m_ObjectDictionary: 395520 bytes for 10745 items
[6128.59] Log: m_SavedObjects: 305344 bytes for 8903 items
[6138.77] Log: FLevelSaver: 393216 bytes
[6138.77] Log: m_ObjectDictionarySaver: 131072 bytes
[6138.77] Log: m_ObjectDictionary: 395520 bytes for 10749 items
[6138.77] Log: m_SavedObjects: 305344 bytes for 8905 items
[6153.59] Log: FLevelSaver: 393216 bytes
[6153.59] Log: m_ObjectDictionarySaver: 131072 bytes
[6153.59] Log: m_ObjectDictionary: 395520 bytes for 10733 items
[6153.59] Log: m_SavedObjects: 305344 bytes for 8896 items
[6206.51] Log: FLevelSaver: 393216 bytes
[6206.51] Log: m_ObjectDictionarySaver: 131072 bytes
[6206.51] Log: m_ObjectDictionary: 395520 bytes for 10255 items
[6206.51] Log: m_SavedObjects: 305344 bytes for 8422 items
[6265.00] Log: FLevelSaver: 393216 bytes
[6265.00] Log: m_ObjectDictionarySaver: 131072 bytes
[6265.00] Log: m_ObjectDictionary: 395520 bytes for 10263 items
[6265.00] Log: m_SavedObjects: 305344 bytes for 8430 items
[6302.98] Log: FLevelSaver: 393216 bytes
[6302.98] Log: m_ObjectDictionarySaver: 131072 bytes
[6302.98] Log: m_ObjectDictionary: 395520 bytes for 10259 items
[6302.98] Log: m_SavedObjects: 305344 bytes for 8431 items
[6525.61] Log: FLevelSaver: 393216 bytes
[6525.61] Log: m_ObjectDictionarySaver: 131072 bytes
[6525.61] Log: m_ObjectDictionary: 379136 bytes for 7441 items
[6525.61] Log: m_SavedObjects: 288960 bytes for 5691 items
[6562.69] Log: FLevelSaver: 393216 bytes
[6562.69] Log: m_ObjectDictionarySaver: 131072 bytes
[6562.69] Log: m_ObjectDictionary: 379136 bytes for 7441 items
[6562.69] Log: m_SavedObjects: 288960 bytes for 5689 items
[6566.09] Log: FLevelSaver: 393216 bytes
[6566.09] Log: m_ObjectDictionarySaver: 131072 bytes
[6566.09] Log: m_ObjectDictionary: 379136 bytes for 7441 items
[6566.09] Log: m_SavedObjects: 288960 bytes for 5689 items
[6573.59] Log: Closing by request
[6574.27] Log: Log file closed, 07/26/20 08:46:01
