[0013.22] Log: Log file open, 12/11/20 16:04:01
[0013.22] DevMemory: Virtual  memory allocation size: 325.67 MByte (341492544 Bytes)
[0013.22] DevMemory: Physical memory allocation size: 333.34 MByte (349532160 Bytes)
[0045.89] DevMemory: Virtual  memory allocation size: 333.26 MByte (349445888 Bytes)
[0045.89] DevMemory: Physical memory allocation size: 361.28 MByte (378826752 Bytes)
[0055.12] Log: WARNING: [guid level name:PDLCOW_C6_Static_LOD] Guid 0003DDC8000000000000000000000000 isn't loaded yet for cross level reference [StaticMeshComponent PDLCOW_C1_Static_FAR.TheWorld:PersistentLevel.StaticMeshCollectionActor_382.StaticMeshActor_SMC_4610:ReplacementPrimitive]
[0055.12] Log: WARNING: [guid level name:PDLCOW_C6_Static_LOD] Guid 0003DDC8000000000000000000000000 isn't loaded yet for cross level reference [StaticMeshComponent PDLCOW_C1_Static_FAR.TheWorld:PersistentLevel.StaticMeshCollectionActor_382.StaticMeshActor_SMC_4611:ReplacementPrimitive]
[0055.12] Log: WARNING: [guid level name:PDLCOW_C6_Static_LOD] Guid 0003DDC8000000000000000000000000 isn't loaded yet for cross level reference [StaticMeshComponent PDLCOW_C1_Static_FAR.TheWorld:PersistentLevel.StaticMeshCollectionActor_382.StaticMeshActor_SMC_4614:ReplacementPrimitive]
[0055.39] Log: WARNING: [guid level name:PDLCOW_C5_Static_LOD] Guid 0003DCC4000000000000000000000000 isn't loaded yet for cross level reference [StaticMeshComponent PDLCOW_A1_Static_FAR.TheWorld:PersistentLevel.StaticMeshCollectionActor_455.StaticMeshActor_SMC_2358:ReplacementPrimitive]
[0055.39] Log: WARNING: [guid level name:PDLCOW_C5_Static_LOD] Guid 0003DCC4000000000000000000000000 isn't loaded yet for cross level reference [StaticMeshComponent PDLCOW_A1_Static_FAR.TheWorld:PersistentLevel.StaticMeshCollectionActor_455.StaticMeshActor_SMC_2361:ReplacementPrimitive]
[0055.39] Log: WARNING: [guid level name:PDLCOW_C5_Static_LOD] Guid 0003DCC1000000000000000000000000 isn't loaded yet for cross level reference [StaticMeshComponent PDLCOW_A1_Static_FAR.TheWorld:PersistentLevel.StaticMeshCollectionActor_457.StaticMeshActor_SMC_2366:ReplacementPrimitive]
[0055.39] Log: WARNING: [guid level name:PDLCOW_C5_Static_LOD] Guid 0003DCC1000000000000000000000000 isn't loaded yet for cross level reference [StaticMeshComponent PDLCOW_A1_Static_FAR.TheWorld:PersistentLevel.StaticMeshCollectionActor_457.StaticMeshActor_SMC_2367:ReplacementPrimitive]
[0055.39] Log: WARNING: [guid level name:PDLCOW_C5_Static_LOD] Guid 0003DCC1000000000000000000000000 isn't loaded yet for cross level reference [StaticMeshComponent PDLCOW_A1_Static_FAR.TheWorld:PersistentLevel.StaticMeshCollectionActor_457.StaticMeshActor_SMC_2368:ReplacementPrimitive]
[0055.39] Log: WARNING: [guid level name:PDLCOW_C5_Static_LOD] Guid 0003DCC1000000000000000000000000 isn't loaded yet for cross level reference [StaticMeshComponent PDLCOW_A1_Static_FAR.TheWorld:PersistentLevel.StaticMeshCollectionActor_457.StaticMeshActor_SMC_2370:ReplacementPrimitive]
[0055.39] Log: WARNING: [guid level name:PDLCOW_C5_Static_LOD] Guid 0003DCC2000000000000000000000000 isn't loaded yet for cross level reference [StaticMeshComponent PDLCOW_A1_Static_FAR.TheWorld:PersistentLevel.StaticMeshCollectionActor_457.StaticMeshActor_SMC_2371:ReplacementPrimitive]
[0055.39] Log: WARNING: [guid level name:PDLCOW_C5_Static_LOD] Guid 0003DCC2000000000000000000000000 isn't loaded yet for cross level reference [StaticMeshComponent PDLCOW_A1_Static_FAR.TheWorld:PersistentLevel.StaticMeshCollectionActor_457.StaticMeshActor_SMC_2372:ReplacementPrimitive]
[0055.39] Log: WARNING: [guid level name:PDLCOW_C5_Static_LOD] Guid 0003DCC1000000000000000000000000 isn't loaded yet for cross level reference [StaticMeshComponent PDLCOW_A1_Static_FAR.TheWorld:PersistentLevel.StaticMeshCollectionActor_457.StaticMeshActor_SMC_2378:ReplacementPrimitive]
[0229.55] Log: WARNING: [guid level name:PDLCOW_C6_Static_LOD] Guid 0003DDC8000000000000000000000000 isn't loaded yet for cross level reference [StaticMeshComponent PDLCOW_C1_Static_FAR.TheWorld:PersistentLevel.StaticMeshCollectionActor_382.StaticMeshActor_SMC_4610:ReplacementPrimitive]
[0229.55] Log: WARNING: [guid level name:PDLCOW_C6_Static_LOD] Guid 0003DDC8000000000000000000000000 isn't loaded yet for cross level reference [StaticMeshComponent PDLCOW_C1_Static_FAR.TheWorld:PersistentLevel.StaticMeshCollectionActor_382.StaticMeshActor_SMC_4611:ReplacementPrimitive]
[0229.55] Log: WARNING: [guid level name:PDLCOW_C6_Static_LOD] Guid 0003DDC8000000000000000000000000 isn't loaded yet for cross level reference [StaticMeshComponent PDLCOW_C1_Static_FAR.TheWorld:PersistentLevel.StaticMeshCollectionActor_382.StaticMeshActor_SMC_4614:ReplacementPrimitive]
[0229.81] Log: WARNING: [guid level name:PDLCOW_C5_Static_LOD] Guid 0003DCC4000000000000000000000000 isn't loaded yet for cross level reference [StaticMeshComponent PDLCOW_A1_Static_FAR.TheWorld:PersistentLevel.StaticMeshCollectionActor_455.StaticMeshActor_SMC_2358:ReplacementPrimitive]
[0229.81] Log: WARNING: [guid level name:PDLCOW_C5_Static_LOD] Guid 0003DCC4000000000000000000000000 isn't loaded yet for cross level reference [StaticMeshComponent PDLCOW_A1_Static_FAR.TheWorld:PersistentLevel.StaticMeshCollectionActor_455.StaticMeshActor_SMC_2361:ReplacementPrimitive]
[0229.81] Log: WARNING: [guid level name:PDLCOW_C5_Static_LOD] Guid 0003DCC1000000000000000000000000 isn't loaded yet for cross level reference [StaticMeshComponent PDLCOW_A1_Static_FAR.TheWorld:PersistentLevel.StaticMeshCollectionActor_457.StaticMeshActor_SMC_2366:ReplacementPrimitive]
[0229.81] Log: WARNING: [guid level name:PDLCOW_C5_Static_LOD] Guid 0003DCC1000000000000000000000000 isn't loaded yet for cross level reference [StaticMeshComponent PDLCOW_A1_Static_FAR.TheWorld:PersistentLevel.StaticMeshCollectionActor_457.StaticMeshActor_SMC_2367:ReplacementPrimitive]
[0229.81] Log: WARNING: [guid level name:PDLCOW_C5_Static_LOD] Guid 0003DCC1000000000000000000000000 isn't loaded yet for cross level reference [StaticMeshComponent PDLCOW_A1_Static_FAR.TheWorld:PersistentLevel.StaticMeshCollectionActor_457.StaticMeshActor_SMC_2368:ReplacementPrimitive]
[0229.81] Log: WARNING: [guid level name:PDLCOW_C5_Static_LOD] Guid 0003DCC1000000000000000000000000 isn't loaded yet for cross level reference [StaticMeshComponent PDLCOW_A1_Static_FAR.TheWorld:PersistentLevel.StaticMeshCollectionActor_457.StaticMeshActor_SMC_2370:ReplacementPrimitive]
[0229.81] Log: WARNING: [guid level name:PDLCOW_C5_Static_LOD] Guid 0003DCC2000000000000000000000000 isn't loaded yet for cross level reference [StaticMeshComponent PDLCOW_A1_Static_FAR.TheWorld:PersistentLevel.StaticMeshCollectionActor_457.StaticMeshActor_SMC_2371:ReplacementPrimitive]
[0229.81] Log: WARNING: [guid level name:PDLCOW_C5_Static_LOD] Guid 0003DCC2000000000000000000000000 isn't loaded yet for cross level reference [StaticMeshComponent PDLCOW_A1_Static_FAR.TheWorld:PersistentLevel.StaticMeshCollectionActor_457.StaticMeshActor_SMC_2372:ReplacementPrimitive]
[0229.81] Log: WARNING: [guid level name:PDLCOW_C5_Static_LOD] Guid 0003DCC1000000000000000000000000 isn't loaded yet for cross level reference [StaticMeshComponent PDLCOW_A1_Static_FAR.TheWorld:PersistentLevel.StaticMeshCollectionActor_457.StaticMeshActor_SMC_2378:ReplacementPrimitive]
[0637.26] DevMemory: Virtual  memory allocation size: 340.29 MByte (356817552 Bytes)
[0637.26] DevMemory: Physical memory allocation size: 454.85 MByte (476942336 Bytes)
[0639.66] Log: WARNING: [guid level name:PDLCOW_C6_Static_LOD] Guid 0003DDC8000000000000000000000000 isn't loaded yet for cross level reference [StaticMeshComponent PDLCOW_C1_Static_FAR.TheWorld:PersistentLevel.StaticMeshCollectionActor_382.StaticMeshActor_SMC_4610:ReplacementPrimitive]
[0639.66] Log: WARNING: [guid level name:PDLCOW_C6_Static_LOD] Guid 0003DDC8000000000000000000000000 isn't loaded yet for cross level reference [StaticMeshComponent PDLCOW_C1_Static_FAR.TheWorld:PersistentLevel.StaticMeshCollectionActor_382.StaticMeshActor_SMC_4611:ReplacementPrimitive]
[0639.66] Log: WARNING: [guid level name:PDLCOW_C6_Static_LOD] Guid 0003DDC8000000000000000000000000 isn't loaded yet for cross level reference [StaticMeshComponent PDLCOW_C1_Static_FAR.TheWorld:PersistentLevel.StaticMeshCollectionActor_382.StaticMeshActor_SMC_4614:ReplacementPrimitive]
[0639.85] Log: WARNING: [guid level name:PDLCOW_C5_Static_LOD] Guid 0003DCC4000000000000000000000000 isn't loaded yet for cross level reference [StaticMeshComponent PDLCOW_A1_Static_FAR.TheWorld:PersistentLevel.StaticMeshCollectionActor_455.StaticMeshActor_SMC_2358:ReplacementPrimitive]
[0639.85] Log: WARNING: [guid level name:PDLCOW_C5_Static_LOD] Guid 0003DCC4000000000000000000000000 isn't loaded yet for cross level reference [StaticMeshComponent PDLCOW_A1_Static_FAR.TheWorld:PersistentLevel.StaticMeshCollectionActor_455.StaticMeshActor_SMC_2361:ReplacementPrimitive]
[0639.85] Log: WARNING: [guid level name:PDLCOW_C5_Static_LOD] Guid 0003DCC1000000000000000000000000 isn't loaded yet for cross level reference [StaticMeshComponent PDLCOW_A1_Static_FAR.TheWorld:PersistentLevel.StaticMeshCollectionActor_457.StaticMeshActor_SMC_2366:ReplacementPrimitive]
[0639.85] Log: WARNING: [guid level name:PDLCOW_C5_Static_LOD] Guid 0003DCC1000000000000000000000000 isn't loaded yet for cross level reference [StaticMeshComponent PDLCOW_A1_Static_FAR.TheWorld:PersistentLevel.StaticMeshCollectionActor_457.StaticMeshActor_SMC_2367:ReplacementPrimitive]
[0639.85] Log: WARNING: [guid level name:PDLCOW_C5_Static_LOD] Guid 0003DCC1000000000000000000000000 isn't loaded yet for cross level reference [StaticMeshComponent PDLCOW_A1_Static_FAR.TheWorld:PersistentLevel.StaticMeshCollectionActor_457.StaticMeshActor_SMC_2368:ReplacementPrimitive]
[0639.85] Log: WARNING: [guid level name:PDLCOW_C5_Static_LOD] Guid 0003DCC1000000000000000000000000 isn't loaded yet for cross level reference [StaticMeshComponent PDLCOW_A1_Static_FAR.TheWorld:PersistentLevel.StaticMeshCollectionActor_457.StaticMeshActor_SMC_2370:ReplacementPrimitive]
[0639.85] Log: WARNING: [guid level name:PDLCOW_C5_Static_LOD] Guid 0003DCC2000000000000000000000000 isn't loaded yet for cross level reference [StaticMeshComponent PDLCOW_A1_Static_FAR.TheWorld:PersistentLevel.StaticMeshCollectionActor_457.StaticMeshActor_SMC_2371:ReplacementPrimitive]
[0639.85] Log: WARNING: [guid level name:PDLCOW_C5_Static_LOD] Guid 0003DCC2000000000000000000000000 isn't loaded yet for cross level reference [StaticMeshComponent PDLCOW_A1_Static_FAR.TheWorld:PersistentLevel.StaticMeshCollectionActor_457.StaticMeshActor_SMC_2372:ReplacementPrimitive]
[0639.85] Log: WARNING: [guid level name:PDLCOW_C5_Static_LOD] Guid 0003DCC1000000000000000000000000 isn't loaded yet for cross level reference [StaticMeshComponent PDLCOW_A1_Static_FAR.TheWorld:PersistentLevel.StaticMeshCollectionActor_457.StaticMeshActor_SMC_2378:ReplacementPrimitive]
[0950.36] DevMemory: Virtual  memory allocation size: 340.75 MByte (357306768 Bytes)
[0950.36] DevMemory: Physical memory allocation size: 466.03 MByte (488665088 Bytes)
[0952.44] Log: WARNING: [guid level name:PDLCOW_C6_Static_LOD] Guid 0003DDC8000000000000000000000000 isn't loaded yet for cross level reference [StaticMeshComponent PDLCOW_C1_Static_FAR.TheWorld:PersistentLevel.StaticMeshCollectionActor_382.StaticMeshActor_SMC_4610:ReplacementPrimitive]
[0952.44] Log: WARNING: [guid level name:PDLCOW_C6_Static_LOD] Guid 0003DDC8000000000000000000000000 isn't loaded yet for cross level reference [StaticMeshComponent PDLCOW_C1_Static_FAR.TheWorld:PersistentLevel.StaticMeshCollectionActor_382.StaticMeshActor_SMC_4611:ReplacementPrimitive]
[0952.44] Log: WARNING: [guid level name:PDLCOW_C6_Static_LOD] Guid 0003DDC8000000000000000000000000 isn't loaded yet for cross level reference [StaticMeshComponent PDLCOW_C1_Static_FAR.TheWorld:PersistentLevel.StaticMeshCollectionActor_382.StaticMeshActor_SMC_4614:ReplacementPrimitive]
[0952.68] Log: WARNING: [guid level name:PDLCOW_C5_Static_LOD] Guid 0003DCC4000000000000000000000000 isn't loaded yet for cross level reference [StaticMeshComponent PDLCOW_A1_Static_FAR.TheWorld:PersistentLevel.StaticMeshCollectionActor_455.StaticMeshActor_SMC_2358:ReplacementPrimitive]
[0952.68] Log: WARNING: [guid level name:PDLCOW_C5_Static_LOD] Guid 0003DCC4000000000000000000000000 isn't loaded yet for cross level reference [StaticMeshComponent PDLCOW_A1_Static_FAR.TheWorld:PersistentLevel.StaticMeshCollectionActor_455.StaticMeshActor_SMC_2361:ReplacementPrimitive]
[0952.68] Log: WARNING: [guid level name:PDLCOW_C5_Static_LOD] Guid 0003DCC1000000000000000000000000 isn't loaded yet for cross level reference [StaticMeshComponent PDLCOW_A1_Static_FAR.TheWorld:PersistentLevel.StaticMeshCollectionActor_457.StaticMeshActor_SMC_2366:ReplacementPrimitive]
[0952.68] Log: WARNING: [guid level name:PDLCOW_C5_Static_LOD] Guid 0003DCC1000000000000000000000000 isn't loaded yet for cross level reference [StaticMeshComponent PDLCOW_A1_Static_FAR.TheWorld:PersistentLevel.StaticMeshCollectionActor_457.StaticMeshActor_SMC_2367:ReplacementPrimitive]
[0952.68] Log: WARNING: [guid level name:PDLCOW_C5_Static_LOD] Guid 0003DCC1000000000000000000000000 isn't loaded yet for cross level reference [StaticMeshComponent PDLCOW_A1_Static_FAR.TheWorld:PersistentLevel.StaticMeshCollectionActor_457.StaticMeshActor_SMC_2368:ReplacementPrimitive]
[0952.68] Log: WARNING: [guid level name:PDLCOW_C5_Static_LOD] Guid 0003DCC1000000000000000000000000 isn't loaded yet for cross level reference [StaticMeshComponent PDLCOW_A1_Static_FAR.TheWorld:PersistentLevel.StaticMeshCollectionActor_457.StaticMeshActor_SMC_2370:ReplacementPrimitive]
[0952.68] Log: WARNING: [guid level name:PDLCOW_C5_Static_LOD] Guid 0003DCC2000000000000000000000000 isn't loaded yet for cross level reference [StaticMeshComponent PDLCOW_A1_Static_FAR.TheWorld:PersistentLevel.StaticMeshCollectionActor_457.StaticMeshActor_SMC_2371:ReplacementPrimitive]
[0952.68] Log: WARNING: [guid level name:PDLCOW_C5_Static_LOD] Guid 0003DCC2000000000000000000000000 isn't loaded yet for cross level reference [StaticMeshComponent PDLCOW_A1_Static_FAR.TheWorld:PersistentLevel.StaticMeshCollectionActor_457.StaticMeshActor_SMC_2372:ReplacementPrimitive]
[0952.68] Log: WARNING: [guid level name:PDLCOW_C5_Static_LOD] Guid 0003DCC1000000000000000000000000 isn't loaded yet for cross level reference [StaticMeshComponent PDLCOW_A1_Static_FAR.TheWorld:PersistentLevel.StaticMeshCollectionActor_457.StaticMeshActor_SMC_2378:ReplacementPrimitive]
[1370.29] DevMemory: Virtual  memory allocation size: 341.03 MByte (357597360 Bytes)
[1370.29] DevMemory: Physical memory allocation size: 479.51 MByte (502804480 Bytes)
[1372.33] Log: WARNING: [guid level name:PDLCOW_C6_Static_LOD] Guid 0003DDC8000000000000000000000000 isn't loaded yet for cross level reference [StaticMeshComponent PDLCOW_C1_Static_FAR.TheWorld:PersistentLevel.StaticMeshCollectionActor_382.StaticMeshActor_SMC_4610:ReplacementPrimitive]
[1372.33] Log: WARNING: [guid level name:PDLCOW_C6_Static_LOD] Guid 0003DDC8000000000000000000000000 isn't loaded yet for cross level reference [StaticMeshComponent PDLCOW_C1_Static_FAR.TheWorld:PersistentLevel.StaticMeshCollectionActor_382.StaticMeshActor_SMC_4611:ReplacementPrimitive]
[1372.33] Log: WARNING: [guid level name:PDLCOW_C6_Static_LOD] Guid 0003DDC8000000000000000000000000 isn't loaded yet for cross level reference [StaticMeshComponent PDLCOW_C1_Static_FAR.TheWorld:PersistentLevel.StaticMeshCollectionActor_382.StaticMeshActor_SMC_4614:ReplacementPrimitive]
[1372.57] Log: WARNING: [guid level name:PDLCOW_C5_Static_LOD] Guid 0003DCC4000000000000000000000000 isn't loaded yet for cross level reference [StaticMeshComponent PDLCOW_A1_Static_FAR.TheWorld:PersistentLevel.StaticMeshCollectionActor_455.StaticMeshActor_SMC_2358:ReplacementPrimitive]
[1372.57] Log: WARNING: [guid level name:PDLCOW_C5_Static_LOD] Guid 0003DCC4000000000000000000000000 isn't loaded yet for cross level reference [StaticMeshComponent PDLCOW_A1_Static_FAR.TheWorld:PersistentLevel.StaticMeshCollectionActor_455.StaticMeshActor_SMC_2361:ReplacementPrimitive]
[1372.57] Log: WARNING: [guid level name:PDLCOW_C5_Static_LOD] Guid 0003DCC1000000000000000000000000 isn't loaded yet for cross level reference [StaticMeshComponent PDLCOW_A1_Static_FAR.TheWorld:PersistentLevel.StaticMeshCollectionActor_457.StaticMeshActor_SMC_2366:ReplacementPrimitive]
[1372.57] Log: WARNING: [guid level name:PDLCOW_C5_Static_LOD] Guid 0003DCC1000000000000000000000000 isn't loaded yet for cross level reference [StaticMeshComponent PDLCOW_A1_Static_FAR.TheWorld:PersistentLevel.StaticMeshCollectionActor_457.StaticMeshActor_SMC_2367:ReplacementPrimitive]
[1372.57] Log: WARNING: [guid level name:PDLCOW_C5_Static_LOD] Guid 0003DCC1000000000000000000000000 isn't loaded yet for cross level reference [StaticMeshComponent PDLCOW_A1_Static_FAR.TheWorld:PersistentLevel.StaticMeshCollectionActor_457.StaticMeshActor_SMC_2368:ReplacementPrimitive]
[1372.57] Log: WARNING: [guid level name:PDLCOW_C5_Static_LOD] Guid 0003DCC1000000000000000000000000 isn't loaded yet for cross level reference [StaticMeshComponent PDLCOW_A1_Static_FAR.TheWorld:PersistentLevel.StaticMeshCollectionActor_457.StaticMeshActor_SMC_2370:ReplacementPrimitive]
[1372.57] Log: WARNING: [guid level name:PDLCOW_C5_Static_LOD] Guid 0003DCC2000000000000000000000000 isn't loaded yet for cross level reference [StaticMeshComponent PDLCOW_A1_Static_FAR.TheWorld:PersistentLevel.StaticMeshCollectionActor_457.StaticMeshActor_SMC_2371:ReplacementPrimitive]
[1372.57] Log: WARNING: [guid level name:PDLCOW_C5_Static_LOD] Guid 0003DCC2000000000000000000000000 isn't loaded yet for cross level reference [StaticMeshComponent PDLCOW_A1_Static_FAR.TheWorld:PersistentLevel.StaticMeshCollectionActor_457.StaticMeshActor_SMC_2372:ReplacementPrimitive]
[1372.57] Log: WARNING: [guid level name:PDLCOW_C5_Static_LOD] Guid 0003DCC1000000000000000000000000 isn't loaded yet for cross level reference [StaticMeshComponent PDLCOW_A1_Static_FAR.TheWorld:PersistentLevel.StaticMeshCollectionActor_457.StaticMeshActor_SMC_2378:ReplacementPrimitive]
[1949.79] DevMemory: Virtual  memory allocation size: 342.25 MByte (358870944 Bytes)
[1949.79] DevMemory: Physical memory allocation size: 471.63 MByte (494542848 Bytes)
[3006.85] DevMemory: Virtual  memory allocation size: 367.05 MByte (384878928 Bytes)
[3006.85] DevMemory: Physical memory allocation size: 471.18 MByte (494063616 Bytes)
[3094.36] DevMemory: Virtual  memory allocation size: 343.25 MByte (359928112 Bytes)
[3094.36] DevMemory: Physical memory allocation size: 462.52 MByte (484990976 Bytes)
[3498.10] DevMemory: Virtual  memory allocation size: 343.15 MByte (359815424 Bytes)
[3498.10] DevMemory: Physical memory allocation size: 462.11 MByte (484560896 Bytes)
[4177.86] Critical: appError called: Rendering thread exception:
Fatal error!

QA_APPROVED_BUILD_JANUARY_2011 424000 11-04-2012 15:05.24 (Wwise: 2011.1.0 #3886) Game

Address = 0xa660b8   (filename not found) [in C:\Program Files (x86)\Steam\steamapps\common\Batman Arkham City GOTY\Binaries\Win32\BatmanAC.exe]
Address = 0xa685ec   (filename not found) [in C:\Program Files (x86)\Steam\steamapps\common\Batman Arkham City GOTY\Binaries\Win32\BatmanAC.exe]
Address = 0x9a7e18   (filename not found) [in C:\Program Files (x86)\Steam\steamapps\common\Batman Arkham City GOTY\Binaries\Win32\BatmanAC.exe]
Address = 0x9a83c5   (filename not found) [in C:\Program Files (x86)\Steam\steamapps\common\Batman Arkham City GOTY\Binaries\Win32\BatmanAC.exe]
Address = 0x9a83c5   (filename not found) [in C:\Program Files (x86)\Steam\steamapps\common\Batman Arkham City GOTY\Binaries\Win32\BatmanAC.exe]
Address = 0x9a972a   (filename not found) [in C:\Program Files (x86)\Steam\steamapps\common\Batman Arkham City GOTY\Binaries\Win32\BatmanAC.exe]
Address = 0x9a9757   (filename not found) [in C:\Program Files (x86)\Steam\steamapps\common\Batman Arkham City GOTY\Binaries\Win32\BatmanAC.exe]
Address = 0x9b1eaa   (filename not found) [in C:\Program Files (x86)\Steam\steamapps\common\Batman Arkham City GOTY\Binaries\Win32\BatmanAC.exe]

[4177.86] Critical: Windows GetLastError: A non-blocking socket operation could not be completed immediately. (10035)
