[0016.31] Log: Log file open, 12/10/20 18:21:19
[0016.31] DevMemory: Virtual  memory allocation size: 325.67 MByte (341492416 Bytes)
[0016.31] DevMemory: Physical memory allocation size: 333.34 MByte (349532160 Bytes)
[0028.43] DevMemory: Virtual  memory allocation size: 333.12 MByte (349305056 Bytes)
[0028.43] DevMemory: Physical memory allocation size: 355.40 MByte (372666368 Bytes)
[0567.37] DevMemory: Virtual  memory allocation size: 354.62 MByte (371847208 Bytes)
[0567.37] DevMemory: Physical memory allocation size: 440.71 MByte (462118912 Bytes)
[0627.82] DevMemory: Virtual  memory allocation size: 354.49 MByte (371713016 Bytes)
[0627.82] DevMemory: Physical memory allocation size: 443.02 MByte (464543744 Bytes)
[0685.14] DevMemory: Virtual  memory allocation size: 354.54 MByte (371765000 Bytes)
[0685.14] DevMemory: Physical memory allocation size: 442.79 MByte (464297984 Bytes)
[0740.00] DevMemory: Virtual  memory allocation size: 354.62 MByte (371848792 Bytes)
[0740.00] DevMemory: Physical memory allocation size: 444.10 MByte (465670144 Bytes)
[1147.56] Log: WARNING: [guid level name:OW_R1_Static_FAR] Guid 00012975000000000000000000000000 isn't loaded yet for cross level reference [StaticMeshComponent OW_R1_Static_LOD.TheWorld:PersistentLevel.StaticMeshCollectionActor_319.StaticMeshActor_SMC_0:ReplacementPrimitive]
[1147.56] Log: WARNING: [guid level name:OW_R1_Static_FAR] Guid 00012975000000000000000000000000 isn't loaded yet for cross level reference [StaticMeshComponent OW_R1_Static_LOD.TheWorld:PersistentLevel.StaticMeshCollectionActor_319.StaticMeshActor_SMC_163:ReplacementPrimitive]
[1147.56] Log: WARNING: [guid level name:OW_R1_Static_FAR] Guid 00012975000000000000000000000000 isn't loaded yet for cross level reference [StaticMeshComponent OW_R1_Static_LOD.TheWorld:PersistentLevel.StaticMeshCollectionActor_319.StaticMeshActor_SMC_3:ReplacementPrimitive]
[1147.56] Log: WARNING: [guid level name:OW_R1_Static_FAR] Guid 00012975000000000000000000000000 isn't loaded yet for cross level reference [StaticMeshComponent OW_R1_Static_LOD.TheWorld:PersistentLevel.StaticMeshCollectionActor_319.StaticMeshActor_SMC_4:ReplacementPrimitive]
[1147.56] Log: WARNING: [guid level name:OW_R1_Static_FAR] Guid 00012975000000000000000000000000 isn't loaded yet for cross level reference [StaticMeshComponent OW_R1_Static_LOD.TheWorld:PersistentLevel.StaticMeshCollectionActor_319.StaticMeshActor_SMC_421:ReplacementPrimitive]
[1147.56] Log: WARNING: [guid level name:OW_R1_Static_FAR] Guid 00012975000000000000000000000000 isn't loaded yet for cross level reference [StaticMeshComponent OW_R1_Static_LOD.TheWorld:PersistentLevel.StaticMeshCollectionActor_319.StaticMeshActor_SMC_5:ReplacementPrimitive]
[1147.56] Log: WARNING: [guid level name:OW_R1_Static_FAR] Guid 00012975000000000000000000000000 isn't loaded yet for cross level reference [StaticMeshComponent OW_R1_Static_LOD.TheWorld:PersistentLevel.StaticMeshCollectionActor_319.StaticMeshActor_SMC_50:ReplacementPrimitive]
[1147.56] Log: WARNING: [guid level name:OW_R1_Static_FAR] Guid 00012975000000000000000000000000 isn't loaded yet for cross level reference [StaticMeshComponent OW_R1_Static_LOD.TheWorld:PersistentLevel.StaticMeshCollectionActor_319.StaticMeshActor_SMC_610:ReplacementPrimitive]
[1147.56] Log: WARNING: [guid level name:OW_R1_Static_FAR] Guid 00012975000000000000000000000000 isn't loaded yet for cross level reference [StaticMeshComponent OW_R1_Static_LOD.TheWorld:PersistentLevel.StaticMeshCollectionActor_319.StaticMeshActor_SMC_733:ReplacementPrimitive]
[1416.20] DevMemory: Virtual  memory allocation size: 359.62 MByte (377092712 Bytes)
[1416.20] DevMemory: Physical memory allocation size: 499.21 MByte (523460608 Bytes)
[1421.71] Log: WARNING: [guid level name:OW_R1_Static_FAR] Guid 00012975000000000000000000000000 isn't loaded yet for cross level reference [StaticMeshComponent OW_R1_Static_LOD.TheWorld:PersistentLevel.StaticMeshCollectionActor_319.StaticMeshActor_SMC_0:ReplacementPrimitive]
[1421.71] Log: WARNING: [guid level name:OW_R1_Static_FAR] Guid 00012975000000000000000000000000 isn't loaded yet for cross level reference [StaticMeshComponent OW_R1_Static_LOD.TheWorld:PersistentLevel.StaticMeshCollectionActor_319.StaticMeshActor_SMC_163:ReplacementPrimitive]
[1421.71] Log: WARNING: [guid level name:OW_R1_Static_FAR] Guid 00012975000000000000000000000000 isn't loaded yet for cross level reference [StaticMeshComponent OW_R1_Static_LOD.TheWorld:PersistentLevel.StaticMeshCollectionActor_319.StaticMeshActor_SMC_3:ReplacementPrimitive]
[1421.71] Log: WARNING: [guid level name:OW_R1_Static_FAR] Guid 00012975000000000000000000000000 isn't loaded yet for cross level reference [StaticMeshComponent OW_R1_Static_LOD.TheWorld:PersistentLevel.StaticMeshCollectionActor_319.StaticMeshActor_SMC_4:ReplacementPrimitive]
[1421.71] Log: WARNING: [guid level name:OW_R1_Static_FAR] Guid 00012975000000000000000000000000 isn't loaded yet for cross level reference [StaticMeshComponent OW_R1_Static_LOD.TheWorld:PersistentLevel.StaticMeshCollectionActor_319.StaticMeshActor_SMC_421:ReplacementPrimitive]
[1421.71] Log: WARNING: [guid level name:OW_R1_Static_FAR] Guid 00012975000000000000000000000000 isn't loaded yet for cross level reference [StaticMeshComponent OW_R1_Static_LOD.TheWorld:PersistentLevel.StaticMeshCollectionActor_319.StaticMeshActor_SMC_5:ReplacementPrimitive]
[1421.71] Log: WARNING: [guid level name:OW_R1_Static_FAR] Guid 00012975000000000000000000000000 isn't loaded yet for cross level reference [StaticMeshComponent OW_R1_Static_LOD.TheWorld:PersistentLevel.StaticMeshCollectionActor_319.StaticMeshActor_SMC_50:ReplacementPrimitive]
[1421.71] Log: WARNING: [guid level name:OW_R1_Static_FAR] Guid 00012975000000000000000000000000 isn't loaded yet for cross level reference [StaticMeshComponent OW_R1_Static_LOD.TheWorld:PersistentLevel.StaticMeshCollectionActor_319.StaticMeshActor_SMC_610:ReplacementPrimitive]
[1421.71] Log: WARNING: [guid level name:OW_R1_Static_FAR] Guid 00012975000000000000000000000000 isn't loaded yet for cross level reference [StaticMeshComponent OW_R1_Static_LOD.TheWorld:PersistentLevel.StaticMeshCollectionActor_319.StaticMeshActor_SMC_733:ReplacementPrimitive]
[1557.60] DevMemory: Virtual  memory allocation size: 359.57 MByte (377039048 Bytes)
[1557.60] DevMemory: Physical memory allocation size: 489.06 MByte (512815104 Bytes)
[1562.70] Log: WARNING: [guid level name:OW_R1_Static_FAR] Guid 00012975000000000000000000000000 isn't loaded yet for cross level reference [StaticMeshComponent OW_R1_Static_LOD.TheWorld:PersistentLevel.StaticMeshCollectionActor_319.StaticMeshActor_SMC_0:ReplacementPrimitive]
[1562.70] Log: WARNING: [guid level name:OW_R1_Static_FAR] Guid 00012975000000000000000000000000 isn't loaded yet for cross level reference [StaticMeshComponent OW_R1_Static_LOD.TheWorld:PersistentLevel.StaticMeshCollectionActor_319.StaticMeshActor_SMC_163:ReplacementPrimitive]
[1562.70] Log: WARNING: [guid level name:OW_R1_Static_FAR] Guid 00012975000000000000000000000000 isn't loaded yet for cross level reference [StaticMeshComponent OW_R1_Static_LOD.TheWorld:PersistentLevel.StaticMeshCollectionActor_319.StaticMeshActor_SMC_3:ReplacementPrimitive]
[1562.70] Log: WARNING: [guid level name:OW_R1_Static_FAR] Guid 00012975000000000000000000000000 isn't loaded yet for cross level reference [StaticMeshComponent OW_R1_Static_LOD.TheWorld:PersistentLevel.StaticMeshCollectionActor_319.StaticMeshActor_SMC_4:ReplacementPrimitive]
[1562.70] Log: WARNING: [guid level name:OW_R1_Static_FAR] Guid 00012975000000000000000000000000 isn't loaded yet for cross level reference [StaticMeshComponent OW_R1_Static_LOD.TheWorld:PersistentLevel.StaticMeshCollectionActor_319.StaticMeshActor_SMC_421:ReplacementPrimitive]
[1562.70] Log: WARNING: [guid level name:OW_R1_Static_FAR] Guid 00012975000000000000000000000000 isn't loaded yet for cross level reference [StaticMeshComponent OW_R1_Static_LOD.TheWorld:PersistentLevel.StaticMeshCollectionActor_319.StaticMeshActor_SMC_5:ReplacementPrimitive]
[1562.70] Log: WARNING: [guid level name:OW_R1_Static_FAR] Guid 00012975000000000000000000000000 isn't loaded yet for cross level reference [StaticMeshComponent OW_R1_Static_LOD.TheWorld:PersistentLevel.StaticMeshCollectionActor_319.StaticMeshActor_SMC_50:ReplacementPrimitive]
[1562.70] Log: WARNING: [guid level name:OW_R1_Static_FAR] Guid 00012975000000000000000000000000 isn't loaded yet for cross level reference [StaticMeshComponent OW_R1_Static_LOD.TheWorld:PersistentLevel.StaticMeshCollectionActor_319.StaticMeshActor_SMC_610:ReplacementPrimitive]
[1562.70] Log: WARNING: [guid level name:OW_R1_Static_FAR] Guid 00012975000000000000000000000000 isn't loaded yet for cross level reference [StaticMeshComponent OW_R1_Static_LOD.TheWorld:PersistentLevel.StaticMeshCollectionActor_319.StaticMeshActor_SMC_733:ReplacementPrimitive]
[2452.67] Log: WARNING: [guid level name:OW_R1_Static_FAR] Guid 00012975000000000000000000000000 isn't loaded yet for cross level reference [StaticMeshComponent OW_R1_Static_LOD.TheWorld:PersistentLevel.StaticMeshCollectionActor_319.StaticMeshActor_SMC_0:ReplacementPrimitive]
[2452.67] Log: WARNING: [guid level name:OW_R1_Static_FAR] Guid 00012975000000000000000000000000 isn't loaded yet for cross level reference [StaticMeshComponent OW_R1_Static_LOD.TheWorld:PersistentLevel.StaticMeshCollectionActor_319.StaticMeshActor_SMC_163:ReplacementPrimitive]
[2452.67] Log: WARNING: [guid level name:OW_R1_Static_FAR] Guid 00012975000000000000000000000000 isn't loaded yet for cross level reference [StaticMeshComponent OW_R1_Static_LOD.TheWorld:PersistentLevel.StaticMeshCollectionActor_319.StaticMeshActor_SMC_3:ReplacementPrimitive]
[2452.67] Log: WARNING: [guid level name:OW_R1_Static_FAR] Guid 00012975000000000000000000000000 isn't loaded yet for cross level reference [StaticMeshComponent OW_R1_Static_LOD.TheWorld:PersistentLevel.StaticMeshCollectionActor_319.StaticMeshActor_SMC_4:ReplacementPrimitive]
[2452.67] Log: WARNING: [guid level name:OW_R1_Static_FAR] Guid 00012975000000000000000000000000 isn't loaded yet for cross level reference [StaticMeshComponent OW_R1_Static_LOD.TheWorld:PersistentLevel.StaticMeshCollectionActor_319.StaticMeshActor_SMC_421:ReplacementPrimitive]
[2452.67] Log: WARNING: [guid level name:OW_R1_Static_FAR] Guid 00012975000000000000000000000000 isn't loaded yet for cross level reference [StaticMeshComponent OW_R1_Static_LOD.TheWorld:PersistentLevel.StaticMeshCollectionActor_319.StaticMeshActor_SMC_5:ReplacementPrimitive]
[2452.67] Log: WARNING: [guid level name:OW_R1_Static_FAR] Guid 00012975000000000000000000000000 isn't loaded yet for cross level reference [StaticMeshComponent OW_R1_Static_LOD.TheWorld:PersistentLevel.StaticMeshCollectionActor_319.StaticMeshActor_SMC_50:ReplacementPrimitive]
[2452.67] Log: WARNING: [guid level name:OW_R1_Static_FAR] Guid 00012975000000000000000000000000 isn't loaded yet for cross level reference [StaticMeshComponent OW_R1_Static_LOD.TheWorld:PersistentLevel.StaticMeshCollectionActor_319.StaticMeshActor_SMC_610:ReplacementPrimitive]
[2452.67] Log: WARNING: [guid level name:OW_R1_Static_FAR] Guid 00012975000000000000000000000000 isn't loaded yet for cross level reference [StaticMeshComponent OW_R1_Static_LOD.TheWorld:PersistentLevel.StaticMeshCollectionActor_319.StaticMeshActor_SMC_733:ReplacementPrimitive]
[2469.48] Log: WARNING: [guid level name:OW_R1_Static_FAR] Guid 00012975000000000000000000000000 isn't loaded yet for cross level reference [StaticMeshComponent OW_R1_Static_LOD.TheWorld:PersistentLevel.StaticMeshCollectionActor_319.StaticMeshActor_SMC_0:ReplacementPrimitive]
[2469.48] Log: WARNING: [guid level name:OW_R1_Static_FAR] Guid 00012975000000000000000000000000 isn't loaded yet for cross level reference [StaticMeshComponent OW_R1_Static_LOD.TheWorld:PersistentLevel.StaticMeshCollectionActor_319.StaticMeshActor_SMC_163:ReplacementPrimitive]
[2469.48] Log: WARNING: [guid level name:OW_R1_Static_FAR] Guid 00012975000000000000000000000000 isn't loaded yet for cross level reference [StaticMeshComponent OW_R1_Static_LOD.TheWorld:PersistentLevel.StaticMeshCollectionActor_319.StaticMeshActor_SMC_3:ReplacementPrimitive]
[2469.48] Log: WARNING: [guid level name:OW_R1_Static_FAR] Guid 00012975000000000000000000000000 isn't loaded yet for cross level reference [StaticMeshComponent OW_R1_Static_LOD.TheWorld:PersistentLevel.StaticMeshCollectionActor_319.StaticMeshActor_SMC_4:ReplacementPrimitive]
[2469.48] Log: WARNING: [guid level name:OW_R1_Static_FAR] Guid 00012975000000000000000000000000 isn't loaded yet for cross level reference [StaticMeshComponent OW_R1_Static_LOD.TheWorld:PersistentLevel.StaticMeshCollectionActor_319.StaticMeshActor_SMC_421:ReplacementPrimitive]
[2469.48] Log: WARNING: [guid level name:OW_R1_Static_FAR] Guid 00012975000000000000000000000000 isn't loaded yet for cross level reference [StaticMeshComponent OW_R1_Static_LOD.TheWorld:PersistentLevel.StaticMeshCollectionActor_319.StaticMeshActor_SMC_5:ReplacementPrimitive]
[2469.48] Log: WARNING: [guid level name:OW_R1_Static_FAR] Guid 00012975000000000000000000000000 isn't loaded yet for cross level reference [StaticMeshComponent OW_R1_Static_LOD.TheWorld:PersistentLevel.StaticMeshCollectionActor_319.StaticMeshActor_SMC_50:ReplacementPrimitive]
[2469.48] Log: WARNING: [guid level name:OW_R1_Static_FAR] Guid 00012975000000000000000000000000 isn't loaded yet for cross level reference [StaticMeshComponent OW_R1_Static_LOD.TheWorld:PersistentLevel.StaticMeshCollectionActor_319.StaticMeshActor_SMC_610:ReplacementPrimitive]
[2469.48] Log: WARNING: [guid level name:OW_R1_Static_FAR] Guid 00012975000000000000000000000000 isn't loaded yet for cross level reference [StaticMeshComponent OW_R1_Static_LOD.TheWorld:PersistentLevel.StaticMeshCollectionActor_319.StaticMeshActor_SMC_733:ReplacementPrimitive]
[3133.68] Log: WARNING: [guid level name:OW_RC1_Static_FAR] Guid 00012A86000000000000000000000000 isn't loaded yet for cross level reference [StaticMeshComponent Under_B4_OW_CLOD_RC1.TheWorld:PersistentLevel.StaticMeshCollectionActor_520.StaticMeshActor_SMC_12:ReplacementPrimitive]
[3133.68] Log: WARNING: [guid level name:OW_RC1_Static_FAR] Guid 00012A86000000000000000000000000 isn't loaded yet for cross level reference [StaticMeshComponent Under_B4_OW_CLOD_RC1.TheWorld:PersistentLevel.StaticMeshCollectionActor_520.StaticMeshActor_SMC_14:ReplacementPrimitive]
[3133.68] Log: WARNING: [guid level name:OW_RC1_Static_FAR] Guid 00012A86000000000000000000000000 isn't loaded yet for cross level reference [StaticMeshComponent Under_B4_OW_CLOD_RC1.TheWorld:PersistentLevel.StaticMeshCollectionActor_520.StaticMeshActor_SMC_2:ReplacementPrimitive]
[3133.73] Log: WARNING: [guid level name:OW_RC1_Static_FAR] Guid 00012A8C000000000000000000000000 isn't loaded yet for cross level reference [StaticMeshComponent Under_B4_OW_CLOD_RC2.TheWorld:PersistentLevel.StaticMeshCollectionActor_443.StaticMeshActor_SMC_12:ReplacementPrimitive]
[3133.73] Log: WARNING: [guid level name:OW_RC1_Static_FAR] Guid 00012A8C000000000000000000000000 isn't loaded yet for cross level reference [StaticMeshComponent Under_B4_OW_CLOD_RC2.TheWorld:PersistentLevel.StaticMeshCollectionActor_443.StaticMeshActor_SMC_6:ReplacementPrimitive]
[3133.73] Log: WARNING: [guid level name:OW_RC1_Static_FAR] Guid 00012A8C000000000000000000000000 isn't loaded yet for cross level reference [StaticMeshComponent Under_B4_OW_CLOD_RC2.TheWorld:PersistentLevel.StaticMeshCollectionActor_444.StaticMeshActor_SMC_17:ReplacementPrimitive]
[3133.73] Log: WARNING: [guid level name:OW_RC1_Static_FAR] Guid 00012A8C000000000000000000000000 isn't loaded yet for cross level reference [StaticMeshComponent Under_B4_OW_CLOD_RC2.TheWorld:PersistentLevel.StaticMeshCollectionActor_444.StaticMeshActor_SMC_18:ReplacementPrimitive]
[3133.80] Log: WARNING: [guid level name:OW_RC3_Static_FAR] Guid 00012B10000000000000000000000000 isn't loaded yet for cross level reference [StaticMeshComponent Under_B4_OW_CLOD_RC3.TheWorld:PersistentLevel.StaticMeshCollectionActor_526.StaticMeshActor_SMC_13:ReplacementPrimitive]
[3133.80] Log: WARNING: [guid level name:OW_RC3_Static_FAR] Guid 00012B10000000000000000000000000 isn't loaded yet for cross level reference [StaticMeshComponent Under_B4_OW_CLOD_RC3.TheWorld:PersistentLevel.StaticMeshCollectionActor_526.StaticMeshActor_SMC_16:ReplacementPrimitive]
[3133.80] Log: WARNING: [guid level name:OW_RC3_Static_FAR] Guid 00012B10000000000000000000000000 isn't loaded yet for cross level reference [StaticMeshComponent Under_B4_OW_CLOD_RC3.TheWorld:PersistentLevel.StaticMeshCollectionActor_526.StaticMeshActor_SMC_19:ReplacementPrimitive]
[3133.80] Log: WARNING: [guid level name:OW_RC3_Static_FAR] Guid 00012B10000000000000000000000000 isn't loaded yet for cross level reference [StaticMeshComponent Under_B4_OW_CLOD_RC3.TheWorld:PersistentLevel.StaticMeshCollectionActor_526.StaticMeshActor_SMC_34:ReplacementPrimitive]
[3133.80] Log: WARNING: [guid level name:OW_RC3_Static_FAR] Guid 00012B10000000000000000000000000 isn't loaded yet for cross level reference [StaticMeshComponent Under_B4_OW_CLOD_RC3.TheWorld:PersistentLevel.StaticMeshCollectionActor_526.StaticMeshActor_SMC_45:ReplacementPrimitive]
[3133.80] Log: WARNING: [guid level name:OW_RC3_Static_FAR] Guid 00012B10000000000000000000000000 isn't loaded yet for cross level reference [StaticMeshComponent Under_B4_OW_CLOD_RC3.TheWorld:PersistentLevel.StaticMeshCollectionActor_526.StaticMeshActor_SMC_55:ReplacementPrimitive]
[3133.87] Log: WARNING: [guid level name:OW_RC4_Static_FAR] Guid 00012A95000000000000000000000000 isn't loaded yet for cross level reference [StaticMeshComponent Under_B4_OW_CLOD_RC4.TheWorld:PersistentLevel.StaticMeshCollectionActor_697.StaticMeshActor_SMC_60:ReplacementPrimitive]
[3133.87] Log: WARNING: [guid level name:OW_RC4_Static_FAR] Guid 00012A95000000000000000000000000 isn't loaded yet for cross level reference [StaticMeshComponent Under_B4_OW_CLOD_RC4.TheWorld:PersistentLevel.StaticMeshCollectionActor_697.StaticMeshActor_SMC_62:ReplacementPrimitive]
[3133.90] Log: WARNING: [guid level name:OW_RC4_Static_FAR] Guid 00012A9E000000000000000000000000 isn't loaded yet for cross level reference [StaticMeshComponent Under_B4_OW_CLOD_RC5.TheWorld:PersistentLevel.StaticMeshCollectionActor_430.StaticMeshActor_SMC_1555:ReplacementPrimitive]
[3133.90] Log: WARNING: [guid level name:OW_RC4_Static_FAR] Guid 00012A9E000000000000000000000000 isn't loaded yet for cross level reference [StaticMeshComponent Under_B4_OW_CLOD_RC5.TheWorld:PersistentLevel.StaticMeshCollectionActor_430.StaticMeshActor_SMC_56:ReplacementPrimitive]
[3133.90] Log: WARNING: [guid level name:OW_RC4_Static_FAR] Guid 00012A9E000000000000000000000000 isn't loaded yet for cross level reference [StaticMeshComponent Under_B4_OW_CLOD_RC5.TheWorld:PersistentLevel.StaticMeshCollectionActor_430.StaticMeshActor_SMC_57:ReplacementPrimitive]
[3134.18] Log: WARNING: [guid level name:OW_A1_Static_FAR] Guid 00012990000000000000000000000000 isn't loaded yet for cross level reference [StaticMeshComponent Under_B4_OW_ALOD_A3.TheWorld:PersistentLevel.StaticMeshCollectionActor_462.StaticMeshActor_SMC_0:ReplacementPrimitive]
[3134.18] Log: WARNING: [guid level name:OW_A1_Static_FAR] Guid 00012990000000000000000000000000 isn't loaded yet for cross level reference [StaticMeshComponent Under_B4_OW_ALOD_A3.TheWorld:PersistentLevel.StaticMeshCollectionActor_462.StaticMeshActor_SMC_1:ReplacementPrimitive]
[3134.18] Log: WARNING: [guid level name:OW_A1_Static_FAR] Guid 00012990000000000000000000000000 isn't loaded yet for cross level reference [StaticMeshComponent Under_B4_OW_ALOD_A3.TheWorld:PersistentLevel.StaticMeshCollectionActor_462.StaticMeshActor_SMC_129:ReplacementPrimitive]
[3134.18] Log: WARNING: [guid level name:OW_A1_Static_FAR] Guid 00012990000000000000000000000000 isn't loaded yet for cross level reference [StaticMeshComponent Under_B4_OW_ALOD_A3.TheWorld:PersistentLevel.StaticMeshCollectionActor_462.StaticMeshActor_SMC_131:ReplacementPrimitive]
[3134.18] Log: WARNING: [guid level name:OW_A1_Static_FAR] Guid 00012990000000000000000000000000 isn't loaded yet for cross level reference [StaticMeshComponent Under_B4_OW_ALOD_A3.TheWorld:PersistentLevel.StaticMeshCollectionActor_462.StaticMeshActor_SMC_132:ReplacementPrimitive]
[3134.18] Log: WARNING: [guid level name:OW_A1_Static_FAR] Guid 00012990000000000000000000000000 isn't loaded yet for cross level reference [StaticMeshComponent Under_B4_OW_ALOD_A3.TheWorld:PersistentLevel.StaticMeshCollectionActor_462.StaticMeshActor_SMC_133:ReplacementPrimitive]
[3134.18] Log: WARNING: [guid level name:OW_A1_Static_FAR] Guid 00012990000000000000000000000000 isn't loaded yet for cross level reference [StaticMeshComponent Under_B4_OW_ALOD_A3.TheWorld:PersistentLevel.StaticMeshCollectionActor_462.StaticMeshActor_SMC_134:ReplacementPrimitive]
[3134.18] Log: WARNING: [guid level name:OW_A1_Static_FAR] Guid 00012990000000000000000000000000 isn't loaded yet for cross level reference [StaticMeshComponent Under_B4_OW_ALOD_A3.TheWorld:PersistentLevel.StaticMeshCollectionActor_462.StaticMeshActor_SMC_2:ReplacementPrimitive]
[3134.18] Log: WARNING: [guid level name:OW_A1_Static_FAR] Guid 00012990000000000000000000000000 isn't loaded yet for cross level reference [StaticMeshComponent Under_B4_OW_ALOD_A3.TheWorld:PersistentLevel.StaticMeshCollectionActor_462.StaticMeshActor_SMC_3:ReplacementPrimitive]
[3134.18] Log: WARNING: [guid level name:OW_A1_Static_FAR] Guid 00012990000000000000000000000000 isn't loaded yet for cross level reference [StaticMeshComponent Under_B4_OW_ALOD_A3.TheWorld:PersistentLevel.StaticMeshCollectionActor_462.StaticMeshActor_SMC_30:ReplacementPrimitive]
[3134.18] Log: WARNING: [guid level name:OW_A1_Static_FAR] Guid 00012990000000000000000000000000 isn't loaded yet for cross level reference [StaticMeshComponent Under_B4_OW_ALOD_A3.TheWorld:PersistentLevel.StaticMeshCollectionActor_462.StaticMeshActor_SMC_31:ReplacementPrimitive]
[3134.18] Log: WARNING: [guid level name:OW_A1_Static_FAR] Guid 00012990000000000000000000000000 isn't loaded yet for cross level reference [StaticMeshComponent Under_B4_OW_ALOD_A3.TheWorld:PersistentLevel.StaticMeshCollectionActor_462.StaticMeshActor_SMC_32:ReplacementPrimitive]
[3134.18] Log: WARNING: [guid level name:OW_A1_Static_FAR] Guid 00012990000000000000000000000000 isn't loaded yet for cross level reference [StaticMeshComponent Under_B4_OW_ALOD_A3.TheWorld:PersistentLevel.StaticMeshCollectionActor_462.StaticMeshActor_SMC_33:ReplacementPrimitive]
[3134.18] Log: WARNING: [guid level name:OW_A1_Static_FAR] Guid 00012990000000000000000000000000 isn't loaded yet for cross level reference [StaticMeshComponent Under_B4_OW_ALOD_A3.TheWorld:PersistentLevel.StaticMeshCollectionActor_462.StaticMeshActor_SMC_376:ReplacementPrimitive]
[3134.18] Log: WARNING: [guid level name:OW_A1_Static_FAR] Guid 00012990000000000000000000000000 isn't loaded yet for cross level reference [StaticMeshComponent Under_B4_OW_ALOD_A3.TheWorld:PersistentLevel.StaticMeshCollectionActor_462.StaticMeshActor_SMC_377:ReplacementPrimitive]
[3134.18] Log: WARNING: [guid level name:OW_A1_Static_FAR] Guid 00012990000000000000000000000000 isn't loaded yet for cross level reference [StaticMeshComponent Under_B4_OW_ALOD_A3.TheWorld:PersistentLevel.StaticMeshCollectionActor_462.StaticMeshActor_SMC_4:ReplacementPrimitive]
[3134.18] Log: WARNING: [guid level name:OW_A1_Static_FAR] Guid 00012990000000000000000000000000 isn't loaded yet for cross level reference [StaticMeshComponent Under_B4_OW_ALOD_A3.TheWorld:PersistentLevel.StaticMeshCollectionActor_462.StaticMeshActor_SMC_82:ReplacementPrimitive]
[3134.18] Log: WARNING: [guid level name:OW_A1_Static_FAR] Guid 00012990000000000000000000000000 isn't loaded yet for cross level reference [StaticMeshComponent Under_B4_OW_ALOD_A3.TheWorld:PersistentLevel.StaticMeshCollectionActor_462.StaticMeshActor_SMC_83:ReplacementPrimitive]
[3134.31] Log: WARNING: [guid level name:OW_A6_Static_FAR] Guid 000129D8000000000000000000000000 isn't loaded yet for cross level reference [StaticMeshComponent Under_B4_OW_ALOD_A7.TheWorld:PersistentLevel.StaticMeshCollectionActor_503.StaticMeshActor_SMC_0:ReplacementPrimitive]
[3134.31] Log: WARNING: [guid level name:OW_A6_Static_FAR] Guid 000129D8000000000000000000000000 isn't loaded yet for cross level reference [StaticMeshComponent Under_B4_OW_ALOD_A7.TheWorld:PersistentLevel.StaticMeshCollectionActor_503.StaticMeshActor_SMC_1:ReplacementPrimitive]
[3134.31] Log: WARNING: [guid level name:OW_A6_Static_FAR] Guid 000129D8000000000000000000000000 isn't loaded yet for cross level reference [StaticMeshComponent Under_B4_OW_ALOD_A7.TheWorld:PersistentLevel.StaticMeshCollectionActor_503.StaticMeshActor_SMC_1217:ReplacementPrimitive]
[3134.31] Log: WARNING: [guid level name:OW_A6_Static_FAR] Guid 000129D8000000000000000000000000 isn't loaded yet for cross level reference [StaticMeshComponent Under_B4_OW_ALOD_A7.TheWorld:PersistentLevel.StaticMeshCollectionActor_503.StaticMeshActor_SMC_1265:ReplacementPrimitive]
[3134.31] Log: WARNING: [guid level name:OW_A6_Static_FAR] Guid 000129D8000000000000000000000000 isn't loaded yet for cross level reference [StaticMeshComponent Under_B4_OW_ALOD_A7.TheWorld:PersistentLevel.StaticMeshCollectionActor_503.StaticMeshActor_SMC_142:ReplacementPrimitive]
[3134.31] Log: WARNING: [guid level name:OW_A6_Static_FAR] Guid 000129D8000000000000000000000000 isn't loaded yet for cross level reference [StaticMeshComponent Under_B4_OW_ALOD_A7.TheWorld:PersistentLevel.StaticMeshCollectionActor_503.StaticMeshActor_SMC_143:ReplacementPrimitive]
[3134.31] Log: WARNING: [guid level name:OW_A6_Static_FAR] Guid 000129D8000000000000000000000000 isn't loaded yet for cross level reference [StaticMeshComponent Under_B4_OW_ALOD_A7.TheWorld:PersistentLevel.StaticMeshCollectionActor_503.StaticMeshActor_SMC_144:ReplacementPrimitive]
[3134.31] Log: WARNING: [guid level name:OW_A6_Static_FAR] Guid 000129D8000000000000000000000000 isn't loaded yet for cross level reference [StaticMeshComponent Under_B4_OW_ALOD_A7.TheWorld:PersistentLevel.StaticMeshCollectionActor_503.StaticMeshActor_SMC_145:ReplacementPrimitive]
[3134.31] Log: WARNING: [guid level name:OW_A6_Static_FAR] Guid 000129D8000000000000000000000000 isn't loaded yet for cross level reference [StaticMeshComponent Under_B4_OW_ALOD_A7.TheWorld:PersistentLevel.StaticMeshCollectionActor_503.StaticMeshActor_SMC_146:ReplacementPrimitive]
[3134.31] Log: WARNING: [guid level name:OW_A6_Static_FAR] Guid 000129D8000000000000000000000000 isn't loaded yet for cross level reference [StaticMeshComponent Under_B4_OW_ALOD_A7.TheWorld:PersistentLevel.StaticMeshCollectionActor_503.StaticMeshActor_SMC_147:ReplacementPrimitive]
[3134.31] Log: WARNING: [guid level name:OW_A6_Static_FAR] Guid 000129D8000000000000000000000000 isn't loaded yet for cross level reference [StaticMeshComponent Under_B4_OW_ALOD_A7.TheWorld:PersistentLevel.StaticMeshCollectionActor_503.StaticMeshActor_SMC_150:ReplacementPrimitive]
[3134.31] Log: WARNING: [guid level name:OW_A6_Static_FAR] Guid 000129D8000000000000000000000000 isn't loaded yet for cross level reference [StaticMeshComponent Under_B4_OW_ALOD_A7.TheWorld:PersistentLevel.StaticMeshCollectionActor_503.StaticMeshActor_SMC_151:ReplacementPrimitive]
[3134.31] Log: WARNING: [guid level name:OW_A6_Static_FAR] Guid 000129D8000000000000000000000000 isn't loaded yet for cross level reference [StaticMeshComponent Under_B4_OW_ALOD_A7.TheWorld:PersistentLevel.StaticMeshCollectionActor_503.StaticMeshActor_SMC_1662:ReplacementPrimitive]
[3134.31] Log: WARNING: [guid level name:OW_A6_Static_FAR] Guid 000129D8000000000000000000000000 isn't loaded yet for cross level reference [StaticMeshComponent Under_B4_OW_ALOD_A7.TheWorld:PersistentLevel.StaticMeshCollectionActor_503.StaticMeshActor_SMC_2:ReplacementPrimitive]
[3134.31] Log: WARNING: [guid level name:OW_A6_Static_FAR] Guid 000129D8000000000000000000000000 isn't loaded yet for cross level reference [StaticMeshComponent Under_B4_OW_ALOD_A7.TheWorld:PersistentLevel.StaticMeshCollectionActor_503.StaticMeshActor_SMC_3:ReplacementPrimitive]
[3134.31] Log: WARNING: [guid level name:OW_A6_Static_FAR] Guid 000129D8000000000000000000000000 isn't loaded yet for cross level reference [StaticMeshComponent Under_B4_OW_ALOD_A7.TheWorld:PersistentLevel.StaticMeshCollectionActor_503.StaticMeshActor_SMC_5:ReplacementPrimitive]
[3134.31] Log: WARNING: [guid level name:OW_A6_Static_FAR] Guid 000129D8000000000000000000000000 isn't loaded yet for cross level reference [StaticMeshComponent Under_B4_OW_ALOD_A7.TheWorld:PersistentLevel.StaticMeshCollectionActor_503.StaticMeshActor_SMC_6:ReplacementPrimitive]
[3134.31] Log: WARNING: [guid level name:OW_A6_Static_FAR] Guid 000129D8000000000000000000000000 isn't loaded yet for cross level reference [StaticMeshComponent Under_B4_OW_ALOD_A7.TheWorld:PersistentLevel.StaticMeshCollectionActor_503.StaticMeshActor_SMC_7:ReplacementPrimitive]
[3134.31] Log: WARNING: [guid level name:OW_A6_Static_FAR] Guid 000129D8000000000000000000000000 isn't loaded yet for cross level reference [StaticMeshComponent Under_B4_OW_ALOD_A7.TheWorld:PersistentLevel.StaticMeshCollectionActor_503.StaticMeshActor_SMC_77:ReplacementPrimitive]
[3134.31] Log: WARNING: [guid level name:OW_A6_Static_FAR] Guid 000129D8000000000000000000000000 isn't loaded yet for cross level reference [StaticMeshComponent Under_B4_OW_ALOD_A7.TheWorld:PersistentLevel.StaticMeshCollectionActor_503.StaticMeshActor_SMC_781:ReplacementPrimitive]
[3134.31] Log: WARNING: [guid level name:OW_A6_Static_FAR] Guid 000129D8000000000000000000000000 isn't loaded yet for cross level reference [StaticMeshComponent Under_B4_OW_ALOD_A7.TheWorld:PersistentLevel.StaticMeshCollectionActor_503.StaticMeshActor_SMC_8:ReplacementPrimitive]
[3134.31] Log: WARNING: [guid level name:OW_A6_Static_FAR] Guid 000129D8000000000000000000000000 isn't loaded yet for cross level reference [StaticMeshComponent Under_B4_OW_ALOD_A7.TheWorld:PersistentLevel.StaticMeshCollectionActor_503.StaticMeshActor_SMC_80:ReplacementPrimitive]
[3134.31] Log: WARNING: [guid level name:OW_A6_Static_FAR] Guid 000129D8000000000000000000000000 isn't loaded yet for cross level reference [StaticMeshComponent Under_B4_OW_ALOD_A7.TheWorld:PersistentLevel.StaticMeshCollectionActor_503.StaticMeshActor_SMC_86:ReplacementPrimitive]
[3134.31] Log: WARNING: [guid level name:OW_A6_Static_FAR] Guid 000129D8000000000000000000000000 isn't loaded yet for cross level reference [StaticMeshComponent Under_B4_OW_ALOD_A7.TheWorld:PersistentLevel.StaticMeshCollectionActor_503.StaticMeshActor_SMC_934:ReplacementPrimitive]
[3134.31] Log: WARNING: [guid level name:OW_A6_Static_FAR] Guid 000129D8000000000000000000000000 isn't loaded yet for cross level reference [StaticMeshComponent Under_B4_OW_ALOD_A7.TheWorld:PersistentLevel.StaticMeshCollectionActor_503.StaticMeshActor_SMC_980:ReplacementPrimitive]
[3134.44] Log: WARNING: [guid level name:OW_A6_Static_FAR] Guid 0001295B000000000000000000000000 isn't loaded yet for cross level reference [StaticMeshComponent Under_B4_OW_ALOD_A9.TheWorld:PersistentLevel.StaticMeshCollectionActor_855.StaticMeshActor_SMC_0:ReplacementPrimitive]
[3134.44] Log: WARNING: [guid level name:OW_A6_Static_FAR] Guid 0001295B000000000000000000000000 isn't loaded yet for cross level reference [StaticMeshComponent Under_B4_OW_ALOD_A9.TheWorld:PersistentLevel.StaticMeshCollectionActor_855.StaticMeshActor_SMC_1:ReplacementPrimitive]
[3134.44] Log: WARNING: [guid level name:OW_A6_Static_FAR] Guid 0001295B000000000000000000000000 isn't loaded yet for cross level reference [StaticMeshComponent Under_B4_OW_ALOD_A9.TheWorld:PersistentLevel.StaticMeshCollectionActor_855.StaticMeshActor_SMC_1026:ReplacementPrimitive]
[3134.44] Log: WARNING: [guid level name:OW_A6_Static_FAR] Guid 0001295B000000000000000000000000 isn't loaded yet for cross level reference [StaticMeshComponent Under_B4_OW_ALOD_A9.TheWorld:PersistentLevel.StaticMeshCollectionActor_855.StaticMeshActor_SMC_111:ReplacementPrimitive]
[3134.44] Log: WARNING: [guid level name:OW_A6_Static_FAR] Guid 0001295B000000000000000000000000 isn't loaded yet for cross level reference [StaticMeshComponent Under_B4_OW_ALOD_A9.TheWorld:PersistentLevel.StaticMeshCollectionActor_855.StaticMeshActor_SMC_13:ReplacementPrimitive]
[3134.44] Log: WARNING: [guid level name:OW_A6_Static_FAR] Guid 0001295B000000000000000000000000 isn't loaded yet for cross level reference [StaticMeshComponent Under_B4_OW_ALOD_A9.TheWorld:PersistentLevel.StaticMeshCollectionActor_855.StaticMeshActor_SMC_147:ReplacementPrimitive]
[3134.44] Log: WARNING: [guid level name:OW_A6_Static_FAR] Guid 0001295B000000000000000000000000 isn't loaded yet for cross level reference [StaticMeshComponent Under_B4_OW_ALOD_A9.TheWorld:PersistentLevel.StaticMeshCollectionActor_855.StaticMeshActor_SMC_176:ReplacementPrimitive]
[3134.44] Log: WARNING: [guid level name:OW_A6_Static_FAR] Guid 0001295B000000000000000000000000 isn't loaded yet for cross level reference [StaticMeshComponent Under_B4_OW_ALOD_A9.TheWorld:PersistentLevel.StaticMeshCollectionActor_855.StaticMeshActor_SMC_2:ReplacementPrimitive]
[3134.44] Log: WARNING: [guid level name:OW_A6_Static_FAR] Guid 0001295B000000000000000000000000 isn't loaded yet for cross level reference [StaticMeshComponent Under_B4_OW_ALOD_A9.TheWorld:PersistentLevel.StaticMeshCollectionActor_855.StaticMeshActor_SMC_215:ReplacementPrimitive]
[3134.44] Log: WARNING: [guid level name:OW_A6_Static_FAR] Guid 0001295B000000000000000000000000 isn't loaded yet for cross level reference [StaticMeshComponent Under_B4_OW_ALOD_A9.TheWorld:PersistentLevel.StaticMeshCollectionActor_855.StaticMeshActor_SMC_49:ReplacementPrimitive]
[3134.44] Log: WARNING: [guid level name:OW_A6_Static_FAR] Guid 0001295B000000000000000000000000 isn't loaded yet for cross level reference [StaticMeshComponent Under_B4_OW_ALOD_A9.TheWorld:PersistentLevel.StaticMeshCollectionActor_855.StaticMeshActor_SMC_54:ReplacementPrimitive]
[3134.44] Log: WARNING: [guid level name:OW_A6_Static_FAR] Guid 0001295B000000000000000000000000 isn't loaded yet for cross level reference [StaticMeshComponent Under_B4_OW_ALOD_A9.TheWorld:PersistentLevel.StaticMeshCollectionActor_855.StaticMeshActor_SMC_55:ReplacementPrimitive]
[3134.44] Log: WARNING: [guid level name:OW_A6_Static_FAR] Guid 0001295B000000000000000000000000 isn't loaded yet for cross level reference [StaticMeshComponent Under_B4_OW_ALOD_A9.TheWorld:PersistentLevel.StaticMeshCollectionActor_855.StaticMeshActor_SMC_68:ReplacementPrimitive]
[3134.44] Log: WARNING: [guid level name:OW_A6_Static_FAR] Guid 0001295B000000000000000000000000 isn't loaded yet for cross level reference [StaticMeshComponent Under_B4_OW_ALOD_A9.TheWorld:PersistentLevel.StaticMeshCollectionActor_855.StaticMeshActor_SMC_69:ReplacementPrimitive]
[3134.44] Log: WARNING: [guid level name:OW_A6_Static_FAR] Guid 0001295B000000000000000000000000 isn't loaded yet for cross level reference [StaticMeshComponent Under_B4_OW_ALOD_A9.TheWorld:PersistentLevel.StaticMeshCollectionActor_855.StaticMeshActor_SMC_70:ReplacementPrimitive]
[3134.44] Log: WARNING: [guid level name:OW_A6_Static_FAR] Guid 0001295B000000000000000000000000 isn't loaded yet for cross level reference [StaticMeshComponent Under_B4_OW_ALOD_A9.TheWorld:PersistentLevel.StaticMeshCollectionActor_855.StaticMeshActor_SMC_71:ReplacementPrimitive]
[3134.44] Log: WARNING: [guid level name:OW_A6_Static_FAR] Guid 0001295B000000000000000000000000 isn't loaded yet for cross level reference [StaticMeshComponent Under_B4_OW_ALOD_A9.TheWorld:PersistentLevel.StaticMeshCollectionActor_855.StaticMeshActor_SMC_715:ReplacementPrimitive]
[3134.44] Log: WARNING: [guid level name:OW_A6_Static_FAR] Guid 0001295B000000000000000000000000 isn't loaded yet for cross level reference [StaticMeshComponent Under_B4_OW_ALOD_A9.TheWorld:PersistentLevel.StaticMeshCollectionActor_855.StaticMeshActor_SMC_934:ReplacementPrimitive]
[3134.44] Log: WARNING: [guid level name:OW_A6_Static_FAR] Guid 0001295B000000000000000000000000 isn't loaded yet for cross level reference [StaticMeshComponent Under_B4_OW_ALOD_A9.TheWorld:PersistentLevel.StaticMeshCollectionActor_856.StaticMeshActor_SMC_289:ReplacementPrimitive]
[7069.68] DevMemory: Virtual  memory allocation size: 361.56 MByte (379120200 Bytes)
[7069.68] DevMemory: Physical memory allocation size: 493.29 MByte (517246976 Bytes)
[7073.26] Log: WARNING: [guid level name:OW_RC4_Static_FAR] Guid 00012A9E000000000000000000000000 isn't loaded yet for cross level reference [StaticMeshComponent Under_B4_OW_CLOD_RC5.TheWorld:PersistentLevel.StaticMeshCollectionActor_430.StaticMeshActor_SMC_1555:ReplacementPrimitive]
[7073.26] Log: WARNING: [guid level name:OW_RC4_Static_FAR] Guid 00012A9E000000000000000000000000 isn't loaded yet for cross level reference [StaticMeshComponent Under_B4_OW_CLOD_RC5.TheWorld:PersistentLevel.StaticMeshCollectionActor_430.StaticMeshActor_SMC_56:ReplacementPrimitive]
[7073.26] Log: WARNING: [guid level name:OW_RC4_Static_FAR] Guid 00012A9E000000000000000000000000 isn't loaded yet for cross level reference [StaticMeshComponent Under_B4_OW_CLOD_RC5.TheWorld:PersistentLevel.StaticMeshCollectionActor_430.StaticMeshActor_SMC_57:ReplacementPrimitive]
[7073.30] Log: WARNING: [guid level name:OW_RC4_Static_FAR] Guid 00012A95000000000000000000000000 isn't loaded yet for cross level reference [StaticMeshComponent Under_B4_OW_CLOD_RC4.TheWorld:PersistentLevel.StaticMeshCollectionActor_697.StaticMeshActor_SMC_60:ReplacementPrimitive]
[7073.30] Log: WARNING: [guid level name:OW_RC4_Static_FAR] Guid 00012A95000000000000000000000000 isn't loaded yet for cross level reference [StaticMeshComponent Under_B4_OW_CLOD_RC4.TheWorld:PersistentLevel.StaticMeshCollectionActor_697.StaticMeshActor_SMC_62:ReplacementPrimitive]
[7073.34] Log: WARNING: [guid level name:OW_RC3_Static_FAR] Guid 00012B10000000000000000000000000 isn't loaded yet for cross level reference [StaticMeshComponent Under_B4_OW_CLOD_RC3.TheWorld:PersistentLevel.StaticMeshCollectionActor_526.StaticMeshActor_SMC_13:ReplacementPrimitive]
[7073.34] Log: WARNING: [guid level name:OW_RC3_Static_FAR] Guid 00012B10000000000000000000000000 isn't loaded yet for cross level reference [StaticMeshComponent Under_B4_OW_CLOD_RC3.TheWorld:PersistentLevel.StaticMeshCollectionActor_526.StaticMeshActor_SMC_16:ReplacementPrimitive]
[7073.34] Log: WARNING: [guid level name:OW_RC3_Static_FAR] Guid 00012B10000000000000000000000000 isn't loaded yet for cross level reference [StaticMeshComponent Under_B4_OW_CLOD_RC3.TheWorld:PersistentLevel.StaticMeshCollectionActor_526.StaticMeshActor_SMC_19:ReplacementPrimitive]
[7073.34] Log: WARNING: [guid level name:OW_RC3_Static_FAR] Guid 00012B10000000000000000000000000 isn't loaded yet for cross level reference [StaticMeshComponent Under_B4_OW_CLOD_RC3.TheWorld:PersistentLevel.StaticMeshCollectionActor_526.StaticMeshActor_SMC_34:ReplacementPrimitive]
[7073.34] Log: WARNING: [guid level name:OW_RC3_Static_FAR] Guid 00012B10000000000000000000000000 isn't loaded yet for cross level reference [StaticMeshComponent Under_B4_OW_CLOD_RC3.TheWorld:PersistentLevel.StaticMeshCollectionActor_526.StaticMeshActor_SMC_45:ReplacementPrimitive]
[7073.34] Log: WARNING: [guid level name:OW_RC3_Static_FAR] Guid 00012B10000000000000000000000000 isn't loaded yet for cross level reference [StaticMeshComponent Under_B4_OW_CLOD_RC3.TheWorld:PersistentLevel.StaticMeshCollectionActor_526.StaticMeshActor_SMC_55:ReplacementPrimitive]
[7073.38] Log: WARNING: [guid level name:OW_RC1_Static_FAR] Guid 00012A8C000000000000000000000000 isn't loaded yet for cross level reference [StaticMeshComponent Under_B4_OW_CLOD_RC2.TheWorld:PersistentLevel.StaticMeshCollectionActor_443.StaticMeshActor_SMC_12:ReplacementPrimitive]
[7073.38] Log: WARNING: [guid level name:OW_RC1_Static_FAR] Guid 00012A8C000000000000000000000000 isn't loaded yet for cross level reference [StaticMeshComponent Under_B4_OW_CLOD_RC2.TheWorld:PersistentLevel.StaticMeshCollectionActor_443.StaticMeshActor_SMC_6:ReplacementPrimitive]
[7073.38] Log: WARNING: [guid level name:OW_RC1_Static_FAR] Guid 00012A8C000000000000000000000000 isn't loaded yet for cross level reference [StaticMeshComponent Under_B4_OW_CLOD_RC2.TheWorld:PersistentLevel.StaticMeshCollectionActor_444.StaticMeshActor_SMC_17:ReplacementPrimitive]
[7073.38] Log: WARNING: [guid level name:OW_RC1_Static_FAR] Guid 00012A8C000000000000000000000000 isn't loaded yet for cross level reference [StaticMeshComponent Under_B4_OW_CLOD_RC2.TheWorld:PersistentLevel.StaticMeshCollectionActor_444.StaticMeshActor_SMC_18:ReplacementPrimitive]
[7073.42] Log: WARNING: [guid level name:OW_RC1_Static_FAR] Guid 00012A86000000000000000000000000 isn't loaded yet for cross level reference [StaticMeshComponent Under_B4_OW_CLOD_RC1.TheWorld:PersistentLevel.StaticMeshCollectionActor_520.StaticMeshActor_SMC_12:ReplacementPrimitive]
[7073.42] Log: WARNING: [guid level name:OW_RC1_Static_FAR] Guid 00012A86000000000000000000000000 isn't loaded yet for cross level reference [StaticMeshComponent Under_B4_OW_CLOD_RC1.TheWorld:PersistentLevel.StaticMeshCollectionActor_520.StaticMeshActor_SMC_14:ReplacementPrimitive]
[7073.42] Log: WARNING: [guid level name:OW_RC1_Static_FAR] Guid 00012A86000000000000000000000000 isn't loaded yet for cross level reference [StaticMeshComponent Under_B4_OW_CLOD_RC1.TheWorld:PersistentLevel.StaticMeshCollectionActor_520.StaticMeshActor_SMC_2:ReplacementPrimitive]
[7074.04] Log: WARNING: [guid level name:OW_A6_Static_FAR] Guid 0001295B000000000000000000000000 isn't loaded yet for cross level reference [StaticMeshComponent Under_B4_OW_ALOD_A9.TheWorld:PersistentLevel.StaticMeshCollectionActor_855.StaticMeshActor_SMC_0:ReplacementPrimitive]
[7074.04] Log: WARNING: [guid level name:OW_A6_Static_FAR] Guid 0001295B000000000000000000000000 isn't loaded yet for cross level reference [StaticMeshComponent Under_B4_OW_ALOD_A9.TheWorld:PersistentLevel.StaticMeshCollectionActor_855.StaticMeshActor_SMC_1:ReplacementPrimitive]
[7074.04] Log: WARNING: [guid level name:OW_A6_Static_FAR] Guid 0001295B000000000000000000000000 isn't loaded yet for cross level reference [StaticMeshComponent Under_B4_OW_ALOD_A9.TheWorld:PersistentLevel.StaticMeshCollectionActor_855.StaticMeshActor_SMC_1026:ReplacementPrimitive]
[7074.04] Log: WARNING: [guid level name:OW_A6_Static_FAR] Guid 0001295B000000000000000000000000 isn't loaded yet for cross level reference [StaticMeshComponent Under_B4_OW_ALOD_A9.TheWorld:PersistentLevel.StaticMeshCollectionActor_855.StaticMeshActor_SMC_111:ReplacementPrimitive]
[7074.04] Log: WARNING: [guid level name:OW_A6_Static_FAR] Guid 0001295B000000000000000000000000 isn't loaded yet for cross level reference [StaticMeshComponent Under_B4_OW_ALOD_A9.TheWorld:PersistentLevel.StaticMeshCollectionActor_855.StaticMeshActor_SMC_13:ReplacementPrimitive]
[7074.04] Log: WARNING: [guid level name:OW_A6_Static_FAR] Guid 0001295B000000000000000000000000 isn't loaded yet for cross level reference [StaticMeshComponent Under_B4_OW_ALOD_A9.TheWorld:PersistentLevel.StaticMeshCollectionActor_855.StaticMeshActor_SMC_147:ReplacementPrimitive]
[7074.04] Log: WARNING: [guid level name:OW_A6_Static_FAR] Guid 0001295B000000000000000000000000 isn't loaded yet for cross level reference [StaticMeshComponent Under_B4_OW_ALOD_A9.TheWorld:PersistentLevel.StaticMeshCollectionActor_855.StaticMeshActor_SMC_176:ReplacementPrimitive]
[7074.04] Log: WARNING: [guid level name:OW_A6_Static_FAR] Guid 0001295B000000000000000000000000 isn't loaded yet for cross level reference [StaticMeshComponent Under_B4_OW_ALOD_A9.TheWorld:PersistentLevel.StaticMeshCollectionActor_855.StaticMeshActor_SMC_2:ReplacementPrimitive]
[7074.04] Log: WARNING: [guid level name:OW_A6_Static_FAR] Guid 0001295B000000000000000000000000 isn't loaded yet for cross level reference [StaticMeshComponent Under_B4_OW_ALOD_A9.TheWorld:PersistentLevel.StaticMeshCollectionActor_855.StaticMeshActor_SMC_215:ReplacementPrimitive]
[7074.04] Log: WARNING: [guid level name:OW_A6_Static_FAR] Guid 0001295B000000000000000000000000 isn't loaded yet for cross level reference [StaticMeshComponent Under_B4_OW_ALOD_A9.TheWorld:PersistentLevel.StaticMeshCollectionActor_855.StaticMeshActor_SMC_49:ReplacementPrimitive]
[7074.04] Log: WARNING: [guid level name:OW_A6_Static_FAR] Guid 0001295B000000000000000000000000 isn't loaded yet for cross level reference [StaticMeshComponent Under_B4_OW_ALOD_A9.TheWorld:PersistentLevel.StaticMeshCollectionActor_855.StaticMeshActor_SMC_54:ReplacementPrimitive]
[7074.04] Log: WARNING: [guid level name:OW_A6_Static_FAR] Guid 0001295B000000000000000000000000 isn't loaded yet for cross level reference [StaticMeshComponent Under_B4_OW_ALOD_A9.TheWorld:PersistentLevel.StaticMeshCollectionActor_855.StaticMeshActor_SMC_55:ReplacementPrimitive]
[7074.04] Log: WARNING: [guid level name:OW_A6_Static_FAR] Guid 0001295B000000000000000000000000 isn't loaded yet for cross level reference [StaticMeshComponent Under_B4_OW_ALOD_A9.TheWorld:PersistentLevel.StaticMeshCollectionActor_855.StaticMeshActor_SMC_68:ReplacementPrimitive]
[7074.04] Log: WARNING: [guid level name:OW_A6_Static_FAR] Guid 0001295B000000000000000000000000 isn't loaded yet for cross level reference [StaticMeshComponent Under_B4_OW_ALOD_A9.TheWorld:PersistentLevel.StaticMeshCollectionActor_855.StaticMeshActor_SMC_69:ReplacementPrimitive]
[7074.04] Log: WARNING: [guid level name:OW_A6_Static_FAR] Guid 0001295B000000000000000000000000 isn't loaded yet for cross level reference [StaticMeshComponent Under_B4_OW_ALOD_A9.TheWorld:PersistentLevel.StaticMeshCollectionActor_855.StaticMeshActor_SMC_70:ReplacementPrimitive]
[7074.04] Log: WARNING: [guid level name:OW_A6_Static_FAR] Guid 0001295B000000000000000000000000 isn't loaded yet for cross level reference [StaticMeshComponent Under_B4_OW_ALOD_A9.TheWorld:PersistentLevel.StaticMeshCollectionActor_855.StaticMeshActor_SMC_71:ReplacementPrimitive]
[7074.04] Log: WARNING: [guid level name:OW_A6_Static_FAR] Guid 0001295B000000000000000000000000 isn't loaded yet for cross level reference [StaticMeshComponent Under_B4_OW_ALOD_A9.TheWorld:PersistentLevel.StaticMeshCollectionActor_855.StaticMeshActor_SMC_715:ReplacementPrimitive]
[7074.04] Log: WARNING: [guid level name:OW_A6_Static_FAR] Guid 0001295B000000000000000000000000 isn't loaded yet for cross level reference [StaticMeshComponent Under_B4_OW_ALOD_A9.TheWorld:PersistentLevel.StaticMeshCollectionActor_855.StaticMeshActor_SMC_934:ReplacementPrimitive]
[7074.04] Log: WARNING: [guid level name:OW_A6_Static_FAR] Guid 0001295B000000000000000000000000 isn't loaded yet for cross level reference [StaticMeshComponent Under_B4_OW_ALOD_A9.TheWorld:PersistentLevel.StaticMeshCollectionActor_856.StaticMeshActor_SMC_289:ReplacementPrimitive]
[7074.12] Log: WARNING: [guid level name:OW_A6_Static_FAR] Guid 000129D8000000000000000000000000 isn't loaded yet for cross level reference [StaticMeshComponent Under_B4_OW_ALOD_A7.TheWorld:PersistentLevel.StaticMeshCollectionActor_503.StaticMeshActor_SMC_0:ReplacementPrimitive]
[7074.12] Log: WARNING: [guid level name:OW_A6_Static_FAR] Guid 000129D8000000000000000000000000 isn't loaded yet for cross level reference [StaticMeshComponent Under_B4_OW_ALOD_A7.TheWorld:PersistentLevel.StaticMeshCollectionActor_503.StaticMeshActor_SMC_1:ReplacementPrimitive]
[7074.12] Log: WARNING: [guid level name:OW_A6_Static_FAR] Guid 000129D8000000000000000000000000 isn't loaded yet for cross level reference [StaticMeshComponent Under_B4_OW_ALOD_A7.TheWorld:PersistentLevel.StaticMeshCollectionActor_503.StaticMeshActor_SMC_1217:ReplacementPrimitive]
[7074.12] Log: WARNING: [guid level name:OW_A6_Static_FAR] Guid 000129D8000000000000000000000000 isn't loaded yet for cross level reference [StaticMeshComponent Under_B4_OW_ALOD_A7.TheWorld:PersistentLevel.StaticMeshCollectionActor_503.StaticMeshActor_SMC_1265:ReplacementPrimitive]
[7074.12] Log: WARNING: [guid level name:OW_A6_Static_FAR] Guid 000129D8000000000000000000000000 isn't loaded yet for cross level reference [StaticMeshComponent Under_B4_OW_ALOD_A7.TheWorld:PersistentLevel.StaticMeshCollectionActor_503.StaticMeshActor_SMC_142:ReplacementPrimitive]
[7074.12] Log: WARNING: [guid level name:OW_A6_Static_FAR] Guid 000129D8000000000000000000000000 isn't loaded yet for cross level reference [StaticMeshComponent Under_B4_OW_ALOD_A7.TheWorld:PersistentLevel.StaticMeshCollectionActor_503.StaticMeshActor_SMC_143:ReplacementPrimitive]
[7074.12] Log: WARNING: [guid level name:OW_A6_Static_FAR] Guid 000129D8000000000000000000000000 isn't loaded yet for cross level reference [StaticMeshComponent Under_B4_OW_ALOD_A7.TheWorld:PersistentLevel.StaticMeshCollectionActor_503.StaticMeshActor_SMC_144:ReplacementPrimitive]
[7074.12] Log: WARNING: [guid level name:OW_A6_Static_FAR] Guid 000129D8000000000000000000000000 isn't loaded yet for cross level reference [StaticMeshComponent Under_B4_OW_ALOD_A7.TheWorld:PersistentLevel.StaticMeshCollectionActor_503.StaticMeshActor_SMC_145:ReplacementPrimitive]
[7074.12] Log: WARNING: [guid level name:OW_A6_Static_FAR] Guid 000129D8000000000000000000000000 isn't loaded yet for cross level reference [StaticMeshComponent Under_B4_OW_ALOD_A7.TheWorld:PersistentLevel.StaticMeshCollectionActor_503.StaticMeshActor_SMC_146:ReplacementPrimitive]
[7074.12] Log: WARNING: [guid level name:OW_A6_Static_FAR] Guid 000129D8000000000000000000000000 isn't loaded yet for cross level reference [StaticMeshComponent Under_B4_OW_ALOD_A7.TheWorld:PersistentLevel.StaticMeshCollectionActor_503.StaticMeshActor_SMC_147:ReplacementPrimitive]
[7074.12] Log: WARNING: [guid level name:OW_A6_Static_FAR] Guid 000129D8000000000000000000000000 isn't loaded yet for cross level reference [StaticMeshComponent Under_B4_OW_ALOD_A7.TheWorld:PersistentLevel.StaticMeshCollectionActor_503.StaticMeshActor_SMC_150:ReplacementPrimitive]
[7074.12] Log: WARNING: [guid level name:OW_A6_Static_FAR] Guid 000129D8000000000000000000000000 isn't loaded yet for cross level reference [StaticMeshComponent Under_B4_OW_ALOD_A7.TheWorld:PersistentLevel.StaticMeshCollectionActor_503.StaticMeshActor_SMC_151:ReplacementPrimitive]
[7074.12] Log: WARNING: [guid level name:OW_A6_Static_FAR] Guid 000129D8000000000000000000000000 isn't loaded yet for cross level reference [StaticMeshComponent Under_B4_OW_ALOD_A7.TheWorld:PersistentLevel.StaticMeshCollectionActor_503.StaticMeshActor_SMC_1662:ReplacementPrimitive]
[7074.12] Log: WARNING: [guid level name:OW_A6_Static_FAR] Guid 000129D8000000000000000000000000 isn't loaded yet for cross level reference [StaticMeshComponent Under_B4_OW_ALOD_A7.TheWorld:PersistentLevel.StaticMeshCollectionActor_503.StaticMeshActor_SMC_2:ReplacementPrimitive]
[7074.12] Log: WARNING: [guid level name:OW_A6_Static_FAR] Guid 000129D8000000000000000000000000 isn't loaded yet for cross level reference [StaticMeshComponent Under_B4_OW_ALOD_A7.TheWorld:PersistentLevel.StaticMeshCollectionActor_503.StaticMeshActor_SMC_3:ReplacementPrimitive]
[7074.12] Log: WARNING: [guid level name:OW_A6_Static_FAR] Guid 000129D8000000000000000000000000 isn't loaded yet for cross level reference [StaticMeshComponent Under_B4_OW_ALOD_A7.TheWorld:PersistentLevel.StaticMeshCollectionActor_503.StaticMeshActor_SMC_5:ReplacementPrimitive]
[7074.12] Log: WARNING: [guid level name:OW_A6_Static_FAR] Guid 000129D8000000000000000000000000 isn't loaded yet for cross level reference [StaticMeshComponent Under_B4_OW_ALOD_A7.TheWorld:PersistentLevel.StaticMeshCollectionActor_503.StaticMeshActor_SMC_6:ReplacementPrimitive]
[7074.12] Log: WARNING: [guid level name:OW_A6_Static_FAR] Guid 000129D8000000000000000000000000 isn't loaded yet for cross level reference [StaticMeshComponent Under_B4_OW_ALOD_A7.TheWorld:PersistentLevel.StaticMeshCollectionActor_503.StaticMeshActor_SMC_7:ReplacementPrimitive]
[7074.12] Log: WARNING: [guid level name:OW_A6_Static_FAR] Guid 000129D8000000000000000000000000 isn't loaded yet for cross level reference [StaticMeshComponent Under_B4_OW_ALOD_A7.TheWorld:PersistentLevel.StaticMeshCollectionActor_503.StaticMeshActor_SMC_77:ReplacementPrimitive]
[7074.12] Log: WARNING: [guid level name:OW_A6_Static_FAR] Guid 000129D8000000000000000000000000 isn't loaded yet for cross level reference [StaticMeshComponent Under_B4_OW_ALOD_A7.TheWorld:PersistentLevel.StaticMeshCollectionActor_503.StaticMeshActor_SMC_781:ReplacementPrimitive]
[7074.12] Log: WARNING: [guid level name:OW_A6_Static_FAR] Guid 000129D8000000000000000000000000 isn't loaded yet for cross level reference [StaticMeshComponent Under_B4_OW_ALOD_A7.TheWorld:PersistentLevel.StaticMeshCollectionActor_503.StaticMeshActor_SMC_8:ReplacementPrimitive]
[7074.12] Log: WARNING: [guid level name:OW_A6_Static_FAR] Guid 000129D8000000000000000000000000 isn't loaded yet for cross level reference [StaticMeshComponent Under_B4_OW_ALOD_A7.TheWorld:PersistentLevel.StaticMeshCollectionActor_503.StaticMeshActor_SMC_80:ReplacementPrimitive]
[7074.12] Log: WARNING: [guid level name:OW_A6_Static_FAR] Guid 000129D8000000000000000000000000 isn't loaded yet for cross level reference [StaticMeshComponent Under_B4_OW_ALOD_A7.TheWorld:PersistentLevel.StaticMeshCollectionActor_503.StaticMeshActor_SMC_86:ReplacementPrimitive]
[7074.12] Log: WARNING: [guid level name:OW_A6_Static_FAR] Guid 000129D8000000000000000000000000 isn't loaded yet for cross level reference [StaticMeshComponent Under_B4_OW_ALOD_A7.TheWorld:PersistentLevel.StaticMeshCollectionActor_503.StaticMeshActor_SMC_934:ReplacementPrimitive]
[7074.12] Log: WARNING: [guid level name:OW_A6_Static_FAR] Guid 000129D8000000000000000000000000 isn't loaded yet for cross level reference [StaticMeshComponent Under_B4_OW_ALOD_A7.TheWorld:PersistentLevel.StaticMeshCollectionActor_503.StaticMeshActor_SMC_980:ReplacementPrimitive]
[7074.21] Log: WARNING: [guid level name:OW_A1_Static_FAR] Guid 00012990000000000000000000000000 isn't loaded yet for cross level reference [StaticMeshComponent Under_B4_OW_ALOD_A3.TheWorld:PersistentLevel.StaticMeshCollectionActor_462.StaticMeshActor_SMC_0:ReplacementPrimitive]
[7074.21] Log: WARNING: [guid level name:OW_A1_Static_FAR] Guid 00012990000000000000000000000000 isn't loaded yet for cross level reference [StaticMeshComponent Under_B4_OW_ALOD_A3.TheWorld:PersistentLevel.StaticMeshCollectionActor_462.StaticMeshActor_SMC_1:ReplacementPrimitive]
[7074.21] Log: WARNING: [guid level name:OW_A1_Static_FAR] Guid 00012990000000000000000000000000 isn't loaded yet for cross level reference [StaticMeshComponent Under_B4_OW_ALOD_A3.TheWorld:PersistentLevel.StaticMeshCollectionActor_462.StaticMeshActor_SMC_129:ReplacementPrimitive]
[7074.21] Log: WARNING: [guid level name:OW_A1_Static_FAR] Guid 00012990000000000000000000000000 isn't loaded yet for cross level reference [StaticMeshComponent Under_B4_OW_ALOD_A3.TheWorld:PersistentLevel.StaticMeshCollectionActor_462.StaticMeshActor_SMC_131:ReplacementPrimitive]
[7074.21] Log: WARNING: [guid level name:OW_A1_Static_FAR] Guid 00012990000000000000000000000000 isn't loaded yet for cross level reference [StaticMeshComponent Under_B4_OW_ALOD_A3.TheWorld:PersistentLevel.StaticMeshCollectionActor_462.StaticMeshActor_SMC_132:ReplacementPrimitive]
[7074.21] Log: WARNING: [guid level name:OW_A1_Static_FAR] Guid 00012990000000000000000000000000 isn't loaded yet for cross level reference [StaticMeshComponent Under_B4_OW_ALOD_A3.TheWorld:PersistentLevel.StaticMeshCollectionActor_462.StaticMeshActor_SMC_133:ReplacementPrimitive]
[7074.21] Log: WARNING: [guid level name:OW_A1_Static_FAR] Guid 00012990000000000000000000000000 isn't loaded yet for cross level reference [StaticMeshComponent Under_B4_OW_ALOD_A3.TheWorld:PersistentLevel.StaticMeshCollectionActor_462.StaticMeshActor_SMC_134:ReplacementPrimitive]
[7074.21] Log: WARNING: [guid level name:OW_A1_Static_FAR] Guid 00012990000000000000000000000000 isn't loaded yet for cross level reference [StaticMeshComponent Under_B4_OW_ALOD_A3.TheWorld:PersistentLevel.StaticMeshCollectionActor_462.StaticMeshActor_SMC_2:ReplacementPrimitive]
[7074.21] Log: WARNING: [guid level name:OW_A1_Static_FAR] Guid 00012990000000000000000000000000 isn't loaded yet for cross level reference [StaticMeshComponent Under_B4_OW_ALOD_A3.TheWorld:PersistentLevel.StaticMeshCollectionActor_462.StaticMeshActor_SMC_3:ReplacementPrimitive]
[7074.21] Log: WARNING: [guid level name:OW_A1_Static_FAR] Guid 00012990000000000000000000000000 isn't loaded yet for cross level reference [StaticMeshComponent Under_B4_OW_ALOD_A3.TheWorld:PersistentLevel.StaticMeshCollectionActor_462.StaticMeshActor_SMC_30:ReplacementPrimitive]
[7074.21] Log: WARNING: [guid level name:OW_A1_Static_FAR] Guid 00012990000000000000000000000000 isn't loaded yet for cross level reference [StaticMeshComponent Under_B4_OW_ALOD_A3.TheWorld:PersistentLevel.StaticMeshCollectionActor_462.StaticMeshActor_SMC_31:ReplacementPrimitive]
[7074.21] Log: WARNING: [guid level name:OW_A1_Static_FAR] Guid 00012990000000000000000000000000 isn't loaded yet for cross level reference [StaticMeshComponent Under_B4_OW_ALOD_A3.TheWorld:PersistentLevel.StaticMeshCollectionActor_462.StaticMeshActor_SMC_32:ReplacementPrimitive]
[7074.21] Log: WARNING: [guid level name:OW_A1_Static_FAR] Guid 00012990000000000000000000000000 isn't loaded yet for cross level reference [StaticMeshComponent Under_B4_OW_ALOD_A3.TheWorld:PersistentLevel.StaticMeshCollectionActor_462.StaticMeshActor_SMC_33:ReplacementPrimitive]
[7074.21] Log: WARNING: [guid level name:OW_A1_Static_FAR] Guid 00012990000000000000000000000000 isn't loaded yet for cross level reference [StaticMeshComponent Under_B4_OW_ALOD_A3.TheWorld:PersistentLevel.StaticMeshCollectionActor_462.StaticMeshActor_SMC_376:ReplacementPrimitive]
[7074.21] Log: WARNING: [guid level name:OW_A1_Static_FAR] Guid 00012990000000000000000000000000 isn't loaded yet for cross level reference [StaticMeshComponent Under_B4_OW_ALOD_A3.TheWorld:PersistentLevel.StaticMeshCollectionActor_462.StaticMeshActor_SMC_377:ReplacementPrimitive]
[7074.21] Log: WARNING: [guid level name:OW_A1_Static_FAR] Guid 00012990000000000000000000000000 isn't loaded yet for cross level reference [StaticMeshComponent Under_B4_OW_ALOD_A3.TheWorld:PersistentLevel.StaticMeshCollectionActor_462.StaticMeshActor_SMC_4:ReplacementPrimitive]
[7074.21] Log: WARNING: [guid level name:OW_A1_Static_FAR] Guid 00012990000000000000000000000000 isn't loaded yet for cross level reference [StaticMeshComponent Under_B4_OW_ALOD_A3.TheWorld:PersistentLevel.StaticMeshCollectionActor_462.StaticMeshActor_SMC_82:ReplacementPrimitive]
[7074.21] Log: WARNING: [guid level name:OW_A1_Static_FAR] Guid 00012990000000000000000000000000 isn't loaded yet for cross level reference [StaticMeshComponent Under_B4_OW_ALOD_A3.TheWorld:PersistentLevel.StaticMeshCollectionActor_462.StaticMeshActor_SMC_83:ReplacementPrimitive]
[7168.71] DevMemory: Virtual  memory allocation size: 361.23 MByte (378777720 Bytes)
[7168.71] DevMemory: Physical memory allocation size: 489.50 MByte (513273856 Bytes)
[7172.27] Log: WARNING: [guid level name:OW_RC4_Static_FAR] Guid 00012A9E000000000000000000000000 isn't loaded yet for cross level reference [StaticMeshComponent Under_B4_OW_CLOD_RC5.TheWorld:PersistentLevel.StaticMeshCollectionActor_430.StaticMeshActor_SMC_1555:ReplacementPrimitive]
[7172.27] Log: WARNING: [guid level name:OW_RC4_Static_FAR] Guid 00012A9E000000000000000000000000 isn't loaded yet for cross level reference [StaticMeshComponent Under_B4_OW_CLOD_RC5.TheWorld:PersistentLevel.StaticMeshCollectionActor_430.StaticMeshActor_SMC_56:ReplacementPrimitive]
[7172.27] Log: WARNING: [guid level name:OW_RC4_Static_FAR] Guid 00012A9E000000000000000000000000 isn't loaded yet for cross level reference [StaticMeshComponent Under_B4_OW_CLOD_RC5.TheWorld:PersistentLevel.StaticMeshCollectionActor_430.StaticMeshActor_SMC_57:ReplacementPrimitive]
[7172.32] Log: WARNING: [guid level name:OW_RC4_Static_FAR] Guid 00012A95000000000000000000000000 isn't loaded yet for cross level reference [StaticMeshComponent Under_B4_OW_CLOD_RC4.TheWorld:PersistentLevel.StaticMeshCollectionActor_697.StaticMeshActor_SMC_60:ReplacementPrimitive]
[7172.32] Log: WARNING: [guid level name:OW_RC4_Static_FAR] Guid 00012A95000000000000000000000000 isn't loaded yet for cross level reference [StaticMeshComponent Under_B4_OW_CLOD_RC4.TheWorld:PersistentLevel.StaticMeshCollectionActor_697.StaticMeshActor_SMC_62:ReplacementPrimitive]
[7172.35] Log: WARNING: [guid level name:OW_RC3_Static_FAR] Guid 00012B10000000000000000000000000 isn't loaded yet for cross level reference [StaticMeshComponent Under_B4_OW_CLOD_RC3.TheWorld:PersistentLevel.StaticMeshCollectionActor_526.StaticMeshActor_SMC_13:ReplacementPrimitive]
[7172.35] Log: WARNING: [guid level name:OW_RC3_Static_FAR] Guid 00012B10000000000000000000000000 isn't loaded yet for cross level reference [StaticMeshComponent Under_B4_OW_CLOD_RC3.TheWorld:PersistentLevel.StaticMeshCollectionActor_526.StaticMeshActor_SMC_16:ReplacementPrimitive]
[7172.35] Log: WARNING: [guid level name:OW_RC3_Static_FAR] Guid 00012B10000000000000000000000000 isn't loaded yet for cross level reference [StaticMeshComponent Under_B4_OW_CLOD_RC3.TheWorld:PersistentLevel.StaticMeshCollectionActor_526.StaticMeshActor_SMC_19:ReplacementPrimitive]
[7172.35] Log: WARNING: [guid level name:OW_RC3_Static_FAR] Guid 00012B10000000000000000000000000 isn't loaded yet for cross level reference [StaticMeshComponent Under_B4_OW_CLOD_RC3.TheWorld:PersistentLevel.StaticMeshCollectionActor_526.StaticMeshActor_SMC_34:ReplacementPrimitive]
[7172.35] Log: WARNING: [guid level name:OW_RC3_Static_FAR] Guid 00012B10000000000000000000000000 isn't loaded yet for cross level reference [StaticMeshComponent Under_B4_OW_CLOD_RC3.TheWorld:PersistentLevel.StaticMeshCollectionActor_526.StaticMeshActor_SMC_45:ReplacementPrimitive]
[7172.35] Log: WARNING: [guid level name:OW_RC3_Static_FAR] Guid 00012B10000000000000000000000000 isn't loaded yet for cross level reference [StaticMeshComponent Under_B4_OW_CLOD_RC3.TheWorld:PersistentLevel.StaticMeshCollectionActor_526.StaticMeshActor_SMC_55:ReplacementPrimitive]
[7172.43] Log: WARNING: [guid level name:OW_RC1_Static_FAR] Guid 00012A8C000000000000000000000000 isn't loaded yet for cross level reference [StaticMeshComponent Under_B4_OW_CLOD_RC2.TheWorld:PersistentLevel.StaticMeshCollectionActor_443.StaticMeshActor_SMC_12:ReplacementPrimitive]
[7172.43] Log: WARNING: [guid level name:OW_RC1_Static_FAR] Guid 00012A8C000000000000000000000000 isn't loaded yet for cross level reference [StaticMeshComponent Under_B4_OW_CLOD_RC2.TheWorld:PersistentLevel.StaticMeshCollectionActor_443.StaticMeshActor_SMC_6:ReplacementPrimitive]
[7172.43] Log: WARNING: [guid level name:OW_RC1_Static_FAR] Guid 00012A8C000000000000000000000000 isn't loaded yet for cross level reference [StaticMeshComponent Under_B4_OW_CLOD_RC2.TheWorld:PersistentLevel.StaticMeshCollectionActor_444.StaticMeshActor_SMC_17:ReplacementPrimitive]
[7172.43] Log: WARNING: [guid level name:OW_RC1_Static_FAR] Guid 00012A8C000000000000000000000000 isn't loaded yet for cross level reference [StaticMeshComponent Under_B4_OW_CLOD_RC2.TheWorld:PersistentLevel.StaticMeshCollectionActor_444.StaticMeshActor_SMC_18:ReplacementPrimitive]
[7172.47] Log: WARNING: [guid level name:OW_RC1_Static_FAR] Guid 00012A86000000000000000000000000 isn't loaded yet for cross level reference [StaticMeshComponent Under_B4_OW_CLOD_RC1.TheWorld:PersistentLevel.StaticMeshCollectionActor_520.StaticMeshActor_SMC_12:ReplacementPrimitive]
[7172.47] Log: WARNING: [guid level name:OW_RC1_Static_FAR] Guid 00012A86000000000000000000000000 isn't loaded yet for cross level reference [StaticMeshComponent Under_B4_OW_CLOD_RC1.TheWorld:PersistentLevel.StaticMeshCollectionActor_520.StaticMeshActor_SMC_14:ReplacementPrimitive]
[7172.47] Log: WARNING: [guid level name:OW_RC1_Static_FAR] Guid 00012A86000000000000000000000000 isn't loaded yet for cross level reference [StaticMeshComponent Under_B4_OW_CLOD_RC1.TheWorld:PersistentLevel.StaticMeshCollectionActor_520.StaticMeshActor_SMC_2:ReplacementPrimitive]
[7173.20] Log: WARNING: [guid level name:OW_A6_Static_FAR] Guid 0001295B000000000000000000000000 isn't loaded yet for cross level reference [StaticMeshComponent Under_B4_OW_ALOD_A9.TheWorld:PersistentLevel.StaticMeshCollectionActor_855.StaticMeshActor_SMC_0:ReplacementPrimitive]
[7173.20] Log: WARNING: [guid level name:OW_A6_Static_FAR] Guid 0001295B000000000000000000000000 isn't loaded yet for cross level reference [StaticMeshComponent Under_B4_OW_ALOD_A9.TheWorld:PersistentLevel.StaticMeshCollectionActor_855.StaticMeshActor_SMC_1:ReplacementPrimitive]
[7173.20] Log: WARNING: [guid level name:OW_A6_Static_FAR] Guid 0001295B000000000000000000000000 isn't loaded yet for cross level reference [StaticMeshComponent Under_B4_OW_ALOD_A9.TheWorld:PersistentLevel.StaticMeshCollectionActor_855.StaticMeshActor_SMC_1026:ReplacementPrimitive]
[7173.20] Log: WARNING: [guid level name:OW_A6_Static_FAR] Guid 0001295B000000000000000000000000 isn't loaded yet for cross level reference [StaticMeshComponent Under_B4_OW_ALOD_A9.TheWorld:PersistentLevel.StaticMeshCollectionActor_855.StaticMeshActor_SMC_111:ReplacementPrimitive]
[7173.20] Log: WARNING: [guid level name:OW_A6_Static_FAR] Guid 0001295B000000000000000000000000 isn't loaded yet for cross level reference [StaticMeshComponent Under_B4_OW_ALOD_A9.TheWorld:PersistentLevel.StaticMeshCollectionActor_855.StaticMeshActor_SMC_13:ReplacementPrimitive]
[7173.20] Log: WARNING: [guid level name:OW_A6_Static_FAR] Guid 0001295B000000000000000000000000 isn't loaded yet for cross level reference [StaticMeshComponent Under_B4_OW_ALOD_A9.TheWorld:PersistentLevel.StaticMeshCollectionActor_855.StaticMeshActor_SMC_147:ReplacementPrimitive]
[7173.20] Log: WARNING: [guid level name:OW_A6_Static_FAR] Guid 0001295B000000000000000000000000 isn't loaded yet for cross level reference [StaticMeshComponent Under_B4_OW_ALOD_A9.TheWorld:PersistentLevel.StaticMeshCollectionActor_855.StaticMeshActor_SMC_176:ReplacementPrimitive]
[7173.20] Log: WARNING: [guid level name:OW_A6_Static_FAR] Guid 0001295B000000000000000000000000 isn't loaded yet for cross level reference [StaticMeshComponent Under_B4_OW_ALOD_A9.TheWorld:PersistentLevel.StaticMeshCollectionActor_855.StaticMeshActor_SMC_2:ReplacementPrimitive]
[7173.20] Log: WARNING: [guid level name:OW_A6_Static_FAR] Guid 0001295B000000000000000000000000 isn't loaded yet for cross level reference [StaticMeshComponent Under_B4_OW_ALOD_A9.TheWorld:PersistentLevel.StaticMeshCollectionActor_855.StaticMeshActor_SMC_215:ReplacementPrimitive]
[7173.20] Log: WARNING: [guid level name:OW_A6_Static_FAR] Guid 0001295B000000000000000000000000 isn't loaded yet for cross level reference [StaticMeshComponent Under_B4_OW_ALOD_A9.TheWorld:PersistentLevel.StaticMeshCollectionActor_855.StaticMeshActor_SMC_49:ReplacementPrimitive]
[7173.20] Log: WARNING: [guid level name:OW_A6_Static_FAR] Guid 0001295B000000000000000000000000 isn't loaded yet for cross level reference [StaticMeshComponent Under_B4_OW_ALOD_A9.TheWorld:PersistentLevel.StaticMeshCollectionActor_855.StaticMeshActor_SMC_54:ReplacementPrimitive]
[7173.20] Log: WARNING: [guid level name:OW_A6_Static_FAR] Guid 0001295B000000000000000000000000 isn't loaded yet for cross level reference [StaticMeshComponent Under_B4_OW_ALOD_A9.TheWorld:PersistentLevel.StaticMeshCollectionActor_855.StaticMeshActor_SMC_55:ReplacementPrimitive]
[7173.20] Log: WARNING: [guid level name:OW_A6_Static_FAR] Guid 0001295B000000000000000000000000 isn't loaded yet for cross level reference [StaticMeshComponent Under_B4_OW_ALOD_A9.TheWorld:PersistentLevel.StaticMeshCollectionActor_855.StaticMeshActor_SMC_68:ReplacementPrimitive]
[7173.20] Log: WARNING: [guid level name:OW_A6_Static_FAR] Guid 0001295B000000000000000000000000 isn't loaded yet for cross level reference [StaticMeshComponent Under_B4_OW_ALOD_A9.TheWorld:PersistentLevel.StaticMeshCollectionActor_855.StaticMeshActor_SMC_69:ReplacementPrimitive]
[7173.20] Log: WARNING: [guid level name:OW_A6_Static_FAR] Guid 0001295B000000000000000000000000 isn't loaded yet for cross level reference [StaticMeshComponent Under_B4_OW_ALOD_A9.TheWorld:PersistentLevel.StaticMeshCollectionActor_855.StaticMeshActor_SMC_70:ReplacementPrimitive]
[7173.20] Log: WARNING: [guid level name:OW_A6_Static_FAR] Guid 0001295B000000000000000000000000 isn't loaded yet for cross level reference [StaticMeshComponent Under_B4_OW_ALOD_A9.TheWorld:PersistentLevel.StaticMeshCollectionActor_855.StaticMeshActor_SMC_71:ReplacementPrimitive]
[7173.20] Log: WARNING: [guid level name:OW_A6_Static_FAR] Guid 0001295B000000000000000000000000 isn't loaded yet for cross level reference [StaticMeshComponent Under_B4_OW_ALOD_A9.TheWorld:PersistentLevel.StaticMeshCollectionActor_855.StaticMeshActor_SMC_715:ReplacementPrimitive]
[7173.20] Log: WARNING: [guid level name:OW_A6_Static_FAR] Guid 0001295B000000000000000000000000 isn't loaded yet for cross level reference [StaticMeshComponent Under_B4_OW_ALOD_A9.TheWorld:PersistentLevel.StaticMeshCollectionActor_855.StaticMeshActor_SMC_934:ReplacementPrimitive]
[7173.20] Log: WARNING: [guid level name:OW_A6_Static_FAR] Guid 0001295B000000000000000000000000 isn't loaded yet for cross level reference [StaticMeshComponent Under_B4_OW_ALOD_A9.TheWorld:PersistentLevel.StaticMeshCollectionActor_856.StaticMeshActor_SMC_289:ReplacementPrimitive]
[7173.32] Log: WARNING: [guid level name:OW_A6_Static_FAR] Guid 000129D8000000000000000000000000 isn't loaded yet for cross level reference [StaticMeshComponent Under_B4_OW_ALOD_A7.TheWorld:PersistentLevel.StaticMeshCollectionActor_503.StaticMeshActor_SMC_0:ReplacementPrimitive]
[7173.32] Log: WARNING: [guid level name:OW_A6_Static_FAR] Guid 000129D8000000000000000000000000 isn't loaded yet for cross level reference [StaticMeshComponent Under_B4_OW_ALOD_A7.TheWorld:PersistentLevel.StaticMeshCollectionActor_503.StaticMeshActor_SMC_1:ReplacementPrimitive]
[7173.32] Log: WARNING: [guid level name:OW_A6_Static_FAR] Guid 000129D8000000000000000000000000 isn't loaded yet for cross level reference [StaticMeshComponent Under_B4_OW_ALOD_A7.TheWorld:PersistentLevel.StaticMeshCollectionActor_503.StaticMeshActor_SMC_1217:ReplacementPrimitive]
[7173.32] Log: WARNING: [guid level name:OW_A6_Static_FAR] Guid 000129D8000000000000000000000000 isn't loaded yet for cross level reference [StaticMeshComponent Under_B4_OW_ALOD_A7.TheWorld:PersistentLevel.StaticMeshCollectionActor_503.StaticMeshActor_SMC_1265:ReplacementPrimitive]
[7173.32] Log: WARNING: [guid level name:OW_A6_Static_FAR] Guid 000129D8000000000000000000000000 isn't loaded yet for cross level reference [StaticMeshComponent Under_B4_OW_ALOD_A7.TheWorld:PersistentLevel.StaticMeshCollectionActor_503.StaticMeshActor_SMC_142:ReplacementPrimitive]
[7173.32] Log: WARNING: [guid level name:OW_A6_Static_FAR] Guid 000129D8000000000000000000000000 isn't loaded yet for cross level reference [StaticMeshComponent Under_B4_OW_ALOD_A7.TheWorld:PersistentLevel.StaticMeshCollectionActor_503.StaticMeshActor_SMC_143:ReplacementPrimitive]
[7173.32] Log: WARNING: [guid level name:OW_A6_Static_FAR] Guid 000129D8000000000000000000000000 isn't loaded yet for cross level reference [StaticMeshComponent Under_B4_OW_ALOD_A7.TheWorld:PersistentLevel.StaticMeshCollectionActor_503.StaticMeshActor_SMC_144:ReplacementPrimitive]
[7173.32] Log: WARNING: [guid level name:OW_A6_Static_FAR] Guid 000129D8000000000000000000000000 isn't loaded yet for cross level reference [StaticMeshComponent Under_B4_OW_ALOD_A7.TheWorld:PersistentLevel.StaticMeshCollectionActor_503.StaticMeshActor_SMC_145:ReplacementPrimitive]
[7173.32] Log: WARNING: [guid level name:OW_A6_Static_FAR] Guid 000129D8000000000000000000000000 isn't loaded yet for cross level reference [StaticMeshComponent Under_B4_OW_ALOD_A7.TheWorld:PersistentLevel.StaticMeshCollectionActor_503.StaticMeshActor_SMC_146:ReplacementPrimitive]
[7173.32] Log: WARNING: [guid level name:OW_A6_Static_FAR] Guid 000129D8000000000000000000000000 isn't loaded yet for cross level reference [StaticMeshComponent Under_B4_OW_ALOD_A7.TheWorld:PersistentLevel.StaticMeshCollectionActor_503.StaticMeshActor_SMC_147:ReplacementPrimitive]
[7173.32] Log: WARNING: [guid level name:OW_A6_Static_FAR] Guid 000129D8000000000000000000000000 isn't loaded yet for cross level reference [StaticMeshComponent Under_B4_OW_ALOD_A7.TheWorld:PersistentLevel.StaticMeshCollectionActor_503.StaticMeshActor_SMC_150:ReplacementPrimitive]
[7173.32] Log: WARNING: [guid level name:OW_A6_Static_FAR] Guid 000129D8000000000000000000000000 isn't loaded yet for cross level reference [StaticMeshComponent Under_B4_OW_ALOD_A7.TheWorld:PersistentLevel.StaticMeshCollectionActor_503.StaticMeshActor_SMC_151:ReplacementPrimitive]
[7173.32] Log: WARNING: [guid level name:OW_A6_Static_FAR] Guid 000129D8000000000000000000000000 isn't loaded yet for cross level reference [StaticMeshComponent Under_B4_OW_ALOD_A7.TheWorld:PersistentLevel.StaticMeshCollectionActor_503.StaticMeshActor_SMC_1662:ReplacementPrimitive]
[7173.32] Log: WARNING: [guid level name:OW_A6_Static_FAR] Guid 000129D8000000000000000000000000 isn't loaded yet for cross level reference [StaticMeshComponent Under_B4_OW_ALOD_A7.TheWorld:PersistentLevel.StaticMeshCollectionActor_503.StaticMeshActor_SMC_2:ReplacementPrimitive]
[7173.32] Log: WARNING: [guid level name:OW_A6_Static_FAR] Guid 000129D8000000000000000000000000 isn't loaded yet for cross level reference [StaticMeshComponent Under_B4_OW_ALOD_A7.TheWorld:PersistentLevel.StaticMeshCollectionActor_503.StaticMeshActor_SMC_3:ReplacementPrimitive]
[7173.32] Log: WARNING: [guid level name:OW_A6_Static_FAR] Guid 000129D8000000000000000000000000 isn't loaded yet for cross level reference [StaticMeshComponent Under_B4_OW_ALOD_A7.TheWorld:PersistentLevel.StaticMeshCollectionActor_503.StaticMeshActor_SMC_5:ReplacementPrimitive]
[7173.32] Log: WARNING: [guid level name:OW_A6_Static_FAR] Guid 000129D8000000000000000000000000 isn't loaded yet for cross level reference [StaticMeshComponent Under_B4_OW_ALOD_A7.TheWorld:PersistentLevel.StaticMeshCollectionActor_503.StaticMeshActor_SMC_6:ReplacementPrimitive]
[7173.32] Log: WARNING: [guid level name:OW_A6_Static_FAR] Guid 000129D8000000000000000000000000 isn't loaded yet for cross level reference [StaticMeshComponent Under_B4_OW_ALOD_A7.TheWorld:PersistentLevel.StaticMeshCollectionActor_503.StaticMeshActor_SMC_7:ReplacementPrimitive]
[7173.32] Log: WARNING: [guid level name:OW_A6_Static_FAR] Guid 000129D8000000000000000000000000 isn't loaded yet for cross level reference [StaticMeshComponent Under_B4_OW_ALOD_A7.TheWorld:PersistentLevel.StaticMeshCollectionActor_503.StaticMeshActor_SMC_77:ReplacementPrimitive]
[7173.32] Log: WARNING: [guid level name:OW_A6_Static_FAR] Guid 000129D8000000000000000000000000 isn't loaded yet for cross level reference [StaticMeshComponent Under_B4_OW_ALOD_A7.TheWorld:PersistentLevel.StaticMeshCollectionActor_503.StaticMeshActor_SMC_781:ReplacementPrimitive]
[7173.32] Log: WARNING: [guid level name:OW_A6_Static_FAR] Guid 000129D8000000000000000000000000 isn't loaded yet for cross level reference [StaticMeshComponent Under_B4_OW_ALOD_A7.TheWorld:PersistentLevel.StaticMeshCollectionActor_503.StaticMeshActor_SMC_8:ReplacementPrimitive]
[7173.32] Log: WARNING: [guid level name:OW_A6_Static_FAR] Guid 000129D8000000000000000000000000 isn't loaded yet for cross level reference [StaticMeshComponent Under_B4_OW_ALOD_A7.TheWorld:PersistentLevel.StaticMeshCollectionActor_503.StaticMeshActor_SMC_80:ReplacementPrimitive]
[7173.32] Log: WARNING: [guid level name:OW_A6_Static_FAR] Guid 000129D8000000000000000000000000 isn't loaded yet for cross level reference [StaticMeshComponent Under_B4_OW_ALOD_A7.TheWorld:PersistentLevel.StaticMeshCollectionActor_503.StaticMeshActor_SMC_86:ReplacementPrimitive]
[7173.32] Log: WARNING: [guid level name:OW_A6_Static_FAR] Guid 000129D8000000000000000000000000 isn't loaded yet for cross level reference [StaticMeshComponent Under_B4_OW_ALOD_A7.TheWorld:PersistentLevel.StaticMeshCollectionActor_503.StaticMeshActor_SMC_934:ReplacementPrimitive]
[7173.32] Log: WARNING: [guid level name:OW_A6_Static_FAR] Guid 000129D8000000000000000000000000 isn't loaded yet for cross level reference [StaticMeshComponent Under_B4_OW_ALOD_A7.TheWorld:PersistentLevel.StaticMeshCollectionActor_503.StaticMeshActor_SMC_980:ReplacementPrimitive]
[7173.41] Log: WARNING: [guid level name:OW_A1_Static_FAR] Guid 00012990000000000000000000000000 isn't loaded yet for cross level reference [StaticMeshComponent Under_B4_OW_ALOD_A3.TheWorld:PersistentLevel.StaticMeshCollectionActor_462.StaticMeshActor_SMC_0:ReplacementPrimitive]
[7173.41] Log: WARNING: [guid level name:OW_A1_Static_FAR] Guid 00012990000000000000000000000000 isn't loaded yet for cross level reference [StaticMeshComponent Under_B4_OW_ALOD_A3.TheWorld:PersistentLevel.StaticMeshCollectionActor_462.StaticMeshActor_SMC_1:ReplacementPrimitive]
[7173.41] Log: WARNING: [guid level name:OW_A1_Static_FAR] Guid 00012990000000000000000000000000 isn't loaded yet for cross level reference [StaticMeshComponent Under_B4_OW_ALOD_A3.TheWorld:PersistentLevel.StaticMeshCollectionActor_462.StaticMeshActor_SMC_129:ReplacementPrimitive]
[7173.41] Log: WARNING: [guid level name:OW_A1_Static_FAR] Guid 00012990000000000000000000000000 isn't loaded yet for cross level reference [StaticMeshComponent Under_B4_OW_ALOD_A3.TheWorld:PersistentLevel.StaticMeshCollectionActor_462.StaticMeshActor_SMC_131:ReplacementPrimitive]
[7173.41] Log: WARNING: [guid level name:OW_A1_Static_FAR] Guid 00012990000000000000000000000000 isn't loaded yet for cross level reference [StaticMeshComponent Under_B4_OW_ALOD_A3.TheWorld:PersistentLevel.StaticMeshCollectionActor_462.StaticMeshActor_SMC_132:ReplacementPrimitive]
[7173.41] Log: WARNING: [guid level name:OW_A1_Static_FAR] Guid 00012990000000000000000000000000 isn't loaded yet for cross level reference [StaticMeshComponent Under_B4_OW_ALOD_A3.TheWorld:PersistentLevel.StaticMeshCollectionActor_462.StaticMeshActor_SMC_133:ReplacementPrimitive]
[7173.41] Log: WARNING: [guid level name:OW_A1_Static_FAR] Guid 00012990000000000000000000000000 isn't loaded yet for cross level reference [StaticMeshComponent Under_B4_OW_ALOD_A3.TheWorld:PersistentLevel.StaticMeshCollectionActor_462.StaticMeshActor_SMC_134:ReplacementPrimitive]
[7173.41] Log: WARNING: [guid level name:OW_A1_Static_FAR] Guid 00012990000000000000000000000000 isn't loaded yet for cross level reference [StaticMeshComponent Under_B4_OW_ALOD_A3.TheWorld:PersistentLevel.StaticMeshCollectionActor_462.StaticMeshActor_SMC_2:ReplacementPrimitive]
[7173.41] Log: WARNING: [guid level name:OW_A1_Static_FAR] Guid 00012990000000000000000000000000 isn't loaded yet for cross level reference [StaticMeshComponent Under_B4_OW_ALOD_A3.TheWorld:PersistentLevel.StaticMeshCollectionActor_462.StaticMeshActor_SMC_3:ReplacementPrimitive]
[7173.41] Log: WARNING: [guid level name:OW_A1_Static_FAR] Guid 00012990000000000000000000000000 isn't loaded yet for cross level reference [StaticMeshComponent Under_B4_OW_ALOD_A3.TheWorld:PersistentLevel.StaticMeshCollectionActor_462.StaticMeshActor_SMC_30:ReplacementPrimitive]
[7173.41] Log: WARNING: [guid level name:OW_A1_Static_FAR] Guid 00012990000000000000000000000000 isn't loaded yet for cross level reference [StaticMeshComponent Under_B4_OW_ALOD_A3.TheWorld:PersistentLevel.StaticMeshCollectionActor_462.StaticMeshActor_SMC_31:ReplacementPrimitive]
[7173.41] Log: WARNING: [guid level name:OW_A1_Static_FAR] Guid 00012990000000000000000000000000 isn't loaded yet for cross level reference [StaticMeshComponent Under_B4_OW_ALOD_A3.TheWorld:PersistentLevel.StaticMeshCollectionActor_462.StaticMeshActor_SMC_32:ReplacementPrimitive]
[7173.41] Log: WARNING: [guid level name:OW_A1_Static_FAR] Guid 00012990000000000000000000000000 isn't loaded yet for cross level reference [StaticMeshComponent Under_B4_OW_ALOD_A3.TheWorld:PersistentLevel.StaticMeshCollectionActor_462.StaticMeshActor_SMC_33:ReplacementPrimitive]
[7173.41] Log: WARNING: [guid level name:OW_A1_Static_FAR] Guid 00012990000000000000000000000000 isn't loaded yet for cross level reference [StaticMeshComponent Under_B4_OW_ALOD_A3.TheWorld:PersistentLevel.StaticMeshCollectionActor_462.StaticMeshActor_SMC_376:ReplacementPrimitive]
[7173.41] Log: WARNING: [guid level name:OW_A1_Static_FAR] Guid 00012990000000000000000000000000 isn't loaded yet for cross level reference [StaticMeshComponent Under_B4_OW_ALOD_A3.TheWorld:PersistentLevel.StaticMeshCollectionActor_462.StaticMeshActor_SMC_377:ReplacementPrimitive]
[7173.41] Log: WARNING: [guid level name:OW_A1_Static_FAR] Guid 00012990000000000000000000000000 isn't loaded yet for cross level reference [StaticMeshComponent Under_B4_OW_ALOD_A3.TheWorld:PersistentLevel.StaticMeshCollectionActor_462.StaticMeshActor_SMC_4:ReplacementPrimitive]
[7173.41] Log: WARNING: [guid level name:OW_A1_Static_FAR] Guid 00012990000000000000000000000000 isn't loaded yet for cross level reference [StaticMeshComponent Under_B4_OW_ALOD_A3.TheWorld:PersistentLevel.StaticMeshCollectionActor_462.StaticMeshActor_SMC_82:ReplacementPrimitive]
[7173.41] Log: WARNING: [guid level name:OW_A1_Static_FAR] Guid 00012990000000000000000000000000 isn't loaded yet for cross level reference [StaticMeshComponent Under_B4_OW_ALOD_A3.TheWorld:PersistentLevel.StaticMeshCollectionActor_462.StaticMeshActor_SMC_83:ReplacementPrimitive]
[8152.15] DevMemory: Virtual  memory allocation size: 380.36 MByte (398840168 Bytes)
[8152.15] DevMemory: Physical memory allocation size: 527.89 MByte (553537536 Bytes)
[9599.65] Log: WARNING: [guid level name:OW_A3_Ch9bc_Static_FAR] Guid 0003AC71000000000000000000000000 isn't loaded yet for cross level reference [StaticMeshComponent OW_A3_Ch9bc_Static_LOD.TheWorld:PersistentLevel.StaticMeshCollectionActor_77.StaticMeshActor_SMC_2:ReplacementPrimitive]
[10016.77] Log: WARNING: [guid level name:OW_A3_Ch9bc_Static_FAR] Guid 0003AC71000000000000000000000000 isn't loaded yet for cross level reference [StaticMeshComponent OW_A3_Ch9bc_Static_LOD.TheWorld:PersistentLevel.StaticMeshCollectionActor_77.StaticMeshActor_SMC_2:ReplacementPrimitive]
[10413.57] DevMemory: Virtual  memory allocation size: 386.59 MByte (405368648 Bytes)
[10413.57] DevMemory: Physical memory allocation size: 552.97 MByte (579833856 Bytes)
[11583.98] DevMemory: Virtual  memory allocation size: 376.35 MByte (394626800 Bytes)
[11583.98] DevMemory: Physical memory allocation size: 549.91 MByte (576618496 Bytes)
[11865.53] DevMemory: Virtual  memory allocation size: 375.25 MByte (393478000 Bytes)
[11865.53] DevMemory: Physical memory allocation size: 547.41 MByte (574005248 Bytes)
[12749.97] Log: WARNING: [guid level name:PDLCOW_C6_Static_LOD] Guid 0003DDC8000000000000000000000000 isn't loaded yet for cross level reference [StaticMeshComponent PDLCOW_C1_Static_FAR.TheWorld:PersistentLevel.StaticMeshCollectionActor_382.StaticMeshActor_SMC_4610:ReplacementPrimitive]
[12749.97] Log: WARNING: [guid level name:PDLCOW_C6_Static_LOD] Guid 0003DDC8000000000000000000000000 isn't loaded yet for cross level reference [StaticMeshComponent PDLCOW_C1_Static_FAR.TheWorld:PersistentLevel.StaticMeshCollectionActor_382.StaticMeshActor_SMC_4611:ReplacementPrimitive]
[12749.97] Log: WARNING: [guid level name:PDLCOW_C6_Static_LOD] Guid 0003DDC8000000000000000000000000 isn't loaded yet for cross level reference [StaticMeshComponent PDLCOW_C1_Static_FAR.TheWorld:PersistentLevel.StaticMeshCollectionActor_382.StaticMeshActor_SMC_4614:ReplacementPrimitive]
[12750.25] Log: WARNING: [guid level name:PDLCOW_C5_Static_LOD] Guid 0003DCC4000000000000000000000000 isn't loaded yet for cross level reference [StaticMeshComponent PDLCOW_A1_Static_FAR.TheWorld:PersistentLevel.StaticMeshCollectionActor_455.StaticMeshActor_SMC_2358:ReplacementPrimitive]
[12750.25] Log: WARNING: [guid level name:PDLCOW_C5_Static_LOD] Guid 0003DCC4000000000000000000000000 isn't loaded yet for cross level reference [StaticMeshComponent PDLCOW_A1_Static_FAR.TheWorld:PersistentLevel.StaticMeshCollectionActor_455.StaticMeshActor_SMC_2361:ReplacementPrimitive]
[12750.25] Log: WARNING: [guid level name:PDLCOW_C5_Static_LOD] Guid 0003DCC1000000000000000000000000 isn't loaded yet for cross level reference [StaticMeshComponent PDLCOW_A1_Static_FAR.TheWorld:PersistentLevel.StaticMeshCollectionActor_457.StaticMeshActor_SMC_2366:ReplacementPrimitive]
[12750.25] Log: WARNING: [guid level name:PDLCOW_C5_Static_LOD] Guid 0003DCC1000000000000000000000000 isn't loaded yet for cross level reference [StaticMeshComponent PDLCOW_A1_Static_FAR.TheWorld:PersistentLevel.StaticMeshCollectionActor_457.StaticMeshActor_SMC_2367:ReplacementPrimitive]
[12750.25] Log: WARNING: [guid level name:PDLCOW_C5_Static_LOD] Guid 0003DCC1000000000000000000000000 isn't loaded yet for cross level reference [StaticMeshComponent PDLCOW_A1_Static_FAR.TheWorld:PersistentLevel.StaticMeshCollectionActor_457.StaticMeshActor_SMC_2368:ReplacementPrimitive]
[12750.25] Log: WARNING: [guid level name:PDLCOW_C5_Static_LOD] Guid 0003DCC1000000000000000000000000 isn't loaded yet for cross level reference [StaticMeshComponent PDLCOW_A1_Static_FAR.TheWorld:PersistentLevel.StaticMeshCollectionActor_457.StaticMeshActor_SMC_2370:ReplacementPrimitive]
[12750.25] Log: WARNING: [guid level name:PDLCOW_C5_Static_LOD] Guid 0003DCC2000000000000000000000000 isn't loaded yet for cross level reference [StaticMeshComponent PDLCOW_A1_Static_FAR.TheWorld:PersistentLevel.StaticMeshCollectionActor_457.StaticMeshActor_SMC_2371:ReplacementPrimitive]
[12750.25] Log: WARNING: [guid level name:PDLCOW_C5_Static_LOD] Guid 0003DCC2000000000000000000000000 isn't loaded yet for cross level reference [StaticMeshComponent PDLCOW_A1_Static_FAR.TheWorld:PersistentLevel.StaticMeshCollectionActor_457.StaticMeshActor_SMC_2372:ReplacementPrimitive]
[12750.25] Log: WARNING: [guid level name:PDLCOW_C5_Static_LOD] Guid 0003DCC1000000000000000000000000 isn't loaded yet for cross level reference [StaticMeshComponent PDLCOW_A1_Static_FAR.TheWorld:PersistentLevel.StaticMeshCollectionActor_457.StaticMeshActor_SMC_2378:ReplacementPrimitive]
[13128.75] Log: WARNING: [guid level name:PDLCOW_C6_Static_LOD] Guid 0003DDC8000000000000000000000000 isn't loaded yet for cross level reference [StaticMeshComponent PDLCOW_C1_Static_FAR.TheWorld:PersistentLevel.StaticMeshCollectionActor_382.StaticMeshActor_SMC_4610:ReplacementPrimitive]
[13128.75] Log: WARNING: [guid level name:PDLCOW_C6_Static_LOD] Guid 0003DDC8000000000000000000000000 isn't loaded yet for cross level reference [StaticMeshComponent PDLCOW_C1_Static_FAR.TheWorld:PersistentLevel.StaticMeshCollectionActor_382.StaticMeshActor_SMC_4611:ReplacementPrimitive]
[13128.75] Log: WARNING: [guid level name:PDLCOW_C6_Static_LOD] Guid 0003DDC8000000000000000000000000 isn't loaded yet for cross level reference [StaticMeshComponent PDLCOW_C1_Static_FAR.TheWorld:PersistentLevel.StaticMeshCollectionActor_382.StaticMeshActor_SMC_4614:ReplacementPrimitive]
[13129.01] Log: WARNING: [guid level name:PDLCOW_C5_Static_LOD] Guid 0003DCC4000000000000000000000000 isn't loaded yet for cross level reference [StaticMeshComponent PDLCOW_A1_Static_FAR.TheWorld:PersistentLevel.StaticMeshCollectionActor_455.StaticMeshActor_SMC_2358:ReplacementPrimitive]
[13129.01] Log: WARNING: [guid level name:PDLCOW_C5_Static_LOD] Guid 0003DCC4000000000000000000000000 isn't loaded yet for cross level reference [StaticMeshComponent PDLCOW_A1_Static_FAR.TheWorld:PersistentLevel.StaticMeshCollectionActor_455.StaticMeshActor_SMC_2361:ReplacementPrimitive]
[13129.01] Log: WARNING: [guid level name:PDLCOW_C5_Static_LOD] Guid 0003DCC1000000000000000000000000 isn't loaded yet for cross level reference [StaticMeshComponent PDLCOW_A1_Static_FAR.TheWorld:PersistentLevel.StaticMeshCollectionActor_457.StaticMeshActor_SMC_2366:ReplacementPrimitive]
[13129.01] Log: WARNING: [guid level name:PDLCOW_C5_Static_LOD] Guid 0003DCC1000000000000000000000000 isn't loaded yet for cross level reference [StaticMeshComponent PDLCOW_A1_Static_FAR.TheWorld:PersistentLevel.StaticMeshCollectionActor_457.StaticMeshActor_SMC_2367:ReplacementPrimitive]
[13129.01] Log: WARNING: [guid level name:PDLCOW_C5_Static_LOD] Guid 0003DCC1000000000000000000000000 isn't loaded yet for cross level reference [StaticMeshComponent PDLCOW_A1_Static_FAR.TheWorld:PersistentLevel.StaticMeshCollectionActor_457.StaticMeshActor_SMC_2368:ReplacementPrimitive]
[13129.01] Log: WARNING: [guid level name:PDLCOW_C5_Static_LOD] Guid 0003DCC1000000000000000000000000 isn't loaded yet for cross level reference [StaticMeshComponent PDLCOW_A1_Static_FAR.TheWorld:PersistentLevel.StaticMeshCollectionActor_457.StaticMeshActor_SMC_2370:ReplacementPrimitive]
[13129.01] Log: WARNING: [guid level name:PDLCOW_C5_Static_LOD] Guid 0003DCC2000000000000000000000000 isn't loaded yet for cross level reference [StaticMeshComponent PDLCOW_A1_Static_FAR.TheWorld:PersistentLevel.StaticMeshCollectionActor_457.StaticMeshActor_SMC_2371:ReplacementPrimitive]
[13129.01] Log: WARNING: [guid level name:PDLCOW_C5_Static_LOD] Guid 0003DCC2000000000000000000000000 isn't loaded yet for cross level reference [StaticMeshComponent PDLCOW_A1_Static_FAR.TheWorld:PersistentLevel.StaticMeshCollectionActor_457.StaticMeshActor_SMC_2372:ReplacementPrimitive]
[13129.01] Log: WARNING: [guid level name:PDLCOW_C5_Static_LOD] Guid 0003DCC1000000000000000000000000 isn't loaded yet for cross level reference [StaticMeshComponent PDLCOW_A1_Static_FAR.TheWorld:PersistentLevel.StaticMeshCollectionActor_457.StaticMeshActor_SMC_2378:ReplacementPrimitive]
[13136.45] DevMemory: Virtual  memory allocation size: 388.75 MByte (407632264 Bytes)
[13136.45] DevMemory: Physical memory allocation size: 544.78 MByte (571240448 Bytes)
[13149.16] Log: Closing by request
[13150.80] Log: Log file closed, 12/10/20 22:00:13
